{
  "/Users/kamaljain/Desktop/Desktop-04-11-2022/pesto-project/wedly-fr/app/configureStore.js": {
    "path": "/Users/kamaljain/Desktop/Desktop-04-11-2022/pesto-project/wedly-fr/app/configureStore.js",
    "statementMap": {
      "0": {
        "start": { "line": 11, "column": 25 },
        "end": { "line": 11, "column": 32 }
      },
      "1": {
        "start": { "line": 12, "column": 34 },
        "end": { "line": 12, "column": 36 }
      },
      "2": {
        "start": { "line": 30, "column": 25 },
        "end": { "line": 30, "column": 70 }
      },
      "3": {
        "start": { "line": 35, "column": 22 },
        "end": { "line": 35, "column": 65 }
      },
      "4": {
        "start": { "line": 37, "column": 20 },
        "end": { "line": 37, "column": 53 }
      },
      "5": {
        "start": { "line": 39, "column": 16 },
        "end": { "line": 43, "column": 3 }
      },
      "6": {
        "start": { "line": 46, "column": 2 },
        "end": { "line": 46, "column": 37 }
      },
      "7": {
        "start": { "line": 47, "column": 2 },
        "end": { "line": 47, "column": 30 }
      },
      "8": {
        "start": { "line": 48, "column": 2 },
        "end": { "line": 48, "column": 27 }
      },
      "9": {
        "start": { "line": 57, "column": 2 },
        "end": { "line": 57, "column": 15 }
      }
    },
    "fnMap": {
      "0": {
        "name": "configureStore",
        "decl": {
          "start": { "line": 10, "column": 24 },
          "end": { "line": 10, "column": 38 }
        },
        "loc": {
          "start": { "line": 10, "column": 67 },
          "end": { "line": 58, "column": 1 }
        },
        "line": 10
      }
    },
    "branchMap": {
      "0": {
        "loc": {
          "start": { "line": 10, "column": 39 },
          "end": { "line": 10, "column": 56 }
        },
        "type": "default-arg",
        "locations": [
          {
            "start": { "line": 10, "column": 54 },
            "end": { "line": 10, "column": 56 }
          }
        ],
        "line": 10
      }
    },
    "s": {
      "0": 0,
      "1": 0,
      "2": 0,
      "3": 0,
      "4": 0,
      "5": 0,
      "6": 0,
      "7": 0,
      "8": 0,
      "9": 0
    },
    "f": { "0": 0 },
    "b": { "0": [0] }
  },
  "/Users/kamaljain/Desktop/Desktop-04-11-2022/pesto-project/wedly-fr/app/i18n.js": {
    "path": "/Users/kamaljain/Desktop/Desktop-04-11-2022/pesto-project/wedly-fr/app/i18n.js",
    "statementMap": {
      "0": {
        "start": { "line": 10, "column": 22 },
        "end": { "line": 10, "column": 57 }
      },
      "1": {
        "start": { "line": 11, "column": 21 },
        "end": { "line": 11, "column": 57 }
      },
      "2": {
        "start": { "line": 12, "column": 21 },
        "end": { "line": 12, "column": 57 }
      },
      "3": {
        "start": { "line": 14, "column": 30 },
        "end": { "line": 14, "column": 63 }
      },
      "4": {
        "start": { "line": 15, "column": 30 },
        "end": { "line": 15, "column": 63 }
      },
      "5": {
        "start": { "line": 17, "column": 0 },
        "end": { "line": 17, "column": 28 }
      },
      "6": {
        "start": { "line": 18, "column": 0 },
        "end": { "line": 18, "column": 28 }
      },
      "7": {
        "start": { "line": 20, "column": 23 },
        "end": { "line": 20, "column": 27 }
      },
      "8": {
        "start": { "line": 23, "column": 19 },
        "end": { "line": 26, "column": 1 }
      },
      "9": {
        "start": { "line": 28, "column": 34 },
        "end": { "line": 41, "column": 1 }
      },
      "10": {
        "start": { "line": 30, "column": 4 },
        "end": { "line": 32, "column": 10 }
      },
      "11": {
        "start": { "line": 33, "column": 35 },
        "end": { "line": 39, "column": 3 }
      },
      "12": {
        "start": { "line": 35, "column": 6 },
        "end": { "line": 37, "column": 23 }
      },
      "13": {
        "start": { "line": 38, "column": 4 },
        "end": { "line": 38, "column": 73 }
      },
      "14": {
        "start": { "line": 40, "column": 2 },
        "end": { "line": 40, "column": 68 }
      },
      "15": {
        "start": { "line": 43, "column": 28 },
        "end": { "line": 46, "column": 1 }
      },
      "16": {
        "start": { "line": 48, "column": 0 },
        "end": { "line": 48, "column": 32 }
      },
      "17": {
        "start": { "line": 49, "column": 0 },
        "end": { "line": 49, "column": 62 }
      },
      "18": {
        "start": { "line": 50, "column": 0 },
        "end": { "line": 50, "column": 50 }
      },
      "19": {
        "start": { "line": 51, "column": 0 },
        "end": { "line": 51, "column": 40 }
      }
    },
    "fnMap": {
      "0": {
        "name": "(anonymous_0)",
        "decl": {
          "start": { "line": 28, "column": 34 },
          "end": { "line": 28, "column": 35 }
        },
        "loc": {
          "start": { "line": 28, "column": 56 },
          "end": { "line": 41, "column": 1 }
        },
        "line": 28
      },
      "1": {
        "name": "(anonymous_1)",
        "decl": {
          "start": { "line": 33, "column": 35 },
          "end": { "line": 33, "column": 36 }
        },
        "loc": {
          "start": { "line": 33, "column": 63 },
          "end": { "line": 39, "column": 3 }
        },
        "line": 33
      }
    },
    "branchMap": {
      "0": {
        "loc": {
          "start": { "line": 30, "column": 4 },
          "end": { "line": 32, "column": 10 }
        },
        "type": "cond-expr",
        "locations": [
          {
            "start": { "line": 31, "column": 8 },
            "end": { "line": 31, "column": 72 }
          },
          {
            "start": { "line": 32, "column": 8 },
            "end": { "line": 32, "column": 10 }
          }
        ],
        "line": 30
      },
      "1": {
        "loc": {
          "start": { "line": 35, "column": 6 },
          "end": { "line": 37, "column": 23 }
        },
        "type": "cond-expr",
        "locations": [
          {
            "start": { "line": 36, "column": 10 },
            "end": { "line": 36, "column": 39 }
          },
          {
            "start": { "line": 37, "column": 10 },
            "end": { "line": 37, "column": 23 }
          }
        ],
        "line": 35
      },
      "2": {
        "loc": {
          "start": { "line": 35, "column": 6 },
          "end": { "line": 35, "column": 49 }
        },
        "type": "binary-expr",
        "locations": [
          {
            "start": { "line": 35, "column": 6 },
            "end": { "line": 35, "column": 20 }
          },
          {
            "start": { "line": 35, "column": 24 },
            "end": { "line": 35, "column": 49 }
          }
        ],
        "line": 35
      }
    },
    "s": {
      "0": 5,
      "1": 5,
      "2": 5,
      "3": 5,
      "4": 5,
      "5": 5,
      "6": 5,
      "7": 5,
      "8": 5,
      "9": 5,
      "10": 15,
      "11": 15,
      "12": 425,
      "13": 425,
      "14": 15,
      "15": 5,
      "16": 5,
      "17": 5,
      "18": 5,
      "19": 5
    },
    "f": { "0": 15, "1": 425 },
    "b": { "0": [5, 10], "1": [40, 385], "2": [425, 40] },
    "_coverageSchema": "43e27e138ebf9cfc5966b082cf9a028302ed4184",
    "hash": "eb7c73999198548f9ba3d1b695ab41c2c7e41a18"
  },
  "/Users/kamaljain/Desktop/Desktop-04-11-2022/pesto-project/wedly-fr/app/reducers.js": {
    "path": "/Users/kamaljain/Desktop/Desktop-04-11-2022/pesto-project/wedly-fr/app/reducers.js",
    "statementMap": {
      "0": {
        "start": { "line": 16, "column": 22 },
        "end": { "line": 21, "column": 4 }
      },
      "1": {
        "start": { "line": 23, "column": 2 },
        "end": { "line": 23, "column": 21 }
      }
    },
    "fnMap": {
      "0": {
        "name": "createReducer",
        "decl": {
          "start": { "line": 15, "column": 24 },
          "end": { "line": 15, "column": 37 }
        },
        "loc": {
          "start": { "line": 15, "column": 61 },
          "end": { "line": 24, "column": 1 }
        },
        "line": 15
      }
    },
    "branchMap": {
      "0": {
        "loc": {
          "start": { "line": 15, "column": 38 },
          "end": { "line": 15, "column": 59 }
        },
        "type": "default-arg",
        "locations": [
          {
            "start": { "line": 15, "column": 57 },
            "end": { "line": 15, "column": 59 }
          }
        ],
        "line": 15
      }
    },
    "s": { "0": 0, "1": 0 },
    "f": { "0": 0 },
    "b": { "0": [0] }
  },
  "/Users/kamaljain/Desktop/Desktop-04-11-2022/pesto-project/wedly-fr/app/components/A/index.js": {
    "path": "/Users/kamaljain/Desktop/Desktop-04-11-2022/pesto-project/wedly-fr/app/components/A/index.js",
    "statementMap": {
      "0": {
        "start": { "line": 7, "column": 10 },
        "end": { "line": 13, "column": 1 }
      }
    },
    "fnMap": {},
    "branchMap": {},
    "s": { "0": 0 },
    "f": {},
    "b": {}
  },
  "/Users/kamaljain/Desktop/Desktop-04-11-2022/pesto-project/wedly-fr/app/components/AboutUsSection/index.js": {
    "path": "/Users/kamaljain/Desktop/Desktop-04-11-2022/pesto-project/wedly-fr/app/components/AboutUsSection/index.js",
    "statementMap": {
      "0": {
        "start": { "line": 4, "column": 2 },
        "end": { "line": 19, "column": 4 }
      }
    },
    "fnMap": {
      "0": {
        "name": "AboutUs",
        "decl": {
          "start": { "line": 3, "column": 9 },
          "end": { "line": 3, "column": 16 }
        },
        "loc": {
          "start": { "line": 3, "column": 19 },
          "end": { "line": 20, "column": 1 }
        },
        "line": 3
      }
    },
    "branchMap": {},
    "s": { "0": 0 },
    "f": { "0": 0 },
    "b": {}
  },
  "/Users/kamaljain/Desktop/Desktop-04-11-2022/pesto-project/wedly-fr/app/components/AddEventModal/index.js": {
    "path": "/Users/kamaljain/Desktop/Desktop-04-11-2022/pesto-project/wedly-fr/app/components/AddEventModal/index.js",
    "statementMap": {
      "0": {
        "start": { "line": 26, "column": 28 },
        "end": { "line": 26, "column": 78 }
      },
      "1": {
        "start": { "line": 27, "column": 2 },
        "end": { "line": 27, "column": 51 }
      },
      "2": {
        "start": { "line": 28, "column": 2 },
        "end": { "line": 28, "column": 45 }
      },
      "3": {
        "start": { "line": 29, "column": 28 },
        "end": { "line": 39, "column": 4 }
      },
      "4": {
        "start": { "line": 40, "column": 24 },
        "end": { "line": 55, "column": 3 }
      },
      "5": {
        "start": { "line": 41, "column": 28 },
        "end": { "line": 41, "column": 36 }
      },
      "6": {
        "start": { "line": 42, "column": 4 },
        "end": { "line": 54, "column": 7 }
      },
      "7": {
        "start": { "line": 43, "column": 6 },
        "end": { "line": 49, "column": 7 }
      },
      "8": {
        "start": { "line": 44, "column": 8 },
        "end": { "line": 48, "column": 10 }
      },
      "9": {
        "start": { "line": 50, "column": 6 },
        "end": { "line": 53, "column": 8 }
      },
      "10": {
        "start": { "line": 57, "column": 23 },
        "end": { "line": 59, "column": 3 }
      },
      "11": {
        "start": { "line": 58, "column": 4 },
        "end": { "line": 58, "column": 20 }
      },
      "12": {
        "start": { "line": 61, "column": 23 },
        "end": { "line": 83, "column": 3 }
      },
      "13": {
        "start": { "line": 62, "column": 4 },
        "end": { "line": 62, "column": 27 }
      },
      "14": {
        "start": { "line": 63, "column": 4 },
        "end": { "line": 82, "column": 5 }
      },
      "15": {
        "start": { "line": 64, "column": 6 },
        "end": { "line": 70, "column": 8 }
      },
      "16": {
        "start": { "line": 71, "column": 6 },
        "end": { "line": 71, "column": 25 }
      },
      "17": {
        "start": { "line": 73, "column": 6 },
        "end": { "line": 80, "column": 9 }
      },
      "18": {
        "start": { "line": 81, "column": 6 },
        "end": { "line": 81, "column": 56 }
      },
      "19": {
        "start": { "line": 85, "column": 22 },
        "end": { "line": 91, "column": 3 }
      },
      "20": {
        "start": { "line": 86, "column": 4 },
        "end": { "line": 90, "column": 5 }
      },
      "21": {
        "start": { "line": 87, "column": 6 },
        "end": { "line": 87, "column": 25 }
      },
      "22": {
        "start": { "line": 89, "column": 6 },
        "end": { "line": 89, "column": 56 }
      },
      "23": {
        "start": { "line": 93, "column": 2 },
        "end": { "line": 239, "column": 4 }
      },
      "24": {
        "start": { "line": 96, "column": 23 },
        "end": { "line": 96, "column": 41 }
      },
      "25": {
        "start": { "line": 105, "column": 10 },
        "end": { "line": 105, "column": 30 }
      },
      "26": {
        "start": { "line": 124, "column": 14 },
        "end": { "line": 126, "column": 23 }
      },
      "27": {
        "start": { "line": 201, "column": 14 },
        "end": { "line": 228, "column": 20 }
      },
      "28": {
        "start": { "line": 212, "column": 34 },
        "end": { "line": 215, "column": 21 }
      },
      "29": {
        "start": { "line": 217, "column": 20 },
        "end": { "line": 225, "column": 22 }
      },
      "30": {
        "start": { "line": 243, "column": 2 },
        "end": { "line": 250, "column": 4 }
      },
      "31": {
        "start": { "line": 245, "column": 6 },
        "end": { "line": 245, "column": 78 }
      },
      "32": {
        "start": { "line": 248, "column": 6 },
        "end": { "line": 248, "column": 50 }
      },
      "33": {
        "start": { "line": 253, "column": 20 },
        "end": { "line": 256, "column": 1 }
      }
    },
    "fnMap": {
      "0": {
        "name": "AddEventModal",
        "decl": {
          "start": { "line": 14, "column": 9 },
          "end": { "line": 14, "column": 22 }
        },
        "loc": {
          "start": { "line": 25, "column": 3 },
          "end": { "line": 240, "column": 1 }
        },
        "line": 25
      },
      "1": {
        "name": "(anonymous_1)",
        "decl": {
          "start": { "line": 40, "column": 24 },
          "end": { "line": 40, "column": 25 }
        },
        "loc": {
          "start": { "line": 40, "column": 31 },
          "end": { "line": 55, "column": 3 }
        },
        "line": 40
      },
      "2": {
        "name": "(anonymous_2)",
        "decl": {
          "start": { "line": 42, "column": 13 },
          "end": { "line": 42, "column": 14 }
        },
        "loc": {
          "start": { "line": 42, "column": 23 },
          "end": { "line": 54, "column": 5 }
        },
        "line": 42
      },
      "3": {
        "name": "(anonymous_3)",
        "decl": {
          "start": { "line": 57, "column": 23 },
          "end": { "line": 57, "column": 24 }
        },
        "loc": {
          "start": { "line": 57, "column": 34 },
          "end": { "line": 59, "column": 3 }
        },
        "line": 57
      },
      "4": {
        "name": "(anonymous_4)",
        "decl": {
          "start": { "line": 61, "column": 23 },
          "end": { "line": 61, "column": 24 }
        },
        "loc": {
          "start": { "line": 61, "column": 40 },
          "end": { "line": 83, "column": 3 }
        },
        "line": 61
      },
      "5": {
        "name": "(anonymous_5)",
        "decl": {
          "start": { "line": 85, "column": 22 },
          "end": { "line": 85, "column": 23 }
        },
        "loc": {
          "start": { "line": 85, "column": 33 },
          "end": { "line": 91, "column": 3 }
        },
        "line": 85
      },
      "6": {
        "name": "(anonymous_6)",
        "decl": {
          "start": { "line": 96, "column": 17 },
          "end": { "line": 96, "column": 18 }
        },
        "loc": {
          "start": { "line": 96, "column": 23 },
          "end": { "line": 96, "column": 41 }
        },
        "line": 96
      },
      "7": {
        "name": "(anonymous_7)",
        "decl": {
          "start": { "line": 104, "column": 18 },
          "end": { "line": 104, "column": 19 }
        },
        "loc": {
          "start": { "line": 104, "column": 29 },
          "end": { "line": 106, "column": 9 }
        },
        "line": 104
      },
      "8": {
        "name": "(anonymous_8)",
        "decl": {
          "start": { "line": 123, "column": 25 },
          "end": { "line": 123, "column": 26 }
        },
        "loc": {
          "start": { "line": 124, "column": 14 },
          "end": { "line": 126, "column": 23 }
        },
        "line": 124
      },
      "9": {
        "name": "(anonymous_9)",
        "decl": {
          "start": { "line": 195, "column": 13 },
          "end": { "line": 195, "column": 14 }
        },
        "loc": {
          "start": { "line": 201, "column": 14 },
          "end": { "line": 228, "column": 20 }
        },
        "line": 201
      },
      "10": {
        "name": "(anonymous_10)",
        "decl": {
          "start": { "line": 211, "column": 35 },
          "end": { "line": 211, "column": 36 }
        },
        "loc": {
          "start": { "line": 211, "column": 51 },
          "end": { "line": 226, "column": 19 }
        },
        "line": 211
      },
      "11": {
        "name": "mapDispatchToProps",
        "decl": {
          "start": { "line": 242, "column": 16 },
          "end": { "line": 242, "column": 34 }
        },
        "loc": {
          "start": { "line": 242, "column": 45 },
          "end": { "line": 251, "column": 1 }
        },
        "line": 242
      },
      "12": {
        "name": "(anonymous_12)",
        "decl": {
          "start": { "line": 244, "column": 14 },
          "end": { "line": 244, "column": 15 }
        },
        "loc": {
          "start": { "line": 244, "column": 60 },
          "end": { "line": 246, "column": 5 }
        },
        "line": 244
      },
      "13": {
        "name": "(anonymous_13)",
        "decl": {
          "start": { "line": 247, "column": 17 },
          "end": { "line": 247, "column": 18 }
        },
        "loc": {
          "start": { "line": 247, "column": 32 },
          "end": { "line": 249, "column": 5 }
        },
        "line": 247
      }
    },
    "branchMap": {
      "0": {
        "loc": {
          "start": { "line": 26, "column": 37 },
          "end": { "line": 26, "column": 77 }
        },
        "type": "cond-expr",
        "locations": [
          {
            "start": { "line": 26, "column": 54 },
            "end": { "line": 26, "column": 56 }
          },
          {
            "start": { "line": 26, "column": 59 },
            "end": { "line": 26, "column": 77 }
          }
        ],
        "line": 26
      },
      "1": {
        "loc": {
          "start": { "line": 31, "column": 6 },
          "end": { "line": 35, "column": 17 }
        },
        "type": "cond-expr",
        "locations": [
          {
            "start": { "line": 32, "column": 10 },
            "end": { "line": 32, "column": 20 }
          },
          {
            "start": { "line": 33, "column": 10 },
            "end": { "line": 35, "column": 17 }
          }
        ],
        "line": 31
      },
      "2": {
        "loc": {
          "start": { "line": 33, "column": 10 },
          "end": { "line": 35, "column": 17 }
        },
        "type": "cond-expr",
        "locations": [
          {
            "start": { "line": 34, "column": 10 },
            "end": { "line": 34, "column": 31 }
          },
          {
            "start": { "line": 35, "column": 10 },
            "end": { "line": 35, "column": 17 }
          }
        ],
        "line": 33
      },
      "3": {
        "loc": {
          "start": { "line": 36, "column": 10 },
          "end": { "line": 36, "column": 63 }
        },
        "type": "cond-expr",
        "locations": [
          {
            "start": { "line": 36, "column": 27 },
            "end": { "line": 36, "column": 29 }
          },
          {
            "start": { "line": 36, "column": 32 },
            "end": { "line": 36, "column": 63 }
          }
        ],
        "line": 36
      },
      "4": {
        "loc": {
          "start": { "line": 37, "column": 10 },
          "end": { "line": 37, "column": 49 }
        },
        "type": "cond-expr",
        "locations": [
          {
            "start": { "line": 37, "column": 27 },
            "end": { "line": 37, "column": 29 }
          },
          {
            "start": { "line": 37, "column": 32 },
            "end": { "line": 37, "column": 49 }
          }
        ],
        "line": 37
      },
      "5": {
        "loc": {
          "start": { "line": 38, "column": 17 },
          "end": { "line": 38, "column": 63 }
        },
        "type": "cond-expr",
        "locations": [
          {
            "start": { "line": 38, "column": 34 },
            "end": { "line": 38, "column": 36 }
          },
          {
            "start": { "line": 38, "column": 39 },
            "end": { "line": 38, "column": 63 }
          }
        ],
        "line": 38
      },
      "6": {
        "loc": {
          "start": { "line": 43, "column": 6 },
          "end": { "line": 49, "column": 7 }
        },
        "type": "if",
        "locations": [
          {
            "start": { "line": 43, "column": 6 },
            "end": { "line": 49, "column": 7 }
          },
          {
            "start": { "line": 43, "column": 6 },
            "end": { "line": 49, "column": 7 }
          }
        ],
        "line": 43
      },
      "7": {
        "loc": {
          "start": { "line": 43, "column": 10 },
          "end": { "line": 43, "column": 50 }
        },
        "type": "binary-expr",
        "locations": [
          {
            "start": { "line": 43, "column": 10 },
            "end": { "line": 43, "column": 29 }
          },
          {
            "start": { "line": 43, "column": 33 },
            "end": { "line": 43, "column": 50 }
          }
        ],
        "line": 43
      },
      "8": {
        "loc": {
          "start": { "line": 63, "column": 4 },
          "end": { "line": 82, "column": 5 }
        },
        "type": "if",
        "locations": [
          {
            "start": { "line": 63, "column": 4 },
            "end": { "line": 82, "column": 5 }
          },
          {
            "start": { "line": 63, "column": 4 },
            "end": { "line": 82, "column": 5 }
          }
        ],
        "line": 63
      },
      "9": {
        "loc": {
          "start": { "line": 86, "column": 4 },
          "end": { "line": 90, "column": 5 }
        },
        "type": "if",
        "locations": [
          {
            "start": { "line": 86, "column": 4 },
            "end": { "line": 90, "column": 5 }
          },
          {
            "start": { "line": 86, "column": 4 },
            "end": { "line": 90, "column": 5 }
          }
        ],
        "line": 86
      },
      "10": {
        "loc": {
          "start": { "line": 100, "column": 9 },
          "end": { "line": 100, "column": 42 }
        },
        "type": "cond-expr",
        "locations": [
          {
            "start": { "line": 100, "column": 26 },
            "end": { "line": 100, "column": 31 }
          },
          {
            "start": { "line": 100, "column": 34 },
            "end": { "line": 100, "column": 42 }
          }
        ],
        "line": 100
      },
      "11": {
        "loc": {
          "start": { "line": 130, "column": 9 },
          "end": { "line": 148, "column": 9 }
        },
        "type": "binary-expr",
        "locations": [
          {
            "start": { "line": 130, "column": 9 },
            "end": { "line": 130, "column": 35 }
          },
          {
            "start": { "line": 131, "column": 10 },
            "end": { "line": 147, "column": 16 }
          }
        ],
        "line": 130
      },
      "12": {
        "loc": {
          "start": { "line": 183, "column": 14 },
          "end": { "line": 185, "column": 22 }
        },
        "type": "cond-expr",
        "locations": [
          {
            "start": { "line": 184, "column": 18 },
            "end": { "line": 184, "column": 27 }
          },
          {
            "start": { "line": 185, "column": 18 },
            "end": { "line": 185, "column": 22 }
          }
        ],
        "line": 183
      },
      "13": {
        "loc": {
          "start": { "line": 183, "column": 14 },
          "end": { "line": 183, "column": 65 }
        },
        "type": "binary-expr",
        "locations": [
          {
            "start": { "line": 183, "column": 14 },
            "end": { "line": 183, "column": 31 }
          },
          {
            "start": { "line": 183, "column": 35 },
            "end": { "line": 183, "column": 65 }
          }
        ],
        "line": 183
      },
      "14": {
        "loc": {
          "start": { "line": 209, "column": 19 },
          "end": { "line": 209, "column": 57 }
        },
        "type": "cond-expr",
        "locations": [
          {
            "start": { "line": 209, "column": 29 },
            "end": { "line": 209, "column": 50 }
          },
          {
            "start": { "line": 209, "column": 53 },
            "end": { "line": 209, "column": 57 }
          }
        ],
        "line": 209
      },
      "15": {
        "loc": {
          "start": { "line": 213, "column": 39 },
          "end": { "line": 213, "column": 77 }
        },
        "type": "cond-expr",
        "locations": [
          {
            "start": { "line": 213, "column": 59 },
            "end": { "line": 213, "column": 68 }
          },
          {
            "start": { "line": 213, "column": 71 },
            "end": { "line": 213, "column": 77 }
          }
        ],
        "line": 213
      },
      "16": {
        "loc": {
          "start": { "line": 214, "column": 29 },
          "end": { "line": 214, "column": 65 }
        },
        "type": "cond-expr",
        "locations": [
          {
            "start": { "line": 214, "column": 49 },
            "end": { "line": 214, "column": 55 }
          },
          {
            "start": { "line": 214, "column": 58 },
            "end": { "line": 214, "column": 65 }
          }
        ],
        "line": 214
      },
      "17": {
        "loc": {
          "start": { "line": 234, "column": 13 },
          "end": { "line": 234, "column": 46 }
        },
        "type": "cond-expr",
        "locations": [
          {
            "start": { "line": 234, "column": 30 },
            "end": { "line": 234, "column": 35 }
          },
          {
            "start": { "line": 234, "column": 38 },
            "end": { "line": 234, "column": 46 }
          }
        ],
        "line": 234
      }
    },
    "s": {
      "0": 0,
      "1": 0,
      "2": 0,
      "3": 0,
      "4": 0,
      "5": 0,
      "6": 0,
      "7": 0,
      "8": 0,
      "9": 0,
      "10": 0,
      "11": 0,
      "12": 0,
      "13": 0,
      "14": 0,
      "15": 0,
      "16": 0,
      "17": 0,
      "18": 0,
      "19": 0,
      "20": 0,
      "21": 0,
      "22": 0,
      "23": 0,
      "24": 0,
      "25": 0,
      "26": 0,
      "27": 0,
      "28": 0,
      "29": 0,
      "30": 0,
      "31": 0,
      "32": 0,
      "33": 0
    },
    "f": {
      "0": 0,
      "1": 0,
      "2": 0,
      "3": 0,
      "4": 0,
      "5": 0,
      "6": 0,
      "7": 0,
      "8": 0,
      "9": 0,
      "10": 0,
      "11": 0,
      "12": 0,
      "13": 0
    },
    "b": {
      "0": [0, 0],
      "1": [0, 0],
      "2": [0, 0],
      "3": [0, 0],
      "4": [0, 0],
      "5": [0, 0],
      "6": [0, 0],
      "7": [0, 0],
      "8": [0, 0],
      "9": [0, 0],
      "10": [0, 0],
      "11": [0, 0],
      "12": [0, 0],
      "13": [0, 0],
      "14": [0, 0],
      "15": [0, 0],
      "16": [0, 0],
      "17": [0, 0]
    }
  },
  "/Users/kamaljain/Desktop/Desktop-04-11-2022/pesto-project/wedly-fr/app/components/AddGuestModal/index.js": {
    "path": "/Users/kamaljain/Desktop/Desktop-04-11-2022/pesto-project/wedly-fr/app/components/AddGuestModal/index.js",
    "statementMap": {
      "0": {
        "start": { "line": 17, "column": 28 },
        "end": { "line": 21, "column": 4 }
      },
      "1": {
        "start": { "line": 22, "column": 24 },
        "end": { "line": 28, "column": 3 }
      },
      "2": {
        "start": { "line": 23, "column": 28 },
        "end": { "line": 23, "column": 36 }
      },
      "3": {
        "start": { "line": 24, "column": 4 },
        "end": { "line": 27, "column": 8 }
      },
      "4": {
        "start": { "line": 24, "column": 24 },
        "end": { "line": 27, "column": 5 }
      },
      "5": {
        "start": { "line": 30, "column": 22 },
        "end": { "line": 36, "column": 3 }
      },
      "6": {
        "start": { "line": 31, "column": 4 },
        "end": { "line": 35, "column": 5 }
      },
      "7": {
        "start": { "line": 32, "column": 6 },
        "end": { "line": 32, "column": 25 }
      },
      "8": {
        "start": { "line": 34, "column": 6 },
        "end": { "line": 34, "column": 56 }
      },
      "9": {
        "start": { "line": 38, "column": 23 },
        "end": { "line": 52, "column": 3 }
      },
      "10": {
        "start": { "line": 39, "column": 4 },
        "end": { "line": 39, "column": 27 }
      },
      "11": {
        "start": { "line": 40, "column": 4 },
        "end": { "line": 51, "column": 5 }
      },
      "12": {
        "start": { "line": 41, "column": 6 },
        "end": { "line": 41, "column": 60 }
      },
      "13": {
        "start": { "line": 42, "column": 6 },
        "end": { "line": 42, "column": 25 }
      },
      "14": {
        "start": { "line": 44, "column": 6 },
        "end": { "line": 49, "column": 9 }
      },
      "15": {
        "start": { "line": 50, "column": 6 },
        "end": { "line": 50, "column": 56 }
      },
      "16": {
        "start": { "line": 54, "column": 2 },
        "end": { "line": 130, "column": 4 }
      },
      "17": {
        "start": { "line": 57, "column": 23 },
        "end": { "line": 57, "column": 36 }
      },
      "18": {
        "start": { "line": 67, "column": 10 },
        "end": { "line": 67, "column": 30 }
      },
      "19": {
        "start": { "line": 134, "column": 2 },
        "end": { "line": 141, "column": 4 }
      },
      "20": {
        "start": { "line": 136, "column": 6 },
        "end": { "line": 136, "column": 57 }
      },
      "21": {
        "start": { "line": 139, "column": 6 },
        "end": { "line": 139, "column": 50 }
      },
      "22": {
        "start": { "line": 144, "column": 20 },
        "end": { "line": 147, "column": 1 }
      }
    },
    "fnMap": {
      "0": {
        "name": "AddGuestModal",
        "decl": {
          "start": { "line": 7, "column": 9 },
          "end": { "line": 7, "column": 22 }
        },
        "loc": {
          "start": { "line": 16, "column": 3 },
          "end": { "line": 131, "column": 1 }
        },
        "line": 16
      },
      "1": {
        "name": "(anonymous_1)",
        "decl": {
          "start": { "line": 22, "column": 24 },
          "end": { "line": 22, "column": 25 }
        },
        "loc": {
          "start": { "line": 22, "column": 31 },
          "end": { "line": 28, "column": 3 }
        },
        "line": 22
      },
      "2": {
        "name": "(anonymous_2)",
        "decl": {
          "start": { "line": 24, "column": 13 },
          "end": { "line": 24, "column": 14 }
        },
        "loc": {
          "start": { "line": 24, "column": 24 },
          "end": { "line": 27, "column": 5 }
        },
        "line": 24
      },
      "3": {
        "name": "(anonymous_3)",
        "decl": {
          "start": { "line": 30, "column": 22 },
          "end": { "line": 30, "column": 23 }
        },
        "loc": {
          "start": { "line": 30, "column": 28 },
          "end": { "line": 36, "column": 3 }
        },
        "line": 30
      },
      "4": {
        "name": "(anonymous_4)",
        "decl": {
          "start": { "line": 38, "column": 23 },
          "end": { "line": 38, "column": 24 }
        },
        "loc": {
          "start": { "line": 38, "column": 40 },
          "end": { "line": 52, "column": 3 }
        },
        "line": 38
      },
      "5": {
        "name": "(anonymous_5)",
        "decl": {
          "start": { "line": 57, "column": 17 },
          "end": { "line": 57, "column": 18 }
        },
        "loc": {
          "start": { "line": 57, "column": 23 },
          "end": { "line": 57, "column": 36 }
        },
        "line": 57
      },
      "6": {
        "name": "(anonymous_6)",
        "decl": {
          "start": { "line": 66, "column": 18 },
          "end": { "line": 66, "column": 19 }
        },
        "loc": {
          "start": { "line": 66, "column": 29 },
          "end": { "line": 68, "column": 9 }
        },
        "line": 66
      },
      "7": {
        "name": "mapDispatchToProps",
        "decl": {
          "start": { "line": 133, "column": 16 },
          "end": { "line": 133, "column": 34 }
        },
        "loc": {
          "start": { "line": 133, "column": 45 },
          "end": { "line": 142, "column": 1 }
        },
        "line": 133
      },
      "8": {
        "name": "(anonymous_8)",
        "decl": {
          "start": { "line": 135, "column": 14 },
          "end": { "line": 135, "column": 15 }
        },
        "loc": {
          "start": { "line": 135, "column": 39 },
          "end": { "line": 137, "column": 5 }
        },
        "line": 135
      },
      "9": {
        "name": "(anonymous_9)",
        "decl": {
          "start": { "line": 138, "column": 17 },
          "end": { "line": 138, "column": 18 }
        },
        "loc": {
          "start": { "line": 138, "column": 32 },
          "end": { "line": 140, "column": 5 }
        },
        "line": 138
      }
    },
    "branchMap": {
      "0": {
        "loc": {
          "start": { "line": 18, "column": 10 },
          "end": { "line": 18, "column": 42 }
        },
        "type": "cond-expr",
        "locations": [
          {
            "start": { "line": 18, "column": 27 },
            "end": { "line": 18, "column": 29 }
          },
          {
            "start": { "line": 18, "column": 32 },
            "end": { "line": 18, "column": 42 }
          }
        ],
        "line": 18
      },
      "1": {
        "loc": {
          "start": { "line": 19, "column": 11 },
          "end": { "line": 19, "column": 44 }
        },
        "type": "cond-expr",
        "locations": [
          {
            "start": { "line": 19, "column": 28 },
            "end": { "line": 19, "column": 30 }
          },
          {
            "start": { "line": 19, "column": 33 },
            "end": { "line": 19, "column": 44 }
          }
        ],
        "line": 19
      },
      "2": {
        "loc": {
          "start": { "line": 20, "column": 12 },
          "end": { "line": 20, "column": 46 }
        },
        "type": "cond-expr",
        "locations": [
          {
            "start": { "line": 20, "column": 29 },
            "end": { "line": 20, "column": 31 }
          },
          {
            "start": { "line": 20, "column": 34 },
            "end": { "line": 20, "column": 46 }
          }
        ],
        "line": 20
      },
      "3": {
        "loc": {
          "start": { "line": 31, "column": 4 },
          "end": { "line": 35, "column": 5 }
        },
        "type": "if",
        "locations": [
          {
            "start": { "line": 31, "column": 4 },
            "end": { "line": 35, "column": 5 }
          },
          {
            "start": { "line": 31, "column": 4 },
            "end": { "line": 35, "column": 5 }
          }
        ],
        "line": 31
      },
      "4": {
        "loc": {
          "start": { "line": 40, "column": 4 },
          "end": { "line": 51, "column": 5 }
        },
        "type": "if",
        "locations": [
          {
            "start": { "line": 40, "column": 4 },
            "end": { "line": 51, "column": 5 }
          },
          {
            "start": { "line": 40, "column": 4 },
            "end": { "line": 51, "column": 5 }
          }
        ],
        "line": 40
      },
      "5": {
        "loc": {
          "start": { "line": 61, "column": 9 },
          "end": { "line": 61, "column": 44 }
        },
        "type": "cond-expr",
        "locations": [
          {
            "start": { "line": 61, "column": 26 },
            "end": { "line": 61, "column": 32 }
          },
          {
            "start": { "line": 61, "column": 35 },
            "end": { "line": 61, "column": 44 }
          }
        ],
        "line": 61
      },
      "6": {
        "loc": {
          "start": { "line": 125, "column": 13 },
          "end": { "line": 125, "column": 46 }
        },
        "type": "cond-expr",
        "locations": [
          {
            "start": { "line": 125, "column": 30 },
            "end": { "line": 125, "column": 35 }
          },
          {
            "start": { "line": 125, "column": 38 },
            "end": { "line": 125, "column": 46 }
          }
        ],
        "line": 125
      }
    },
    "s": {
      "0": 0,
      "1": 0,
      "2": 0,
      "3": 0,
      "4": 0,
      "5": 0,
      "6": 0,
      "7": 0,
      "8": 0,
      "9": 0,
      "10": 0,
      "11": 0,
      "12": 0,
      "13": 0,
      "14": 0,
      "15": 0,
      "16": 0,
      "17": 0,
      "18": 0,
      "19": 0,
      "20": 0,
      "21": 0,
      "22": 0
    },
    "f": {
      "0": 0,
      "1": 0,
      "2": 0,
      "3": 0,
      "4": 0,
      "5": 0,
      "6": 0,
      "7": 0,
      "8": 0,
      "9": 0
    },
    "b": {
      "0": [0, 0],
      "1": [0, 0],
      "2": [0, 0],
      "3": [0, 0],
      "4": [0, 0],
      "5": [0, 0],
      "6": [0, 0]
    }
  },
  "/Users/kamaljain/Desktop/Desktop-04-11-2022/pesto-project/wedly-fr/app/components/Button/A.js": {
    "path": "/Users/kamaljain/Desktop/Desktop-04-11-2022/pesto-project/wedly-fr/app/components/Button/A.js",
    "statementMap": {
      "0": {
        "start": { "line": 5, "column": 10 },
        "end": { "line": 7, "column": 1 }
      }
    },
    "fnMap": {},
    "branchMap": {},
    "s": { "0": 0 },
    "f": {},
    "b": {}
  },
  "/Users/kamaljain/Desktop/Desktop-04-11-2022/pesto-project/wedly-fr/app/components/Button/StyledButton.js": {
    "path": "/Users/kamaljain/Desktop/Desktop-04-11-2022/pesto-project/wedly-fr/app/components/Button/StyledButton.js",
    "statementMap": {
      "0": {
        "start": { "line": 5, "column": 21 },
        "end": { "line": 7, "column": 1 }
      }
    },
    "fnMap": {},
    "branchMap": {},
    "s": { "0": 0 },
    "f": {},
    "b": {}
  },
  "/Users/kamaljain/Desktop/Desktop-04-11-2022/pesto-project/wedly-fr/app/components/Button/Wrapper.js": {
    "path": "/Users/kamaljain/Desktop/Desktop-04-11-2022/pesto-project/wedly-fr/app/components/Button/Wrapper.js",
    "statementMap": {
      "0": {
        "start": { "line": 3, "column": 16 },
        "end": { "line": 7, "column": 1 }
      }
    },
    "fnMap": {},
    "branchMap": {},
    "s": { "0": 0 },
    "f": {},
    "b": {}
  },
  "/Users/kamaljain/Desktop/Desktop-04-11-2022/pesto-project/wedly-fr/app/components/Button/buttonStyles.js": {
    "path": "/Users/kamaljain/Desktop/Desktop-04-11-2022/pesto-project/wedly-fr/app/components/Button/buttonStyles.js",
    "statementMap": {
      "0": {
        "start": { "line": 3, "column": 21 },
        "end": { "line": 24, "column": 1 }
      }
    },
    "fnMap": {},
    "branchMap": {},
    "s": { "0": 0 },
    "f": {},
    "b": {}
  },
  "/Users/kamaljain/Desktop/Desktop-04-11-2022/pesto-project/wedly-fr/app/components/Button/index.js": {
    "path": "/Users/kamaljain/Desktop/Desktop-04-11-2022/pesto-project/wedly-fr/app/components/Button/index.js",
    "statementMap": {
      "0": {
        "start": { "line": 5, "column": 2 },
        "end": { "line": 12, "column": 4 }
      }
    },
    "fnMap": {
      "0": {
        "name": "Button",
        "decl": {
          "start": { "line": 4, "column": 24 },
          "end": { "line": 4, "column": 30 }
        },
        "loc": {
          "start": { "line": 4, "column": 67 },
          "end": { "line": 13, "column": 1 }
        },
        "line": 4
      }
    },
    "branchMap": {},
    "s": { "0": 0 },
    "f": { "0": 0 },
    "b": {}
  },
  "/Users/kamaljain/Desktop/Desktop-04-11-2022/pesto-project/wedly-fr/app/components/ContactUsSection/index.js": {
    "path": "/Users/kamaljain/Desktop/Desktop-04-11-2022/pesto-project/wedly-fr/app/components/ContactUsSection/index.js",
    "statementMap": {
      "0": {
        "start": { "line": 4, "column": 2 },
        "end": { "line": 63, "column": 4 }
      }
    },
    "fnMap": {
      "0": {
        "name": "ContactUs",
        "decl": {
          "start": { "line": 3, "column": 9 },
          "end": { "line": 3, "column": 18 }
        },
        "loc": {
          "start": { "line": 3, "column": 21 },
          "end": { "line": 64, "column": 1 }
        },
        "line": 3
      }
    },
    "branchMap": {},
    "s": { "0": 0 },
    "f": { "0": 0 },
    "b": {}
  },
  "/Users/kamaljain/Desktop/Desktop-04-11-2022/pesto-project/wedly-fr/app/components/Details/index.js": {
    "path": "/Users/kamaljain/Desktop/Desktop-04-11-2022/pesto-project/wedly-fr/app/components/Details/index.js",
    "statementMap": {
      "0": {
        "start": { "line": 5, "column": 2 },
        "end": { "line": 5, "column": 131 }
      },
      "1": {
        "start": { "line": 8, "column": 24 },
        "end": { "line": 14, "column": 3 }
      },
      "2": {
        "start": { "line": 9, "column": 28 },
        "end": { "line": 9, "column": 36 }
      },
      "3": {
        "start": { "line": 10, "column": 4 },
        "end": { "line": 13, "column": 8 }
      },
      "4": {
        "start": { "line": 10, "column": 24 },
        "end": { "line": 13, "column": 5 }
      },
      "5": {
        "start": { "line": 15, "column": 2 },
        "end": { "line": 121, "column": 4 }
      },
      "6": {
        "start": { "line": 22, "column": 58 },
        "end": { "line": 22, "column": 72 }
      },
      "7": {
        "start": { "line": 91, "column": 20 },
        "end": { "line": 93, "column": 29 }
      },
      "8": {
        "start": { "line": 112, "column": 16 },
        "end": { "line": 114, "column": 25 }
      }
    },
    "fnMap": {
      "0": {
        "name": "Details",
        "decl": {
          "start": { "line": 7, "column": 24 },
          "end": { "line": 7, "column": 31 }
        },
        "loc": {
          "start": { "line": 7, "column": 68 },
          "end": { "line": 122, "column": 1 }
        },
        "line": 7
      },
      "1": {
        "name": "(anonymous_1)",
        "decl": {
          "start": { "line": 8, "column": 24 },
          "end": { "line": 8, "column": 25 }
        },
        "loc": {
          "start": { "line": 8, "column": 31 },
          "end": { "line": 14, "column": 3 }
        },
        "line": 8
      },
      "2": {
        "name": "(anonymous_2)",
        "decl": {
          "start": { "line": 10, "column": 13 },
          "end": { "line": 10, "column": 14 }
        },
        "loc": {
          "start": { "line": 10, "column": 24 },
          "end": { "line": 13, "column": 5 }
        },
        "line": 10
      },
      "3": {
        "name": "(anonymous_3)",
        "decl": {
          "start": { "line": 22, "column": 51 },
          "end": { "line": 22, "column": 52 }
        },
        "loc": {
          "start": { "line": 22, "column": 58 },
          "end": { "line": 22, "column": 72 }
        },
        "line": 22
      },
      "4": {
        "name": "(anonymous_4)",
        "decl": {
          "start": { "line": 90, "column": 23 },
          "end": { "line": 90, "column": 24 }
        },
        "loc": {
          "start": { "line": 91, "column": 20 },
          "end": { "line": 93, "column": 29 }
        },
        "line": 91
      },
      "5": {
        "name": "(anonymous_5)",
        "decl": {
          "start": { "line": 111, "column": 26 },
          "end": { "line": 111, "column": 27 }
        },
        "loc": {
          "start": { "line": 112, "column": 16 },
          "end": { "line": 114, "column": 25 }
        },
        "line": 112
      }
    },
    "branchMap": {
      "0": {
        "loc": {
          "start": { "line": 87, "column": 15 },
          "end": { "line": 94, "column": 20 }
        },
        "type": "binary-expr",
        "locations": [
          {
            "start": { "line": 87, "column": 15 },
            "end": { "line": 87, "column": 26 }
          },
          {
            "start": { "line": 88, "column": 16 },
            "end": { "line": 94, "column": 20 }
          }
        ],
        "line": 87
      }
    },
    "s": {
      "0": 0,
      "1": 0,
      "2": 0,
      "3": 0,
      "4": 0,
      "5": 0,
      "6": 0,
      "7": 0,
      "8": 0
    },
    "f": { "0": 0, "1": 0, "2": 0, "3": 0, "4": 0, "5": 0 },
    "b": { "0": [0, 0] }
  },
  "/Users/kamaljain/Desktop/Desktop-04-11-2022/pesto-project/wedly-fr/app/components/EinviteFirstPage/index.js": {
    "path": "/Users/kamaljain/Desktop/Desktop-04-11-2022/pesto-project/wedly-fr/app/components/EinviteFirstPage/index.js",
    "statementMap": {
      "0": {
        "start": { "line": 28, "column": 17 },
        "end": { "line": 34, "column": 1 }
      },
      "1": {
        "start": { "line": 36, "column": 20 },
        "end": { "line": 41, "column": 1 }
      },
      "2": {
        "start": { "line": 56, "column": 2 },
        "end": { "line": 56, "column": 80 }
      },
      "3": {
        "start": { "line": 57, "column": 2 },
        "end": { "line": 57, "column": 71 }
      },
      "4": {
        "start": { "line": 58, "column": 2 },
        "end": { "line": 58, "column": 66 }
      },
      "5": {
        "start": { "line": 59, "column": 2 },
        "end": { "line": 59, "column": 57 }
      },
      "6": {
        "start": { "line": 60, "column": 2 },
        "end": { "line": 60, "column": 67 }
      },
      "7": {
        "start": { "line": 61, "column": 2 },
        "end": { "line": 61, "column": 76 }
      },
      "8": {
        "start": { "line": 63, "column": 40 },
        "end": { "line": 63, "column": 52 }
      },
      "9": {
        "start": { "line": 64, "column": 36 },
        "end": { "line": 64, "column": 48 }
      },
      "10": {
        "start": { "line": 65, "column": 36 },
        "end": { "line": 65, "column": 48 }
      },
      "11": {
        "start": { "line": 66, "column": 2 },
        "end": { "line": 69, "column": 33 }
      },
      "12": {
        "start": { "line": 67, "column": 4 },
        "end": { "line": 68, "column": 54 }
      },
      "13": {
        "start": { "line": 68, "column": 6 },
        "end": { "line": 68, "column": 54 }
      },
      "14": {
        "start": { "line": 70, "column": 2 },
        "end": { "line": 74, "column": 9 }
      },
      "15": {
        "start": { "line": 71, "column": 4 },
        "end": { "line": 71, "column": 57 }
      },
      "16": {
        "start": { "line": 71, "column": 40 },
        "end": { "line": 71, "column": 57 }
      },
      "17": {
        "start": { "line": 72, "column": 4 },
        "end": { "line": 72, "column": 23 }
      },
      "18": {
        "start": { "line": 73, "column": 4 },
        "end": { "line": 73, "column": 16 }
      },
      "19": {
        "start": { "line": 75, "column": 2 },
        "end": { "line": 90, "column": 74 }
      },
      "20": {
        "start": { "line": 76, "column": 4 },
        "end": { "line": 89, "column": 5 }
      },
      "21": {
        "start": { "line": 77, "column": 6 },
        "end": { "line": 77, "column": 58 }
      },
      "22": {
        "start": { "line": 78, "column": 6 },
        "end": { "line": 78, "column": 43 }
      },
      "23": {
        "start": { "line": 79, "column": 6 },
        "end": { "line": 79, "column": 43 }
      },
      "24": {
        "start": { "line": 81, "column": 6 },
        "end": { "line": 81, "column": 70 }
      },
      "25": {
        "start": { "line": 81, "column": 31 },
        "end": { "line": 81, "column": 70 }
      },
      "26": {
        "start": { "line": 82, "column": 6 },
        "end": { "line": 82, "column": 70 }
      },
      "27": {
        "start": { "line": 82, "column": 31 },
        "end": { "line": 82, "column": 70 }
      },
      "28": {
        "start": { "line": 83, "column": 6 },
        "end": { "line": 88, "column": 7 }
      },
      "29": {
        "start": { "line": 84, "column": 29 },
        "end": { "line": 86, "column": 9 }
      },
      "30": {
        "start": { "line": 85, "column": 21 },
        "end": { "line": 85, "column": 49 }
      },
      "31": {
        "start": { "line": 87, "column": 8 },
        "end": { "line": 87, "column": 74 }
      },
      "32": {
        "start": { "line": 87, "column": 26 },
        "end": { "line": 87, "column": 74 }
      },
      "33": {
        "start": { "line": 92, "column": 22 },
        "end": { "line": 95, "column": 3 }
      },
      "34": {
        "start": { "line": 93, "column": 23 },
        "end": { "line": 93, "column": 34 }
      },
      "35": {
        "start": { "line": 94, "column": 4 },
        "end": { "line": 94, "column": 70 }
      },
      "36": {
        "start": { "line": 96, "column": 2 },
        "end": { "line": 203, "column": 4 }
      },
      "37": {
        "start": { "line": 141, "column": 39 },
        "end": { "line": 141, "column": 71 }
      },
      "38": {
        "start": { "line": 160, "column": 39 },
        "end": { "line": 160, "column": 71 }
      },
      "39": {
        "start": { "line": 177, "column": 35 },
        "end": { "line": 177, "column": 65 }
      },
      "40": {
        "start": { "line": 206, "column": 24 },
        "end": { "line": 213, "column": 2 }
      },
      "41": {
        "start": { "line": 216, "column": 2 },
        "end": { "line": 238, "column": 4 }
      },
      "42": {
        "start": { "line": 218, "column": 6 },
        "end": { "line": 218, "column": 45 }
      },
      "43": {
        "start": { "line": 221, "column": 6 },
        "end": { "line": 221, "column": 36 }
      },
      "44": {
        "start": { "line": 224, "column": 6 },
        "end": { "line": 230, "column": 9 }
      },
      "45": {
        "start": { "line": 233, "column": 6 },
        "end": { "line": 233, "column": 49 }
      },
      "46": {
        "start": { "line": 236, "column": 6 },
        "end": { "line": 236, "column": 37 }
      },
      "47": {
        "start": { "line": 241, "column": 20 },
        "end": { "line": 244, "column": 1 }
      }
    },
    "fnMap": {
      "0": {
        "name": "EinviteFirstPage",
        "decl": {
          "start": { "line": 42, "column": 9 },
          "end": { "line": 42, "column": 25 }
        },
        "loc": {
          "start": { "line": 55, "column": 3 },
          "end": { "line": 204, "column": 1 }
        },
        "line": 55
      },
      "1": {
        "name": "(anonymous_1)",
        "decl": {
          "start": { "line": 66, "column": 12 },
          "end": { "line": 66, "column": 13 }
        },
        "loc": {
          "start": { "line": 66, "column": 18 },
          "end": { "line": 69, "column": 3 }
        },
        "line": 66
      },
      "2": {
        "name": "(anonymous_2)",
        "decl": {
          "start": { "line": 70, "column": 12 },
          "end": { "line": 70, "column": 13 }
        },
        "loc": {
          "start": { "line": 70, "column": 18 },
          "end": { "line": 74, "column": 3 }
        },
        "line": 70
      },
      "3": {
        "name": "(anonymous_3)",
        "decl": {
          "start": { "line": 75, "column": 12 },
          "end": { "line": 75, "column": 13 }
        },
        "loc": {
          "start": { "line": 75, "column": 18 },
          "end": { "line": 90, "column": 3 }
        },
        "line": 75
      },
      "4": {
        "name": "(anonymous_4)",
        "decl": {
          "start": { "line": 85, "column": 10 },
          "end": { "line": 85, "column": 11 }
        },
        "loc": {
          "start": { "line": 85, "column": 21 },
          "end": { "line": 85, "column": 49 }
        },
        "line": 85
      },
      "5": {
        "name": "(anonymous_5)",
        "decl": {
          "start": { "line": 92, "column": 22 },
          "end": { "line": 92, "column": 23 }
        },
        "loc": {
          "start": { "line": 92, "column": 34 },
          "end": { "line": 95, "column": 3 }
        },
        "line": 92
      },
      "6": {
        "name": "(anonymous_6)",
        "decl": {
          "start": { "line": 141, "column": 28 },
          "end": { "line": 141, "column": 29 }
        },
        "loc": {
          "start": { "line": 141, "column": 39 },
          "end": { "line": 141, "column": 71 }
        },
        "line": 141
      },
      "7": {
        "name": "(anonymous_7)",
        "decl": {
          "start": { "line": 160, "column": 28 },
          "end": { "line": 160, "column": 29 }
        },
        "loc": {
          "start": { "line": 160, "column": 39 },
          "end": { "line": 160, "column": 71 }
        },
        "line": 160
      },
      "8": {
        "name": "(anonymous_8)",
        "decl": {
          "start": { "line": 177, "column": 28 },
          "end": { "line": 177, "column": 29 }
        },
        "loc": {
          "start": { "line": 177, "column": 35 },
          "end": { "line": 177, "column": 65 }
        },
        "line": 177
      },
      "9": {
        "name": "mapDispatchToProps",
        "decl": {
          "start": { "line": 215, "column": 9 },
          "end": { "line": 215, "column": 27 }
        },
        "loc": {
          "start": { "line": 215, "column": 38 },
          "end": { "line": 239, "column": 1 }
        },
        "line": 215
      },
      "10": {
        "name": "(anonymous_10)",
        "decl": {
          "start": { "line": 217, "column": 22 },
          "end": { "line": 217, "column": 23 }
        },
        "loc": {
          "start": { "line": 217, "column": 28 },
          "end": { "line": 219, "column": 5 }
        },
        "line": 217
      },
      "11": {
        "name": "(anonymous_11)",
        "decl": {
          "start": { "line": 220, "column": 15 },
          "end": { "line": 220, "column": 16 }
        },
        "loc": {
          "start": { "line": 220, "column": 21 },
          "end": { "line": 222, "column": 5 }
        },
        "line": 220
      },
      "12": {
        "name": "(anonymous_12)",
        "decl": {
          "start": { "line": 223, "column": 18 },
          "end": { "line": 223, "column": 19 }
        },
        "loc": {
          "start": { "line": 223, "column": 54 },
          "end": { "line": 231, "column": 5 }
        },
        "line": 223
      },
      "13": {
        "name": "(anonymous_13)",
        "decl": {
          "start": { "line": 232, "column": 18 },
          "end": { "line": 232, "column": 19 }
        },
        "loc": {
          "start": { "line": 232, "column": 30 },
          "end": { "line": 234, "column": 5 }
        },
        "line": 232
      },
      "14": {
        "name": "(anonymous_14)",
        "decl": {
          "start": { "line": 235, "column": 20 },
          "end": { "line": 235, "column": 21 }
        },
        "loc": {
          "start": { "line": 235, "column": 26 },
          "end": { "line": 237, "column": 5 }
        },
        "line": 235
      }
    },
    "branchMap": {
      "0": {
        "loc": {
          "start": { "line": 67, "column": 4 },
          "end": { "line": 68, "column": 54 }
        },
        "type": "if",
        "locations": [
          {
            "start": { "line": 67, "column": 4 },
            "end": { "line": 68, "column": 54 }
          },
          {
            "start": { "line": 67, "column": 4 },
            "end": { "line": 68, "column": 54 }
          }
        ],
        "line": 67
      },
      "1": {
        "loc": {
          "start": { "line": 68, "column": 19 },
          "end": { "line": 68, "column": 52 }
        },
        "type": "cond-expr",
        "locations": [
          {
            "start": { "line": 68, "column": 30 },
            "end": { "line": 68, "column": 38 }
          },
          {
            "start": { "line": 68, "column": 41 },
            "end": { "line": 68, "column": 52 }
          }
        ],
        "line": 68
      },
      "2": {
        "loc": {
          "start": { "line": 71, "column": 4 },
          "end": { "line": 71, "column": 57 }
        },
        "type": "if",
        "locations": [
          {
            "start": { "line": 71, "column": 4 },
            "end": { "line": 71, "column": 57 }
          },
          {
            "start": { "line": 71, "column": 4 },
            "end": { "line": 71, "column": 57 }
          }
        ],
        "line": 71
      },
      "3": {
        "loc": {
          "start": { "line": 76, "column": 4 },
          "end": { "line": 89, "column": 5 }
        },
        "type": "if",
        "locations": [
          {
            "start": { "line": 76, "column": 4 },
            "end": { "line": 89, "column": 5 }
          },
          {
            "start": { "line": 76, "column": 4 },
            "end": { "line": 89, "column": 5 }
          }
        ],
        "line": 76
      },
      "4": {
        "loc": {
          "start": { "line": 76, "column": 8 },
          "end": { "line": 76, "column": 68 }
        },
        "type": "binary-expr",
        "locations": [
          {
            "start": { "line": 76, "column": 8 },
            "end": { "line": 76, "column": 24 }
          },
          {
            "start": { "line": 76, "column": 28 },
            "end": { "line": 76, "column": 68 }
          }
        ],
        "line": 76
      },
      "5": {
        "loc": {
          "start": { "line": 81, "column": 6 },
          "end": { "line": 81, "column": 70 }
        },
        "type": "if",
        "locations": [
          {
            "start": { "line": 81, "column": 6 },
            "end": { "line": 81, "column": 70 }
          },
          {
            "start": { "line": 81, "column": 6 },
            "end": { "line": 81, "column": 70 }
          }
        ],
        "line": 81
      },
      "6": {
        "loc": {
          "start": { "line": 82, "column": 6 },
          "end": { "line": 82, "column": 70 }
        },
        "type": "if",
        "locations": [
          {
            "start": { "line": 82, "column": 6 },
            "end": { "line": 82, "column": 70 }
          },
          {
            "start": { "line": 82, "column": 6 },
            "end": { "line": 82, "column": 70 }
          }
        ],
        "line": 82
      },
      "7": {
        "loc": {
          "start": { "line": 83, "column": 6 },
          "end": { "line": 88, "column": 7 }
        },
        "type": "if",
        "locations": [
          {
            "start": { "line": 83, "column": 6 },
            "end": { "line": 88, "column": 7 }
          },
          {
            "start": { "line": 83, "column": 6 },
            "end": { "line": 88, "column": 7 }
          }
        ],
        "line": 83
      },
      "8": {
        "loc": {
          "start": { "line": 87, "column": 8 },
          "end": { "line": 87, "column": 74 }
        },
        "type": "if",
        "locations": [
          {
            "start": { "line": 87, "column": 8 },
            "end": { "line": 87, "column": 74 }
          },
          {
            "start": { "line": 87, "column": 8 },
            "end": { "line": 87, "column": 74 }
          }
        ],
        "line": 87
      },
      "9": {
        "loc": {
          "start": { "line": 100, "column": 10 },
          "end": { "line": 100, "column": 65 }
        },
        "type": "cond-expr",
        "locations": [
          {
            "start": { "line": 100, "column": 37 },
            "end": { "line": 100, "column": 49 }
          },
          {
            "start": { "line": 100, "column": 52 },
            "end": { "line": 100, "column": 65 }
          }
        ],
        "line": 100
      },
      "10": {
        "loc": {
          "start": { "line": 100, "column": 10 },
          "end": { "line": 100, "column": 34 }
        },
        "type": "binary-expr",
        "locations": [
          {
            "start": { "line": 100, "column": 10 },
            "end": { "line": 100, "column": 17 }
          },
          {
            "start": { "line": 100, "column": 21 },
            "end": { "line": 100, "column": 34 }
          }
        ],
        "line": 100
      },
      "11": {
        "loc": {
          "start": { "line": 117, "column": 13 },
          "end": { "line": 118, "column": 76 }
        },
        "type": "binary-expr",
        "locations": [
          {
            "start": { "line": 117, "column": 13 },
            "end": { "line": 117, "column": 24 }
          },
          {
            "start": { "line": 118, "column": 14 },
            "end": { "line": 118, "column": 76 }
          }
        ],
        "line": 117
      },
      "12": {
        "loc": {
          "start": { "line": 191, "column": 9 },
          "end": { "line": 193, "column": 16 }
        },
        "type": "cond-expr",
        "locations": [
          {
            "start": { "line": 192, "column": 10 },
            "end": { "line": 192, "column": 75 }
          },
          {
            "start": { "line": 193, "column": 12 },
            "end": { "line": 193, "column": 16 }
          }
        ],
        "line": 191
      },
      "13": {
        "loc": {
          "start": { "line": 194, "column": 9 },
          "end": { "line": 200, "column": 16 }
        },
        "type": "cond-expr",
        "locations": [
          {
            "start": { "line": 195, "column": 10 },
            "end": { "line": 199, "column": 12 }
          },
          {
            "start": { "line": 200, "column": 12 },
            "end": { "line": 200, "column": 16 }
          }
        ],
        "line": 194
      }
    },
    "s": {
      "0": 0,
      "1": 0,
      "2": 0,
      "3": 0,
      "4": 0,
      "5": 0,
      "6": 0,
      "7": 0,
      "8": 0,
      "9": 0,
      "10": 0,
      "11": 0,
      "12": 0,
      "13": 0,
      "14": 0,
      "15": 0,
      "16": 0,
      "17": 0,
      "18": 0,
      "19": 0,
      "20": 0,
      "21": 0,
      "22": 0,
      "23": 0,
      "24": 0,
      "25": 0,
      "26": 0,
      "27": 0,
      "28": 0,
      "29": 0,
      "30": 0,
      "31": 0,
      "32": 0,
      "33": 0,
      "34": 0,
      "35": 0,
      "36": 0,
      "37": 0,
      "38": 0,
      "39": 0,
      "40": 0,
      "41": 0,
      "42": 0,
      "43": 0,
      "44": 0,
      "45": 0,
      "46": 0,
      "47": 0
    },
    "f": {
      "0": 0,
      "1": 0,
      "2": 0,
      "3": 0,
      "4": 0,
      "5": 0,
      "6": 0,
      "7": 0,
      "8": 0,
      "9": 0,
      "10": 0,
      "11": 0,
      "12": 0,
      "13": 0,
      "14": 0
    },
    "b": {
      "0": [0, 0],
      "1": [0, 0],
      "2": [0, 0],
      "3": [0, 0],
      "4": [0, 0],
      "5": [0, 0],
      "6": [0, 0],
      "7": [0, 0],
      "8": [0, 0],
      "9": [0, 0],
      "10": [0, 0],
      "11": [0, 0],
      "12": [0, 0],
      "13": [0, 0]
    }
  },
  "/Users/kamaljain/Desktop/Desktop-04-11-2022/pesto-project/wedly-fr/app/components/EinviteOtherPage/index.js": {
    "path": "/Users/kamaljain/Desktop/Desktop-04-11-2022/pesto-project/wedly-fr/app/components/EinviteOtherPage/index.js",
    "statementMap": {
      "0": {
        "start": { "line": 24, "column": 17 },
        "end": { "line": 30, "column": 1 }
      },
      "1": {
        "start": { "line": 32, "column": 20 },
        "end": { "line": 37, "column": 1 }
      },
      "2": {
        "start": { "line": 51, "column": 2 },
        "end": { "line": 51, "column": 66 }
      },
      "3": {
        "start": { "line": 52, "column": 2 },
        "end": { "line": 52, "column": 57 }
      },
      "4": {
        "start": { "line": 53, "column": 2 },
        "end": { "line": 53, "column": 67 }
      },
      "5": {
        "start": { "line": 54, "column": 2 },
        "end": { "line": 54, "column": 76 }
      },
      "6": {
        "start": { "line": 55, "column": 28 },
        "end": { "line": 61, "column": 4 }
      },
      "7": {
        "start": { "line": 63, "column": 2 },
        "end": { "line": 66, "column": 39 }
      },
      "8": {
        "start": { "line": 64, "column": 4 },
        "end": { "line": 65, "column": 61 }
      },
      "9": {
        "start": { "line": 65, "column": 6 },
        "end": { "line": 65, "column": 61 }
      },
      "10": {
        "start": { "line": 67, "column": 2 },
        "end": { "line": 70, "column": 9 }
      },
      "11": {
        "start": { "line": 68, "column": 4 },
        "end": { "line": 68, "column": 57 }
      },
      "12": {
        "start": { "line": 68, "column": 40 },
        "end": { "line": 68, "column": 57 }
      },
      "13": {
        "start": { "line": 69, "column": 4 },
        "end": { "line": 69, "column": 16 }
      },
      "14": {
        "start": { "line": 71, "column": 2 },
        "end": { "line": 119, "column": 65 }
      },
      "15": {
        "start": { "line": 72, "column": 4 },
        "end": { "line": 118, "column": 5 }
      },
      "16": {
        "start": { "line": 73, "column": 6 },
        "end": { "line": 79, "column": 9 }
      },
      "17": {
        "start": { "line": 81, "column": 6 },
        "end": { "line": 117, "column": 7 }
      },
      "18": {
        "start": { "line": 82, "column": 8 },
        "end": { "line": 116, "column": 9 }
      },
      "19": {
        "start": { "line": 83, "column": 31 },
        "end": { "line": 85, "column": 11 }
      },
      "20": {
        "start": { "line": 84, "column": 23 },
        "end": { "line": 84, "column": 51 }
      },
      "21": {
        "start": { "line": 86, "column": 10 },
        "end": { "line": 93, "column": 15 }
      },
      "22": {
        "start": { "line": 87, "column": 12 },
        "end": { "line": 93, "column": 15 }
      },
      "23": {
        "start": { "line": 95, "column": 30 },
        "end": { "line": 97, "column": 11 }
      },
      "24": {
        "start": { "line": 96, "column": 23 },
        "end": { "line": 96, "column": 51 }
      },
      "25": {
        "start": { "line": 98, "column": 10 },
        "end": { "line": 115, "column": 11 }
      },
      "26": {
        "start": { "line": 99, "column": 31 },
        "end": { "line": 99, "column": 52 }
      },
      "27": {
        "start": { "line": 100, "column": 12 },
        "end": { "line": 106, "column": 15 }
      },
      "28": {
        "start": { "line": 108, "column": 12 },
        "end": { "line": 114, "column": 15 }
      },
      "29": {
        "start": { "line": 120, "column": 22 },
        "end": { "line": 132, "column": 3 }
      },
      "30": {
        "start": { "line": 121, "column": 4 },
        "end": { "line": 121, "column": 23 }
      },
      "31": {
        "start": { "line": 122, "column": 23 },
        "end": { "line": 122, "column": 34 }
      },
      "32": {
        "start": { "line": 123, "column": 4 },
        "end": { "line": 131, "column": 6 }
      },
      "33": {
        "start": { "line": 133, "column": 24 },
        "end": { "line": 148, "column": 3 }
      },
      "34": {
        "start": { "line": 134, "column": 28 },
        "end": { "line": 134, "column": 36 }
      },
      "35": {
        "start": { "line": 135, "column": 4 },
        "end": { "line": 147, "column": 7 }
      },
      "36": {
        "start": { "line": 136, "column": 6 },
        "end": { "line": 142, "column": 7 }
      },
      "37": {
        "start": { "line": 137, "column": 8 },
        "end": { "line": 141, "column": 10 }
      },
      "38": {
        "start": { "line": 143, "column": 6 },
        "end": { "line": 146, "column": 8 }
      },
      "39": {
        "start": { "line": 150, "column": 2 },
        "end": { "line": 278, "column": 4 }
      },
      "40": {
        "start": { "line": 201, "column": 18 },
        "end": { "line": 203, "column": 27 }
      },
      "41": {
        "start": { "line": 265, "column": 32 },
        "end": { "line": 265, "column": 46 }
      },
      "42": {
        "start": { "line": 281, "column": 24 },
        "end": { "line": 286, "column": 2 }
      },
      "43": {
        "start": { "line": 289, "column": 2 },
        "end": { "line": 319, "column": 4 }
      },
      "44": {
        "start": { "line": 291, "column": 6 },
        "end": { "line": 291, "column": 36 }
      },
      "45": {
        "start": { "line": 302, "column": 6 },
        "end": { "line": 311, "column": 9 }
      },
      "46": {
        "start": { "line": 314, "column": 6 },
        "end": { "line": 314, "column": 56 }
      },
      "47": {
        "start": { "line": 317, "column": 6 },
        "end": { "line": 317, "column": 37 }
      },
      "48": {
        "start": { "line": 322, "column": 20 },
        "end": { "line": 325, "column": 1 }
      }
    },
    "fnMap": {
      "0": {
        "name": "EinviteOtherPage",
        "decl": {
          "start": { "line": 39, "column": 9 },
          "end": { "line": 39, "column": 25 }
        },
        "loc": {
          "start": { "line": 50, "column": 3 },
          "end": { "line": 279, "column": 1 }
        },
        "line": 50
      },
      "1": {
        "name": "(anonymous_1)",
        "decl": {
          "start": { "line": 63, "column": 12 },
          "end": { "line": 63, "column": 13 }
        },
        "loc": {
          "start": { "line": 63, "column": 18 },
          "end": { "line": 66, "column": 3 }
        },
        "line": 63
      },
      "2": {
        "name": "(anonymous_2)",
        "decl": {
          "start": { "line": 67, "column": 12 },
          "end": { "line": 67, "column": 13 }
        },
        "loc": {
          "start": { "line": 67, "column": 18 },
          "end": { "line": 70, "column": 3 }
        },
        "line": 67
      },
      "3": {
        "name": "(anonymous_3)",
        "decl": {
          "start": { "line": 71, "column": 12 },
          "end": { "line": 71, "column": 13 }
        },
        "loc": {
          "start": { "line": 71, "column": 18 },
          "end": { "line": 119, "column": 3 }
        },
        "line": 71
      },
      "4": {
        "name": "(anonymous_4)",
        "decl": {
          "start": { "line": 84, "column": 12 },
          "end": { "line": 84, "column": 13 }
        },
        "loc": {
          "start": { "line": 84, "column": 23 },
          "end": { "line": 84, "column": 51 }
        },
        "line": 84
      },
      "5": {
        "name": "(anonymous_5)",
        "decl": {
          "start": { "line": 96, "column": 12 },
          "end": { "line": 96, "column": 13 }
        },
        "loc": {
          "start": { "line": 96, "column": 23 },
          "end": { "line": 96, "column": 51 }
        },
        "line": 96
      },
      "6": {
        "name": "(anonymous_6)",
        "decl": {
          "start": { "line": 120, "column": 22 },
          "end": { "line": 120, "column": 23 }
        },
        "loc": {
          "start": { "line": 120, "column": 35 },
          "end": { "line": 132, "column": 3 }
        },
        "line": 120
      },
      "7": {
        "name": "(anonymous_7)",
        "decl": {
          "start": { "line": 133, "column": 24 },
          "end": { "line": 133, "column": 25 }
        },
        "loc": {
          "start": { "line": 133, "column": 31 },
          "end": { "line": 148, "column": 3 }
        },
        "line": 133
      },
      "8": {
        "name": "(anonymous_8)",
        "decl": {
          "start": { "line": 135, "column": 13 },
          "end": { "line": 135, "column": 14 }
        },
        "loc": {
          "start": { "line": 135, "column": 23 },
          "end": { "line": 147, "column": 5 }
        },
        "line": 135
      },
      "9": {
        "name": "(anonymous_9)",
        "decl": {
          "start": { "line": 200, "column": 29 },
          "end": { "line": 200, "column": 30 }
        },
        "loc": {
          "start": { "line": 201, "column": 18 },
          "end": { "line": 203, "column": 27 }
        },
        "line": 201
      },
      "10": {
        "name": "(anonymous_10)",
        "decl": {
          "start": { "line": 265, "column": 25 },
          "end": { "line": 265, "column": 26 }
        },
        "loc": {
          "start": { "line": 265, "column": 32 },
          "end": { "line": 265, "column": 46 }
        },
        "line": 265
      },
      "11": {
        "name": "mapDispatchToProps",
        "decl": {
          "start": { "line": 288, "column": 9 },
          "end": { "line": 288, "column": 27 }
        },
        "loc": {
          "start": { "line": 288, "column": 38 },
          "end": { "line": 320, "column": 1 }
        },
        "line": 288
      },
      "12": {
        "name": "(anonymous_12)",
        "decl": {
          "start": { "line": 290, "column": 15 },
          "end": { "line": 290, "column": 16 }
        },
        "loc": {
          "start": { "line": 290, "column": 21 },
          "end": { "line": 292, "column": 5 }
        },
        "line": 290
      },
      "13": {
        "name": "(anonymous_13)",
        "decl": {
          "start": { "line": 293, "column": 19 },
          "end": { "line": 293, "column": 20 }
        },
        "loc": {
          "start": { "line": 301, "column": 9 },
          "end": { "line": 312, "column": 5 }
        },
        "line": 301
      },
      "14": {
        "name": "(anonymous_14)",
        "decl": {
          "start": { "line": 313, "column": 19 },
          "end": { "line": 313, "column": 20 }
        },
        "loc": {
          "start": { "line": 313, "column": 37 },
          "end": { "line": 315, "column": 5 }
        },
        "line": 313
      },
      "15": {
        "name": "(anonymous_15)",
        "decl": {
          "start": { "line": 316, "column": 20 },
          "end": { "line": 316, "column": 21 }
        },
        "loc": {
          "start": { "line": 316, "column": 26 },
          "end": { "line": 318, "column": 5 }
        },
        "line": 316
      }
    },
    "branchMap": {
      "0": {
        "loc": {
          "start": { "line": 64, "column": 4 },
          "end": { "line": 65, "column": 61 }
        },
        "type": "if",
        "locations": [
          {
            "start": { "line": 64, "column": 4 },
            "end": { "line": 65, "column": 61 }
          },
          {
            "start": { "line": 64, "column": 4 },
            "end": { "line": 65, "column": 61 }
          }
        ],
        "line": 64
      },
      "1": {
        "loc": {
          "start": { "line": 65, "column": 20 },
          "end": { "line": 65, "column": 53 }
        },
        "type": "cond-expr",
        "locations": [
          {
            "start": { "line": 65, "column": 31 },
            "end": { "line": 65, "column": 39 }
          },
          {
            "start": { "line": 65, "column": 42 },
            "end": { "line": 65, "column": 53 }
          }
        ],
        "line": 65
      },
      "2": {
        "loc": {
          "start": { "line": 68, "column": 4 },
          "end": { "line": 68, "column": 57 }
        },
        "type": "if",
        "locations": [
          {
            "start": { "line": 68, "column": 4 },
            "end": { "line": 68, "column": 57 }
          },
          {
            "start": { "line": 68, "column": 4 },
            "end": { "line": 68, "column": 57 }
          }
        ],
        "line": 68
      },
      "3": {
        "loc": {
          "start": { "line": 72, "column": 4 },
          "end": { "line": 118, "column": 5 }
        },
        "type": "if",
        "locations": [
          {
            "start": { "line": 72, "column": 4 },
            "end": { "line": 118, "column": 5 }
          },
          {
            "start": { "line": 72, "column": 4 },
            "end": { "line": 118, "column": 5 }
          }
        ],
        "line": 72
      },
      "4": {
        "loc": {
          "start": { "line": 72, "column": 8 },
          "end": { "line": 72, "column": 68 }
        },
        "type": "binary-expr",
        "locations": [
          {
            "start": { "line": 72, "column": 8 },
            "end": { "line": 72, "column": 24 }
          },
          {
            "start": { "line": 72, "column": 28 },
            "end": { "line": 72, "column": 68 }
          }
        ],
        "line": 72
      },
      "5": {
        "loc": {
          "start": { "line": 75, "column": 14 },
          "end": { "line": 75, "column": 74 }
        },
        "type": "binary-expr",
        "locations": [
          {
            "start": { "line": 75, "column": 14 },
            "end": { "line": 75, "column": 35 }
          },
          {
            "start": { "line": 75, "column": 39 },
            "end": { "line": 75, "column": 74 }
          }
        ],
        "line": 75
      },
      "6": {
        "loc": {
          "start": { "line": 81, "column": 6 },
          "end": { "line": 117, "column": 7 }
        },
        "type": "if",
        "locations": [
          {
            "start": { "line": 81, "column": 6 },
            "end": { "line": 117, "column": 7 }
          },
          {
            "start": { "line": 81, "column": 6 },
            "end": { "line": 117, "column": 7 }
          }
        ],
        "line": 81
      },
      "7": {
        "loc": {
          "start": { "line": 82, "column": 8 },
          "end": { "line": 116, "column": 9 }
        },
        "type": "if",
        "locations": [
          {
            "start": { "line": 82, "column": 8 },
            "end": { "line": 116, "column": 9 }
          },
          {
            "start": { "line": 82, "column": 8 },
            "end": { "line": 116, "column": 9 }
          }
        ],
        "line": 82
      },
      "8": {
        "loc": {
          "start": { "line": 86, "column": 10 },
          "end": { "line": 93, "column": 15 }
        },
        "type": "if",
        "locations": [
          {
            "start": { "line": 86, "column": 10 },
            "end": { "line": 93, "column": 15 }
          },
          {
            "start": { "line": 86, "column": 10 },
            "end": { "line": 93, "column": 15 }
          }
        ],
        "line": 86
      },
      "9": {
        "loc": {
          "start": { "line": 89, "column": 20 },
          "end": { "line": 89, "column": 72 }
        },
        "type": "binary-expr",
        "locations": [
          {
            "start": { "line": 89, "column": 20 },
            "end": { "line": 89, "column": 37 }
          },
          {
            "start": { "line": 89, "column": 41 },
            "end": { "line": 89, "column": 72 }
          }
        ],
        "line": 89
      },
      "10": {
        "loc": {
          "start": { "line": 98, "column": 10 },
          "end": { "line": 115, "column": 11 }
        },
        "type": "if",
        "locations": [
          {
[...]
      },
      "31": {
        "start": { "line": 82, "column": 39 },
        "end": { "line": 84, "column": 1 }
      },
      "32": {
        "start": { "line": 83, "column": 2 },
        "end": { "line": 83, "column": 73 }
      },
      "33": {
        "start": { "line": 86, "column": 37 },
        "end": { "line": 88, "column": 1 }
      },
      "34": {
        "start": { "line": 87, "column": 2 },
        "end": { "line": 87, "column": 70 }
      },
      "35": {
        "start": { "line": 90, "column": 37 },
        "end": { "line": 92, "column": 1 }
      },
      "36": {
        "start": { "line": 91, "column": 2 },
        "end": { "line": 91, "column": 79 }
      },
      "37": {
        "start": { "line": 94, "column": 38 },
        "end": { "line": 96, "column": 1 }
      },
      "38": {
        "start": { "line": 95, "column": 2 },
        "end": { "line": 95, "column": 56 }
      },
      "39": {
        "start": { "line": 98, "column": 38 },
        "end": { "line": 100, "column": 1 }
      },
      "40": {
        "start": { "line": 99, "column": 2 },
        "end": { "line": 99, "column": 74 }
      },
      "41": {
        "start": { "line": 102, "column": 34 },
        "end": { "line": 104, "column": 1 }
      },
      "42": {
        "start": { "line": 103, "column": 2 },
        "end": { "line": 103, "column": 65 }
      },
      "43": {
        "start": { "line": 106, "column": 34 },
        "end": { "line": 108, "column": 1 }
      },
      "44": {
        "start": { "line": 107, "column": 2 },
        "end": { "line": 107, "column": 72 }
      },
      "45": {
        "start": { "line": 110, "column": 34 },
        "end": { "line": 112, "column": 1 }
      },
      "46": {
        "start": { "line": 111, "column": 2 },
        "end": { "line": 111, "column": 77 }
      },
      "47": {
        "start": { "line": 114, "column": 35 },
        "end": { "line": 116, "column": 1 }
      },
      "48": {
        "start": { "line": 115, "column": 2 },
        "end": { "line": 115, "column": 76 }
      },
      "49": {
        "start": { "line": 118, "column": 36 },
        "end": { "line": 120, "column": 1 }
      },
      "50": {
        "start": { "line": 119, "column": 2 },
        "end": { "line": 119, "column": 64 }
      },
      "51": {
        "start": { "line": 122, "column": 45 },
        "end": { "line": 124, "column": 1 }
      },
      "52": {
        "start": { "line": 123, "column": 2 },
        "end": { "line": 123, "column": 66 }
      },
      "53": {
        "start": { "line": 126, "column": 39 },
        "end": { "line": 128, "column": 1 }
      },
      "54": {
        "start": { "line": 127, "column": 2 },
        "end": { "line": 127, "column": 67 }
      },
      "55": {
        "start": { "line": 130, "column": 39 },
        "end": { "line": 132, "column": 1 }
      },
      "56": {
        "start": { "line": 131, "column": 2 },
        "end": { "line": 131, "column": 66 }
      },
      "57": {
        "start": { "line": 134, "column": 36 },
        "end": { "line": 136, "column": 1 }
      },
      "58": {
        "start": { "line": 135, "column": 2 },
        "end": { "line": 135, "column": 54 }
      },
      "59": {
        "start": { "line": 138, "column": 45 },
        "end": { "line": 140, "column": 1 }
      },
      "60": {
        "start": { "line": 139, "column": 2 },
        "end": { "line": 139, "column": 56 }
      },
      "61": {
        "start": { "line": 142, "column": 39 },
        "end": { "line": 144, "column": 1 }
      },
      "62": {
        "start": { "line": 143, "column": 2 },
        "end": { "line": 143, "column": 57 }
      },
      "63": {
        "start": { "line": 146, "column": 39 },
        "end": { "line": 148, "column": 1 }
      },
      "64": {
        "start": { "line": 147, "column": 2 },
        "end": { "line": 147, "column": 68 }
      },
      "65": {
        "start": { "line": 150, "column": 39 },
        "end": { "line": 152, "column": 1 }
      },
      "66": {
        "start": { "line": 151, "column": 2 },
        "end": { "line": 151, "column": 67 }
      },
      "67": {
        "start": { "line": 154, "column": 39 },
        "end": { "line": 156, "column": 1 }
      },
      "68": {
        "start": { "line": 155, "column": 2 },
        "end": { "line": 155, "column": 57 }
      },
      "69": {
        "start": { "line": 158, "column": 30 },
        "end": { "line": 160, "column": 1 }
      },
      "70": {
        "start": { "line": 159, "column": 2 },
        "end": { "line": 159, "column": 45 }
      },
      "71": {
        "start": { "line": 162, "column": 42 },
        "end": { "line": 167, "column": 1 }
      },
      "72": {
        "start": { "line": 163, "column": 2 },
        "end": { "line": 166, "column": 4 }
      },
      "73": {
        "start": { "line": 169, "column": 38 },
        "end": { "line": 171, "column": 1 }
      },
      "74": {
        "start": { "line": 170, "column": 2 },
        "end": { "line": 170, "column": 62 }
      },
      "75": {
        "start": { "line": 173, "column": 38 },
        "end": { "line": 175, "column": 1 }
      },
      "76": {
        "start": { "line": 174, "column": 2 },
        "end": { "line": 174, "column": 40 }
      },
      "77": {
        "start": { "line": 177, "column": 39 },
        "end": { "line": 179, "column": 1 }
      },
      "78": {
        "start": { "line": 178, "column": 2 },
        "end": { "line": 178, "column": 59 }
      }
    },
    "fnMap": {
      "0": {
        "name": "(anonymous_0)",
        "decl": {
          "start": { "line": 13, "column": 34 },
          "end": { "line": 13, "column": 35 }
        },
        "loc": {
          "start": { "line": 13, "column": 40 },
          "end": { "line": 15, "column": 1 }
        },
        "line": 13
      },
      "1": {
        "name": "(anonymous_1)",
        "decl": {
          "start": { "line": 17, "column": 34 },
          "end": { "line": 17, "column": 35 }
        },
        "loc": {
          "start": { "line": 17, "column": 40 },
          "end": { "line": 19, "column": 1 }
        },
        "line": 17
      },
      "2": {
        "name": "(anonymous_2)",
        "decl": {
          "start": { "line": 21, "column": 34 },
          "end": { "line": 21, "column": 35 }
        },
        "loc": {
          "start": { "line": 21, "column": 40 },
          "end": { "line": 26, "column": 1 }
        },
        "line": 21
      },
      "3": {
        "name": "(anonymous_3)",
        "decl": {
          "start": { "line": 28, "column": 39 },
          "end": { "line": 28, "column": 40 }
        },
        "loc": {
          "start": { "line": 28, "column": 45 },
          "end": { "line": 33, "column": 1 }
        },
        "line": 28
      },
      "4": {
        "name": "(anonymous_4)",
        "decl": {
          "start": { "line": 35, "column": 39 },
          "end": { "line": 35, "column": 40 }
        },
        "loc": {
          "start": { "line": 35, "column": 45 },
          "end": { "line": 40, "column": 1 }
        },
        "line": 35
      },
      "5": {
        "name": "(anonymous_5)",
        "decl": {
          "start": { "line": 42, "column": 34 },
          "end": { "line": 42, "column": 35 }
        },
        "loc": {
          "start": { "line": 42, "column": 40 },
          "end": { "line": 44, "column": 1 }
        },
        "line": 42
      },
      "6": {
        "name": "(anonymous_6)",
        "decl": {
          "start": { "line": 46, "column": 35 },
          "end": { "line": 46, "column": 36 }
        },
        "loc": {
          "start": { "line": 46, "column": 41 },
          "end": { "line": 48, "column": 1 }
        },
        "line": 46
      },
      "7": {
        "name": "(anonymous_7)",
        "decl": {
          "start": { "line": 50, "column": 36 },
          "end": { "line": 50, "column": 37 }
        },
        "loc": {
          "start": { "line": 50, "column": 42 },
          "end": { "line": 52, "column": 1 }
        },
        "line": 50
      },
      "8": {
        "name": "(anonymous_8)",
        "decl": {
          "start": { "line": 54, "column": 39 },
          "end": { "line": 54, "column": 40 }
        },
        "loc": {
          "start": { "line": 54, "column": 45 },
          "end": { "line": 56, "column": 1 }
        },
        "line": 54
      },
      "9": {
        "name": "(anonymous_9)",
        "decl": {
          "start": { "line": 58, "column": 45 },
          "end": { "line": 58, "column": 46 }
        },
        "loc": {
          "start": { "line": 58, "column": 51 },
          "end": { "line": 60, "column": 1 }
        },
        "line": 58
      },
      "10": {
        "name": "(anonymous_10)",
        "decl": {
          "start": { "line": 62, "column": 39 },
          "end": { "line": 62, "column": 40 }
        },
        "loc": {
          "start": { "line": 62, "column": 45 },
          "end": { "line": 64, "column": 1 }
        },
        "line": 62
      },
      "11": {
        "name": "(anonymous_11)",
        "decl": {
          "start": { "line": 66, "column": 39 },
          "end": { "line": 66, "column": 40 }
        },
        "loc": {
          "start": { "line": 66, "column": 45 },
          "end": { "line": 68, "column": 1 }
        },
        "line": 66
      },
      "12": {
        "name": "(anonymous_12)",
        "decl": {
          "start": { "line": 70, "column": 35 },
          "end": { "line": 70, "column": 36 }
        },
        "loc": {
          "start": { "line": 70, "column": 41 },
          "end": { "line": 72, "column": 1 }
        },
        "line": 70
      },
      "13": {
        "name": "(anonymous_13)",
        "decl": {
          "start": { "line": 74, "column": 36 },
          "end": { "line": 74, "column": 37 }
        },
        "loc": {
          "start": { "line": 74, "column": 42 },
          "end": { "line": 76, "column": 1 }
        },
        "line": 74
      },
      "14": {
        "name": "(anonymous_14)",
        "decl": {
          "start": { "line": 78, "column": 45 },
          "end": { "line": 78, "column": 46 }
        },
        "loc": {
          "start": { "line": 78, "column": 51 },
          "end": { "line": 80, "column": 1 }
        },
        "line": 78
      },
      "15": {
        "name": "(anonymous_15)",
        "decl": {
          "start": { "line": 82, "column": 39 },
          "end": { "line": 82, "column": 40 }
        },
        "loc": {
          "start": { "line": 82, "column": 45 },
          "end": { "line": 84, "column": 1 }
        },
        "line": 82
      },
      "16": {
        "name": "(anonymous_16)",
        "decl": {
          "start": { "line": 86, "column": 37 },
          "end": { "line": 86, "column": 38 }
        },
        "loc": {
          "start": { "line": 86, "column": 43 },
          "end": { "line": 88, "column": 1 }
        },
        "line": 86
      },
      "17": {
        "name": "(anonymous_17)",
        "decl": {
          "start": { "line": 90, "column": 37 },
          "end": { "line": 90, "column": 38 }
        },
        "loc": {
          "start": { "line": 90, "column": 43 },
          "end": { "line": 92, "column": 1 }
        },
        "line": 90
      },
      "18": {
        "name": "(anonymous_18)",
        "decl": {
          "start": { "line": 94, "column": 38 },
          "end": { "line": 94, "column": 39 }
        },
        "loc": {
          "start": { "line": 94, "column": 44 },
          "end": { "line": 96, "column": 1 }
        },
        "line": 94
      },
      "19": {
        "name": "(anonymous_19)",
        "decl": {
          "start": { "line": 98, "column": 38 },
          "end": { "line": 98, "column": 39 }
        },
        "loc": {
          "start": { "line": 98, "column": 44 },
          "end": { "line": 100, "column": 1 }
        },
        "line": 98
      },
      "20": {
        "name": "(anonymous_20)",
        "decl": {
          "start": { "line": 102, "column": 34 },
          "end": { "line": 102, "column": 35 }
        },
        "loc": {
          "start": { "line": 102, "column": 40 },
          "end": { "line": 104, "column": 1 }
        },
        "line": 102
      },
      "21": {
        "name": "(anonymous_21)",
        "decl": {
          "start": { "line": 106, "column": 34 },
          "end": { "line": 106, "column": 35 }
        },
        "loc": {
          "start": { "line": 106, "column": 40 },
          "end": { "line": 108, "column": 1 }
        },
        "line": 106
      },
      "22": {
        "name": "(anonymous_22)",
        "decl": {
          "start": { "line": 110, "column": 34 },
          "end": { "line": 110, "column": 35 }
        },
        "loc": {
          "start": { "line": 110, "column": 46 },
          "end": { "line": 112, "column": 1 }
        },
        "line": 110
      },
      "23": {
        "name": "(anonymous_23)",
        "decl": {
          "start": { "line": 114, "column": 35 },
          "end": { "line": 114, "column": 36 }
        },
        "loc": {
          "start": { "line": 114, "column": 47 },
          "end": { "line": 116, "column": 1 }
        },
        "line": 114
      },
      "24": {
        "name": "(anonymous_24)",
        "decl": {
          "start": { "line": 118, "column": 36 },
          "end": { "line": 118, "column": 37 }
        },
        "loc": {
          "start": { "line": 118, "column": 42 },
          "end": { "line": 120, "column": 1 }
        },
        "line": 118
      },
      "25": {
        "name": "(anonymous_25)",
        "decl": {
          "start": { "line": 122, "column": 45 },
          "end": { "line": 122, "column": 46 }
        },
        "loc": {
          "start": { "line": 122, "column": 51 },
          "end": { "line": 124, "column": 1 }
        },
        "line": 122
      },
      "26": {
        "name": "(anonymous_26)",
        "decl": {
          "start": { "line": 126, "column": 39 },
          "end": { "line": 126, "column": 40 }
        },
        "loc": {
          "start": { "line": 126, "column": 45 },
          "end": { "line": 128, "column": 1 }
        },
        "line": 126
      },
      "27": {
        "name": "(anonymous_27)",
        "decl": {
          "start": { "line": 130, "column": 39 },
          "end": { "line": 130, "column": 40 }
        },
        "loc": {
          "start": { "line": 130, "column": 45 },
          "end": { "line": 132, "column": 1 }
        },
        "line": 130
      },
      "28": {
        "name": "(anonymous_28)",
        "decl": {
          "start": { "line": 134, "column": 36 },
          "end": { "line": 134, "column": 37 }
        },
        "loc": {
          "start": { "line": 134, "column": 42 },
          "end": { "line": 136, "column": 1 }
        },
        "line": 134
      },
      "29": {
        "name": "(anonymous_29)",
        "decl": {
          "start": { "line": 138, "column": 45 },
          "end": { "line": 138, "column": 46 }
        },
        "loc": {
          "start": { "line": 138, "column": 51 },
          "end": { "line": 140, "column": 1 }
        },
        "line": 138
      },
      "30": {
        "name": "(anonymous_30)",
        "decl": {
          "start": { "line": 142, "column": 39 },
          "end": { "line": 142, "column": 40 }
        },
        "loc": {
          "start": { "line": 142, "column": 45 },
          "end": { "line": 144, "column": 1 }
        },
        "line": 142
      },
      "31": {
        "name": "(anonymous_31)",
        "decl": {
          "start": { "line": 146, "column": 39 },
          "end": { "line": 146, "column": 40 }
        },
        "loc": {
          "start": { "line": 146, "column": 45 },
          "end": { "line": 148, "column": 1 }
        },
        "line": 146
      },
      "32": {
        "name": "(anonymous_32)",
        "decl": {
          "start": { "line": 150, "column": 39 },
          "end": { "line": 150, "column": 40 }
        },
        "loc": {
          "start": { "line": 150, "column": 45 },
          "end": { "line": 152, "column": 1 }
        },
        "line": 150
      },
      "33": {
        "name": "(anonymous_33)",
        "decl": {
          "start": { "line": 154, "column": 39 },
          "end": { "line": 154, "column": 40 }
        },
        "loc": {
          "start": { "line": 154, "column": 45 },
          "end": { "line": 156, "column": 1 }
        },
        "line": 154
      },
      "34": {
        "name": "(anonymous_34)",
        "decl": {
          "start": { "line": 158, "column": 30 },
          "end": { "line": 158, "column": 31 }
        },
        "loc": {
          "start": { "line": 158, "column": 43 },
          "end": { "line": 160, "column": 1 }
        },
        "line": 158
      },
      "35": {
        "name": "(anonymous_35)",
        "decl": {
          "start": { "line": 162, "column": 42 },
          "end": { "line": 162, "column": 43 }
        },
        "loc": {
          "start": { "line": 162, "column": 48 },
          "end": { "line": 167, "column": 1 }
        },
        "line": 162
      },
      "36": {
        "name": "(anonymous_36)",
        "decl": {
          "start": { "line": 169, "column": 38 },
          "end": { "line": 169, "column": 39 }
        },
        "loc": {
          "start": { "line": 169, "column": 44 },
          "end": { "line": 171, "column": 1 }
        },
        "line": 169
      },
      "37": {
        "name": "(anonymous_37)",
        "decl": {
          "start": { "line": 173, "column": 38 },
          "end": { "line": 173, "column": 39 }
        },
        "loc": {
          "start": { "line": 173, "column": 51 },
          "end": { "line": 175, "column": 1 }
        },
        "line": 173
      },
      "38": {
        "name": "(anonymous_38)",
        "decl": {
          "start": { "line": 177, "column": 39 },
          "end": { "line": 177, "column": 40 }
        },
        "loc": {
          "start": { "line": 177, "column": 45 },
          "end": { "line": 179, "column": 1 }
        },
        "line": 177
      }
    },
    "branchMap": {},
    "s": {
      "0": 0,
      "1": 0,
      "2": 0,
      "3": 0,
      "4": 0,
      "5": 0,
      "6": 0,
      "7": 0,
      "8": 0,
      "9": 0,
      "10": 0,
      "11": 0,
      "12": 0,
      "13": 0,
      "14": 0,
      "15": 0,
      "16": 0,
      "17": 0,
      "18": 0,
      "19": 0,
      "20": 0,
      "21": 0,
      "22": 0,
      "23": 0,
      "24": 0,
      "25": 0,
      "26": 0,
      "27": 0,
      "28": 0,
      "29": 0,
      "30": 0,
      "31": 0,
      "32": 0,
      "33": 0,
      "34": 0,
      "35": 0,
      "36": 0,
      "37": 0,
      "38": 0,
      "39": 0,
      "40": 0,
      "41": 0,
      "42": 0,
      "43": 0,
      "44": 0,
      "45": 0,
      "46": 0,
      "47": 0,
      "48": 0,
      "49": 0,
      "50": 0,
      "51": 0,
      "52": 0,
      "53": 0,
      "54": 0,
      "55": 0,
      "56": 0,
      "57": 0,
      "58": 0,
      "59": 0,
      "60": 0,
      "61": 0,
      "62": 0,
      "63": 0,
      "64": 0,
      "65": 0,
      "66": 0,
      "67": 0,
      "68": 0,
      "69": 0,
      "70": 0,
      "71": 0,
      "72": 0,
      "73": 0,
      "74": 0,
      "75": 0,
      "76": 0,
      "77": 0,
      "78": 0
    },
    "f": {
      "0": 0,
      "1": 0,
      "2": 0,
      "3": 0,
      "4": 0,
      "5": 0,
      "6": 0,
      "7": 0,
      "8": 0,
      "9": 0,
      "10": 0,
      "11": 0,
      "12": 0,
      "13": 0,
      "14": 0,
      "15": 0,
      "16": 0,
      "17": 0,
      "18": 0,
      "19": 0,
      "20": 0,
      "21": 0,
      "22": 0,
      "23": 0,
      "24": 0,
      "25": 0,
      "26": 0,
      "27": 0,
      "28": 0,
      "29": 0,
      "30": 0,
      "31": 0,
      "32": 0,
      "33": 0,
      "34": 0,
      "35": 0,
      "36": 0,
      "37": 0,
      "38": 0
    },
    "b": {}
  }
}
