TN:
SF:/Users/kamaljain/Desktop/Desktop-04-11-2022/pesto-project/wedly-fr/app/configureStore.js
FN:10,configureStore
FNF:1
FNH:0
FNDA:0,configureStore
DA:11,0
DA:12,0
DA:30,0
DA:35,0
DA:37,0
DA:39,0
DA:46,0
DA:47,0
DA:48,0
DA:57,0
LF:10
LH:0
BRDA:10,0,0,0
BRF:1
BRH:0
end_of_record
TN:
SF:/Users/kamaljain/Desktop/Desktop-04-11-2022/pesto-project/wedly-fr/app/i18n.js
FN:28,(anonymous_0)
FN:33,(anonymous_1)
FNF:2
FNH:2
FNDA:15,(anonymous_0)
FNDA:425,(anonymous_1)
DA:10,5
DA:11,5
DA:12,5
DA:14,5
DA:15,5
DA:17,5
DA:18,5
DA:20,5
DA:23,5
DA:28,5
DA:30,15
DA:33,15
DA:35,425
DA:38,425
DA:40,15
DA:43,5
DA:48,5
DA:49,5
DA:50,5
DA:51,5
LF:20
LH:20
BRDA:30,0,0,5
BRDA:30,0,1,10
BRDA:35,1,0,40
BRDA:35,1,1,385
BRDA:35,2,0,425
BRDA:35,2,1,40
BRF:6
BRH:6
end_of_record
TN:
SF:/Users/kamaljain/Desktop/Desktop-04-11-2022/pesto-project/wedly-fr/app/reducers.js
FN:15,createReducer
FNF:1
FNH:0
FNDA:0,createReducer
DA:16,0
DA:23,0
LF:2
LH:0
BRDA:15,0,0,0
BRF:1
BRH:0
end_of_record
TN:
SF:/Users/kamaljain/Desktop/Desktop-04-11-2022/pesto-project/wedly-fr/app/components/A/index.js
FNF:0
FNH:0
DA:7,0
LF:1
LH:0
BRF:0
BRH:0
end_of_record
TN:
SF:/Users/kamaljain/Desktop/Desktop-04-11-2022/pesto-project/wedly-fr/app/components/AboutUsSection/index.js
FN:3,AboutUs
FNF:1
FNH:0
FNDA:0,AboutUs
DA:4,0
LF:1
LH:0
BRF:0
BRH:0
end_of_record
TN:
SF:/Users/kamaljain/Desktop/Desktop-04-11-2022/pesto-project/wedly-fr/app/components/AddEventModal/index.js
FN:14,AddEventModal
FN:40,(anonymous_1)
FN:42,(anonymous_2)
FN:57,(anonymous_3)
FN:61,(anonymous_4)
FN:85,(anonymous_5)
FN:96,(anonymous_6)
FN:104,(anonymous_7)
FN:123,(anonymous_8)
FN:195,(anonymous_9)
FN:211,(anonymous_10)
FN:242,mapDispatchToProps
FN:244,(anonymous_12)
FN:247,(anonymous_13)
FNF:14
FNH:0
FNDA:0,AddEventModal
FNDA:0,(anonymous_1)
FNDA:0,(anonymous_2)
FNDA:0,(anonymous_3)
FNDA:0,(anonymous_4)
FNDA:0,(anonymous_5)
FNDA:0,(anonymous_6)
FNDA:0,(anonymous_7)
FNDA:0,(anonymous_8)
FNDA:0,(anonymous_9)
FNDA:0,(anonymous_10)
FNDA:0,mapDispatchToProps
FNDA:0,(anonymous_12)
FNDA:0,(anonymous_13)
DA:26,0
DA:27,0
DA:28,0
DA:29,0
DA:40,0
DA:41,0
DA:42,0
DA:43,0
DA:44,0
DA:50,0
DA:57,0
DA:58,0
DA:61,0
DA:62,0
DA:63,0
DA:64,0
DA:71,0
DA:73,0
DA:81,0
DA:85,0
DA:86,0
DA:87,0
DA:89,0
DA:93,0
DA:96,0
DA:105,0
DA:124,0
DA:201,0
DA:212,0
DA:217,0
DA:243,0
DA:245,0
DA:248,0
DA:253,0
LF:34
LH:0
BRDA:26,0,0,0
BRDA:26,0,1,0
BRDA:31,1,0,0
BRDA:31,1,1,0
BRDA:33,2,0,0
BRDA:33,2,1,0
BRDA:36,3,0,0
BRDA:36,3,1,0
BRDA:37,4,0,0
BRDA:37,4,1,0
BRDA:38,5,0,0
BRDA:38,5,1,0
BRDA:43,6,0,0
BRDA:43,6,1,0
BRDA:43,7,0,0
BRDA:43,7,1,0
BRDA:63,8,0,0
BRDA:63,8,1,0
BRDA:86,9,0,0
BRDA:86,9,1,0
BRDA:100,10,0,0
BRDA:100,10,1,0
BRDA:130,11,0,0
BRDA:130,11,1,0
BRDA:183,12,0,0
BRDA:183,12,1,0
BRDA:183,13,0,0
BRDA:183,13,1,0
BRDA:209,14,0,0
BRDA:209,14,1,0
BRDA:213,15,0,0
BRDA:213,15,1,0
BRDA:214,16,0,0
BRDA:214,16,1,0
BRDA:234,17,0,0
BRDA:234,17,1,0
BRF:36
BRH:0
end_of_record
TN:
SF:/Users/kamaljain/Desktop/Desktop-04-11-2022/pesto-project/wedly-fr/app/components/AddGuestModal/index.js
FN:7,AddGuestModal
FN:22,(anonymous_1)
FN:24,(anonymous_2)
FN:30,(anonymous_3)
FN:38,(anonymous_4)
FN:57,(anonymous_5)
FN:66,(anonymous_6)
FN:133,mapDispatchToProps
FN:135,(anonymous_8)
FN:138,(anonymous_9)
FNF:10
FNH:0
FNDA:0,AddGuestModal
FNDA:0,(anonymous_1)
FNDA:0,(anonymous_2)
FNDA:0,(anonymous_3)
FNDA:0,(anonymous_4)
FNDA:0,(anonymous_5)
FNDA:0,(anonymous_6)
FNDA:0,mapDispatchToProps
FNDA:0,(anonymous_8)
FNDA:0,(anonymous_9)
DA:17,0
DA:22,0
DA:23,0
DA:24,0
DA:30,0
DA:31,0
DA:32,0
DA:34,0
DA:38,0
DA:39,0
DA:40,0
DA:41,0
DA:42,0
DA:44,0
DA:50,0
DA:54,0
DA:57,0
DA:67,0
DA:134,0
DA:136,0
DA:139,0
DA:144,0
LF:22
LH:0
BRDA:18,0,0,0
BRDA:18,0,1,0
BRDA:19,1,0,0
BRDA:19,1,1,0
BRDA:20,2,0,0
BRDA:20,2,1,0
BRDA:31,3,0,0
BRDA:31,3,1,0
BRDA:40,4,0,0
BRDA:40,4,1,0
BRDA:61,5,0,0
BRDA:61,5,1,0
BRDA:125,6,0,0
BRDA:125,6,1,0
BRF:14
BRH:0
end_of_record
TN:
SF:/Users/kamaljain/Desktop/Desktop-04-11-2022/pesto-project/wedly-fr/app/components/Button/A.js
FNF:0
FNH:0
DA:5,0
LF:1
LH:0
BRF:0
BRH:0
end_of_record
TN:
SF:/Users/kamaljain/Desktop/Desktop-04-11-2022/pesto-project/wedly-fr/app/components/Button/StyledButton.js
FNF:0
FNH:0
DA:5,0
LF:1
LH:0
BRF:0
BRH:0
end_of_record
TN:
SF:/Users/kamaljain/Desktop/Desktop-04-11-2022/pesto-project/wedly-fr/app/components/Button/Wrapper.js
FNF:0
FNH:0
DA:3,0
LF:1
LH:0
BRF:0
BRH:0
end_of_record
TN:
SF:/Users/kamaljain/Desktop/Desktop-04-11-2022/pesto-project/wedly-fr/app/components/Button/buttonStyles.js
FNF:0
FNH:0
DA:3,0
LF:1
LH:0
BRF:0
BRH:0
end_of_record
TN:
SF:/Users/kamaljain/Desktop/Desktop-04-11-2022/pesto-project/wedly-fr/app/components/Button/index.js
FN:4,Button
FNF:1
FNH:0
FNDA:0,Button
DA:5,0
LF:1
LH:0
BRF:0
BRH:0
end_of_record
TN:
SF:/Users/kamaljain/Desktop/Desktop-04-11-2022/pesto-project/wedly-fr/app/components/ContactUsSection/index.js
FN:3,ContactUs
FNF:1
FNH:0
FNDA:0,ContactUs
DA:4,0
LF:1
LH:0
BRF:0
BRH:0
end_of_record
TN:
SF:/Users/kamaljain/Desktop/Desktop-04-11-2022/pesto-project/wedly-fr/app/components/Details/index.js
FN:7,Details
FN:8,(anonymous_1)
FN:10,(anonymous_2)
FN:22,(anonymous_3)
FN:90,(anonymous_4)
FN:111,(anonymous_5)
FNF:6
FNH:0
FNDA:0,Details
FNDA:0,(anonymous_1)
FNDA:0,(anonymous_2)
FNDA:0,(anonymous_3)
FNDA:0,(anonymous_4)
FNDA:0,(anonymous_5)
DA:5,0
DA:8,0
DA:9,0
DA:10,0
DA:15,0
DA:22,0
DA:91,0
DA:112,0
LF:8
LH:0
BRDA:87,0,0,0
BRDA:87,0,1,0
BRF:2
BRH:0
end_of_record
TN:
SF:/Users/kamaljain/Desktop/Desktop-04-11-2022/pesto-project/wedly-fr/app/components/EinviteFirstPage/index.js
FN:42,EinviteFirstPage
FN:66,(anonymous_1)
FN:70,(anonymous_2)
FN:75,(anonymous_3)
FN:85,(anonymous_4)
FN:92,(anonymous_5)
FN:141,(anonymous_6)
FN:160,(anonymous_7)
FN:177,(anonymous_8)
FN:215,mapDispatchToProps
FN:217,(anonymous_10)
FN:220,(anonymous_11)
FN:223,(anonymous_12)
FN:232,(anonymous_13)
FN:235,(anonymous_14)
FNF:15
FNH:0
FNDA:0,EinviteFirstPage
FNDA:0,(anonymous_1)
FNDA:0,(anonymous_2)
FNDA:0,(anonymous_3)
FNDA:0,(anonymous_4)
FNDA:0,(anonymous_5)
FNDA:0,(anonymous_6)
FNDA:0,(anonymous_7)
FNDA:0,(anonymous_8)
FNDA:0,mapDispatchToProps
FNDA:0,(anonymous_10)
FNDA:0,(anonymous_11)
FNDA:0,(anonymous_12)
FNDA:0,(anonymous_13)
FNDA:0,(anonymous_14)
DA:28,0
DA:36,0
DA:56,0
DA:57,0
DA:58,0
DA:59,0
DA:60,0
DA:61,0
DA:63,0
DA:64,0
DA:65,0
DA:66,0
DA:67,0
DA:68,0
DA:70,0
DA:71,0
DA:72,0
DA:73,0
DA:75,0
DA:76,0
DA:77,0
DA:78,0
DA:79,0
DA:81,0
DA:82,0
DA:83,0
DA:84,0
DA:85,0
DA:87,0
DA:92,0
DA:93,0
DA:94,0
DA:96,0
DA:141,0
DA:160,0
DA:177,0
DA:206,0
DA:216,0
DA:218,0
DA:221,0
DA:224,0
DA:233,0
DA:236,0
DA:241,0
LF:44
LH:0
BRDA:67,0,0,0
BRDA:67,0,1,0
BRDA:68,1,0,0
BRDA:68,1,1,0
BRDA:71,2,0,0
BRDA:71,2,1,0
BRDA:76,3,0,0
BRDA:76,3,1,0
BRDA:76,4,0,0
BRDA:76,4,1,0
BRDA:81,5,0,0
BRDA:81,5,1,0
BRDA:82,6,0,0
BRDA:82,6,1,0
BRDA:83,7,0,0
BRDA:83,7,1,0
BRDA:87,8,0,0
BRDA:87,8,1,0
BRDA:100,9,0,0
BRDA:100,9,1,0
BRDA:100,10,0,0
BRDA:100,10,1,0
BRDA:117,11,0,0
BRDA:117,11,1,0
BRDA:191,12,0,0
BRDA:191,12,1,0
BRDA:194,13,0,0
BRDA:194,13,1,0
BRF:28
BRH:0
end_of_record
TN:
SF:/Users/kamaljain/Desktop/Desktop-04-11-2022/pesto-project/wedly-fr/app/components/EinviteOtherPage/index.js
FN:39,EinviteOtherPage
FN:63,(anonymous_1)
FN:67,(anonymous_2)
FN:71,(anonymous_3)
FN:84,(anonymous_4)
FN:96,(anonymous_5)
FN:120,(anonymous_6)
FN:133,(anonymous_7)
FN:135,(anonymous_8)
FN:200,(anonymous_9)
FN:265,(anonymous_10)
FN:288,mapDispatchToProps
FN:290,(anonymous_12)
FN:293,(anonymous_13)
FN:313,(anonymous_14)
FN:316,(anonymous_15)
FNF:16
FNH:0
FNDA:0,EinviteOtherPage
FNDA:0,(anonymous_1)
FNDA:0,(anonymous_2)
FNDA:0,(anonymous_3)
FNDA:0,(anonymous_4)
FNDA:0,(anonymous_5)
FNDA:0,(anonymous_6)
FNDA:0,(anonymous_7)
FNDA:0,(anonymous_8)
FNDA:0,(anonymous_9)
FNDA:0,(anonymous_10)
FNDA:0,mapDispatchToProps
FNDA:0,(anonymous_12)
FNDA:0,(anonymous_13)
FNDA:0,(anonymous_14)
FNDA:0,(anonymous_15)
DA:24,0
DA:32,0
DA:51,0
DA:52,0
DA:53,0
DA:54,0
DA:55,0
DA:63,0
DA:64,0
DA:65,0
DA:67,0
DA:68,0
DA:69,0
DA:71,0
DA:72,0
DA:73,0
DA:81,0
DA:82,0
DA:83,0
DA:84,0
DA:86,0
DA:87,0
DA:95,0
DA:96,0
DA:98,0
DA:99,0
DA:100,0
DA:108,0
DA:120,0
DA:121,0
DA:122,0
DA:123,0
DA:133,0
DA:134,0
DA:135,0
DA:136,0
DA:137,0
DA:143,0
DA:150,0
DA:201,0
DA:265,0
DA:281,0
DA:289,0
DA:291,0
DA:302,0
DA:314,0
DA:317,0
DA:322,0
LF:48
LH:0
BRDA:64,0,0,0
BRDA:64,0,1,0
BRDA:65,1,0,0
BRDA:65,1,1,0
BRDA:68,2,0,0
BRDA:68,2,1,0
BRDA:72,3,0,0
BRDA:72,3,1,0
BRDA:72,4,0,0
BRDA:72,4,1,0
BRDA:75,5,0,0
BRDA:75,5,1,0
BRDA:81,6,0,0
BRDA:81,6,1,0
BRDA:82,7,0,0
BRDA:82,7,1,0
BRDA:86,8,0,0
BRDA:86,8,1,0
BRDA:89,9,0,0
BRDA:89,9,1,0
BRDA:98,10,0,0
BRDA:98,10,1,0
BRDA:101,11,0,0
BRDA:101,11,1,0
BRDA:102,12,0,0
BRDA:102,12,1,0
BRDA:136,13,0,0
BRDA:136,13,1,0
BRDA:136,14,0,0
BRDA:136,14,1,0
BRDA:153,15,0,0
BRDA:153,15,1,0
BRDA:162,16,0,0
BRDA:162,16,1,0
BRDA:166,17,0,0
BRDA:166,17,1,0
BRDA:170,18,0,0
BRDA:170,18,1,0
BRDA:207,19,0,0
BRDA:207,19,1,0
BRDA:274,20,0,0
BRDA:274,20,1,0
BRF:42
BRH:0
end_of_record
TN:
SF:/Users/kamaljain/Desktop/Desktop-04-11-2022/pesto-project/wedly-fr/app/components/EventsSection/index.js
FN:13,EventsSection
FN:25,(anonymous_1)
FN:28,(anonymous_2)
FN:41,(anonymous_3)
FN:59,(anonymous_4)
FN:67,(anonymous_5)
FN:82,(anonymous_6)
FN:94,(anonymous_7)
FN:131,(anonymous_8)
FN:153,(anonymous_9)
FN:154,(anonymous_10)
FN:155,(anonymous_11)
FN:164,(anonymous_12)
FNF:13
FNH:0
FNDA:0,EventsSection
FNDA:0,(anonymous_1)
FNDA:0,(anonymous_2)
FNDA:0,(anonymous_3)
FNDA:0,(anonymous_4)
FNDA:0,(anonymous_5)
FNDA:0,(anonymous_6)
FNDA:0,(anonymous_7)
FNDA:0,(anonymous_8)
FNDA:0,(anonymous_9)
FNDA:0,(anonymous_10)
FNDA:0,(anonymous_11)
FNDA:0,(anonymous_12)
DA:12,0
DA:21,0
DA:22,0
DA:23,0
DA:25,0
DA:26,0
DA:28,0
DA:29,0
DA:35,0
DA:41,0
DA:59,0
DA:68,0
DA:83,0
DA:95,0
DA:132,0
DA:154,0
DA:155,0
DA:156,0
DA:164,0
LF:19
LH:0
BRDA:31,0,0,0
BRDA:31,0,1,0
BRDA:37,1,0,0
BRDA:37,1,1,0
BRDA:41,2,0,0
BRDA:41,2,1,0
BRDA:41,3,0,0
BRDA:41,3,1,0
BRDA:41,3,2,0
BRDA:76,4,0,0
BRDA:76,4,1,0
BRDA:96,5,0,0
BRDA:96,5,1,0
BRDA:101,6,0,0
BRDA:101,6,1,0
BRDA:107,7,0,0
BRDA:107,7,1,0
BRDA:156,8,0,0
BRDA:156,8,1,0
BRDA:184,9,0,0
BRDA:184,9,1,0
BRDA:187,10,0,0
BRDA:187,10,1,0
BRDA:194,11,0,0
BRDA:194,11,1,0
BRF:25
BRH:0
end_of_record
TN:
SF:/Users/kamaljain/Desktop/Desktop-04-11-2022/pesto-project/wedly-fr/app/components/FeaturesSection/features.js
FNF:0
FNH:0
DA:6,0
LF:1
LH:0
BRF:0
BRH:0
end_of_record
TN:
SF:/Users/kamaljain/Desktop/Desktop-04-11-2022/pesto-project/wedly-fr/app/components/FeaturesSection/index.js
FN:3,FeaturesSection
FN:6,(anonymous_1)
FNF:2
FNH:0
FNDA:0,FeaturesSection
FNDA:0,(anonymous_1)
DA:4,0
DA:7,0
LF:2
LH:0
BRF:0
BRH:0
end_of_record
TN:
SF:/Users/kamaljain/Desktop/Desktop-04-11-2022/pesto-project/wedly-fr/app/components/FeedbackCard/index.js
FN:3,Feedback
FNF:1
FNH:0
FNDA:0,Feedback
DA:4,0
DA:5,0
LF:2
LH:0
BRF:0
BRH:0
end_of_record
TN:
SF:/Users/kamaljain/Desktop/Desktop-04-11-2022/pesto-project/wedly-fr/app/components/FeedbackSection/feedbacks.js
FNF:0
FNH:0
DA:3,0
LF:1
LH:0
BRF:0
BRH:0
end_of_record
TN:
SF:/Users/kamaljain/Desktop/Desktop-04-11-2022/pesto-project/wedly-fr/app/components/FeedbackSection/index.js
FN:8,Feedback
FN:41,(anonymous_1)
FN:48,(anonymous_2)
FN:55,(anonymous_3)
FNF:4
FNH:0
FNDA:0,Feedback
FNDA:0,(anonymous_1)
FNDA:0,(anonymous_2)
FNDA:0,(anonymous_3)
DA:9,0
DA:18,0
DA:27,0
DA:36,0
DA:42,0
DA:49,0
DA:56,0
LF:7
LH:0
BRF:0
BRH:0
end_of_record
TN:
SF:/Users/kamaljain/Desktop/Desktop-04-11-2022/pesto-project/wedly-fr/app/components/Footer/Wrapper.js
FNF:0
FNH:0
LF:0
LH:0
BRF:0
BRH:0
end_of_record
TN:
SF:/Users/kamaljain/Desktop/Desktop-04-11-2022/pesto-project/wedly-fr/app/components/Footer/index.js
FN:5,Footer
FNF:1
FNH:0
FNDA:0,Footer
DA:6,0
LF:1
LH:0
BRF:0
BRH:0
end_of_record
TN:
SF:/Users/kamaljain/Desktop/Desktop-04-11-2022/pesto-project/wedly-fr/app/components/Footer/messages.js
FNF:0
FNH:0
DA:8,0
LF:1
LH:0
BRF:0
BRH:0
end_of_record
TN:
SF:/Users/kamaljain/Desktop/Desktop-04-11-2022/pesto-project/wedly-fr/app/components/GuestsSection/index.js
FN:18,GuestsSection
FN:33,(anonymous_1)
FN:36,(anonymous_2)
FN:45,(anonymous_3)
FN:64,(anonymous_4)
FN:72,(anonymous_5)
FN:83,(anonymous_6)
FN:91,(anonymous_7)
FN:110,(anonymous_8)
FN:116,(anonymous_9)
FN:132,(anonymous_10)
FN:165,(anonymous_11)
FN:201,(anonymous_12)
FN:202,(anonymous_13)
FN:203,(anonymous_14)
FN:212,(anonymous_15)
FN:257,mapDispatchToProps
FN:259,(anonymous_17)
FNF:18
FNH:0
FNDA:0,GuestsSection
FNDA:0,(anonymous_1)
FNDA:0,(anonymous_2)
FNDA:0,(anonymous_3)
FNDA:0,(anonymous_4)
FNDA:0,(anonymous_5)
FNDA:0,(anonymous_6)
FNDA:0,(anonymous_7)
FNDA:0,(anonymous_8)
FNDA:0,(anonymous_9)
FNDA:0,(anonymous_10)
FNDA:0,(anonymous_11)
FNDA:0,(anonymous_12)
FNDA:0,(anonymous_13)
FNDA:0,(anonymous_14)
FNDA:0,(anonymous_15)
FNDA:0,mapDispatchToProps
FNDA:0,(anonymous_17)
DA:17,0
DA:30,0
DA:31,0
DA:32,0
DA:33,0
DA:34,0
DA:36,0
DA:37,0
DA:39,0
DA:45,0
DA:65,0
DA:73,0
DA:83,0
DA:91,0
DA:110,0
DA:117,0
DA:133,0
DA:166,0
DA:202,0
DA:203,0
DA:204,0
DA:212,0
DA:258,0
DA:260,0
DA:265,0
LF:25
LH:0
BRDA:43,0,0,0
BRDA:43,0,1,0
BRDA:43,1,0,0
BRDA:43,1,1,0
BRDA:43,1,2,0
BRDA:43,1,3,0
BRDA:98,2,0,0
BRDA:98,2,1,0
BRDA:109,3,0,0
BRDA:109,3,1,0
BRDA:135,4,0,0
BRDA:135,4,1,0
BRDA:142,5,0,0
BRDA:142,5,1,0
BRDA:163,6,0,0
BRDA:163,6,1,0
BRDA:168,7,0,0
BRDA:168,7,1,0
BRDA:171,8,0,0
BRDA:171,8,1,0
BRDA:204,9,0,0
BRDA:204,9,1,0
BRDA:233,10,0,0
BRDA:233,10,1,0
BRDA:236,11,0,0
BRDA:236,11,1,0
BRDA:243,12,0,0
BRDA:243,12,1,0
BRF:28
BRH:0
end_of_record
TN:
SF:/Users/kamaljain/Desktop/Desktop-04-11-2022/pesto-project/wedly-fr/app/components/H1/index.js
FN:4,H1
FNF:1
FNH:0
FNDA:0,H1
DA:5,0
LF:1
LH:0
BRF:0
BRH:0
end_of_record
TN:
SF:/Users/kamaljain/Desktop/Desktop-04-11-2022/pesto-project/wedly-fr/app/components/H2/index.js
FNF:0
FNH:0
DA:3,0
LF:1
LH:0
BRF:0
BRH:0
end_of_record
TN:
SF:/Users/kamaljain/Desktop/Desktop-04-11-2022/pesto-project/wedly-fr/app/components/H3/index.js
FN:4,H3
FNF:1
FNH:0
FNDA:0,H3
DA:5,0
LF:1
LH:0
BRF:0
BRH:0
end_of_record
TN:
SF:/Users/kamaljain/Desktop/Desktop-04-11-2022/pesto-project/wedly-fr/app/components/Header/A.js
FNF:0
FNH:0
DA:4,0
LF:1
LH:0
BRF:0
BRH:0
end_of_record
TN:
SF:/Users/kamaljain/Desktop/Desktop-04-11-2022/pesto-project/wedly-fr/app/components/Header/HeaderLink.js
FNF:0
FNH:0
LF:0
LH:0
BRF:0
BRH:0
end_of_record
TN:
SF:/Users/kamaljain/Desktop/Desktop-04-11-2022/pesto-project/wedly-fr/app/components/Header/Img.js
FNF:0
FNH:0
DA:5,0
LF:1
LH:0
BRF:0
BRH:0
end_of_record
TN:
SF:/Users/kamaljain/Desktop/Desktop-04-11-2022/pesto-project/wedly-fr/app/components/Header/MobileNavbar.js
FN:22,MobileNavBar
FN:30,(anonymous_1)
FN:43,(anonymous_2)
FN:49,(anonymous_3)
FN:61,(anonymous_4)
FN:71,(anonymous_5)
FN:81,(anonymous_6)
FN:91,(anonymous_7)
FN:103,(anonymous_8)
FN:116,(anonymous_9)
FN:128,(anonymous_10)
FN:135,(anonymous_11)
FN:155,mapDispatchToProps
FN:157,(anonymous_13)
FN:160,(anonymous_14)
FNF:15
FNH:0
FNDA:0,MobileNavBar
FNDA:0,(anonymous_1)
FNDA:0,(anonymous_2)
FNDA:0,(anonymous_3)
FNDA:0,(anonymous_4)
FNDA:0,(anonymous_5)
FNDA:0,(anonymous_6)
FNDA:0,(anonymous_7)
FNDA:0,(anonymous_8)
FNDA:0,(anonymous_9)
FNDA:0,(anonymous_10)
FNDA:0,(anonymous_11)
FNDA:0,mapDispatchToProps
FNDA:0,(anonymous_13)
FNDA:0,(anonymous_14)
DA:23,0
DA:24,0
DA:31,0
DA:32,0
DA:43,0
DA:49,0
DA:62,0
DA:63,0
DA:72,0
DA:73,0
DA:82,0
DA:83,0
DA:92,0
DA:93,0
DA:104,0
DA:105,0
DA:117,0
DA:118,0
DA:129,0
DA:130,0
DA:136,0
DA:137,0
DA:150,0
DA:156,0
DA:158,0
DA:161,0
DA:166,0
LF:27
LH:0
BRDA:39,0,0,0
BRDA:39,0,1,0
BRDA:55,1,0,0
BRDA:55,1,1,0
BRDA:58,2,0,0
BRDA:58,2,1,0
BRDA:114,3,0,0
BRDA:114,3,1,0
BRF:8
BRH:0
end_of_record
TN:
SF:/Users/kamaljain/Desktop/Desktop-04-11-2022/pesto-project/wedly-fr/app/components/Header/NavBar.js
FN:18,NavBar
FN:21,(anonymous_1)
FN:28,(anonymous_2)
FN:37,(anonymous_3)
FN:43,(anonymous_4)
FN:49,(anonymous_5)
FN:55,(anonymous_6)
FN:64,(anonymous_7)
FN:72,(anonymous_8)
FN:86,(anonymous_9)
FN:96,(anonymous_10)
FN:111,(anonymous_11)
FN:115,(anonymous_12)
FN:132,mapDispatchToProps
FN:134,(anonymous_14)
FN:137,(anonymous_15)
FNF:16
FNH:0
FNDA:0,NavBar
FNDA:0,(anonymous_1)
FNDA:0,(anonymous_2)
FNDA:0,(anonymous_3)
FNDA:0,(anonymous_4)
FNDA:0,(anonymous_5)
FNDA:0,(anonymous_6)
FNDA:0,(anonymous_7)
FNDA:0,(anonymous_8)
FNDA:0,(anonymous_9)
FNDA:0,(anonymous_10)
FNDA:0,(anonymous_11)
FNDA:0,(anonymous_12)
FNDA:0,mapDispatchToProps
FNDA:0,(anonymous_14)
FNDA:0,(anonymous_15)
DA:19,0
DA:20,0
DA:21,0
DA:22,0
DA:28,0
DA:37,0
DA:43,0
DA:49,0
DA:55,0
DA:64,0
DA:72,0
DA:87,0
DA:88,0
DA:97,0
DA:98,0
DA:111,0
DA:115,0
DA:126,0
DA:133,0
DA:135,0
DA:138,0
DA:143,0
LF:22
LH:0
BRDA:33,0,0,0
BRDA:33,0,1,0
BRDA:62,1,0,0
BRDA:62,1,1,0
BRDA:62,2,0,0
BRDA:62,2,1,0
BRDA:77,3,0,0
BRDA:77,3,1,0
BRDA:81,4,0,0
BRDA:81,4,1,0
BRDA:84,5,0,0
BRDA:84,5,1,0
BRF:12
BRH:0
end_of_record
TN:
SF:/Users/kamaljain/Desktop/Desktop-04-11-2022/pesto-project/wedly-fr/app/components/Header/index.js
FN:5,Header
FNF:1
FNH:0
FNDA:0,Header
DA:6,0
LF:1
LH:0
BRDA:7,0,0,0
BRDA:7,0,1,0
BRF:2
BRH:0
end_of_record
TN:
SF:/Users/kamaljain/Desktop/Desktop-04-11-2022/pesto-project/wedly-fr/app/components/Header/messages.js
FNF:0
FNH:0
DA:8,0
LF:1
LH:0
BRF:0
BRH:0
end_of_record
TN:
SF:/Users/kamaljain/Desktop/Desktop-04-11-2022/pesto-project/wedly-fr/app/components/HeroSection/index.js
FN:14,HeroSection
FN:27,(anonymous_1)
FN:35,(anonymous_2)
FN:48,mapDispatchToProps
FN:50,(anonymous_4)
FNF:5
FNH:0
FNDA:0,HeroSection
FNDA:0,(anonymous_1)
FNDA:0,(anonymous_2)
FNDA:0,mapDispatchToProps
FNDA:0,(anonymous_4)
DA:15,0
DA:27,0
DA:35,0
DA:44,0
DA:49,0
DA:51,0
DA:56,0
LF:7
LH:0
BRDA:25,0,0,0
BRDA:25,0,1,0
BRF:2
BRH:0
end_of_record
TN:
SF:/Users/kamaljain/Desktop/Desktop-04-11-2022/pesto-project/wedly-fr/app/components/HeroSection/messages.js
FNF:0
FNH:0
LF:0
LH:0
BRF:0
BRH:0
end_of_record
TN:
SF:/Users/kamaljain/Desktop/Desktop-04-11-2022/pesto-project/wedly-fr/app/components/Img/index.js
FN:11,Img
FNF:1
FNH:0
FNDA:0,Img
DA:12,0
DA:16,0
LF:2
LH:0
BRF:0
BRH:0
end_of_record
TN:
SF:/Users/kamaljain/Desktop/Desktop-04-11-2022/pesto-project/wedly-fr/app/components/InfoSection/index.js
FN:5,Info
FNF:1
FNH:0
FNDA:0,Info
DA:6,0
LF:1
LH:0
BRF:0
BRH:0
end_of_record
TN:
SF:/Users/kamaljain/Desktop/Desktop-04-11-2022/pesto-project/wedly-fr/app/components/IssueIcon/index.js
FN:4,IssueIcon
FNF:1
FNH:0
FNDA:0,IssueIcon
DA:5,0
DA:12,0
LF:2
LH:0
BRF:0
BRH:0
end_of_record
TN:
SF:/Users/kamaljain/Desktop/Desktop-04-11-2022/pesto-project/wedly-fr/app/components/List/Ul.js
FNF:0
FNH:0
DA:3,0
LF:1
LH:0
BRF:0
BRH:0
end_of_record
TN:
SF:/Users/kamaljain/Desktop/Desktop-04-11-2022/pesto-project/wedly-fr/app/components/List/Wrapper.js
FNF:0
FNH:0
DA:3,0
LF:1
LH:0
BRF:0
BRH:0
end_of_record
TN:
SF:/Users/kamaljain/Desktop/Desktop-04-11-2022/pesto-project/wedly-fr/app/components/List/index.js
FN:7,List
FN:13,(anonymous_1)
FNF:2
FNH:0
FNDA:0,List
FNDA:0,(anonymous_1)
DA:8,0
DA:9,0
DA:12,0
DA:13,0
DA:14,0
DA:18,0
DA:21,0
DA:28,0
LF:8
LH:0
BRDA:12,0,0,0
BRDA:12,0,1,0
BRF:2
BRH:0
end_of_record
TN:
SF:/Users/kamaljain/Desktop/Desktop-04-11-2022/pesto-project/wedly-fr/app/components/ListItem/Item.js
FNF:0
FNH:0
DA:3,2
LF:1
LH:1
BRF:0
BRH:0
end_of_record
TN:
SF:/Users/kamaljain/Desktop/Desktop-04-11-2022/pesto-project/wedly-fr/app/components/ListItem/Wrapper.js
FNF:0
FNH:0
DA:3,2
LF:1
LH:1
BRF:0
BRH:0
end_of_record
TN:
SF:/Users/kamaljain/Desktop/Desktop-04-11-2022/pesto-project/wedly-fr/app/components/ListItem/index.js
FN:7,ListItem
FNF:1
FNH:1
FNDA:2,ListItem
DA:8,2
DA:15,1
LF:2
LH:2
BRF:0
BRH:0
end_of_record
TN:
SF:/Users/kamaljain/Desktop/Desktop-04-11-2022/pesto-project/wedly-fr/app/components/LoadingIndicator/Circle.js
FN:17,(anonymous_0)
FNF:1
FNH:0
FNDA:0,(anonymous_0)
DA:5,1
DA:17,1
DA:18,0
DA:45,0
DA:48,1
LF:5
LH:3
BRDA:24,0,0,0
BRDA:24,0,1,0
BRDA:38,1,0,0
BRDA:38,1,1,0
BRF:4
BRH:0
end_of_record
TN:
SF:/Users/kamaljain/Desktop/Desktop-04-11-2022/pesto-project/wedly-fr/app/components/LoadingIndicator/Wrapper.js
FNF:0
FNH:0
DA:3,1
LF:1
LH:1
BRF:0
BRH:0
end_of_record
TN:
SF:/Users/kamaljain/Desktop/Desktop-04-11-2022/pesto-project/wedly-fr/app/components/LoadingIndicator/index.js
FN:6,(anonymous_0)
FNF:1
FNH:0
FNDA:0,(anonymous_0)
DA:6,1
DA:7,0
LF:2
LH:1
BRF:0
BRH:0
end_of_record
TN:
SF:/Users/kamaljain/Desktop/Desktop-04-11-2022/pesto-project/wedly-fr/app/components/MobileEventsSection/index.js
FN:12,MobileEventsSection
FN:25,(anonymous_1)
FN:30,(anonymous_2)
FN:34,(anonymous_3)
FN:48,(anonymous_4)
FN:63,(anonymous_5)
FN:72,(anonymous_6)
FN:78,(anonymous_7)
FN:87,(anonymous_8)
FN:88,(anonymous_9)
FN:89,(anonymous_10)
FN:102,(anonymous_11)
FN:103,(anonymous_12)
FN:104,(anonymous_13)
FN:118,(anonymous_14)
FN:148,(anonymous_15)
FNF:16
FNH:0
FNDA:0,MobileEventsSection
FNDA:0,(anonymous_1)
FNDA:0,(anonymous_2)
FNDA:0,(anonymous_3)
FNDA:0,(anonymous_4)
FNDA:0,(anonymous_5)
FNDA:0,(anonymous_6)
FNDA:0,(anonymous_7)
FNDA:0,(anonymous_8)
FNDA:0,(anonymous_9)
FNDA:0,(anonymous_10)
FNDA:0,(anonymous_11)
FNDA:0,(anonymous_12)
FNDA:0,(anonymous_13)
FNDA:0,(anonymous_14)
FNDA:0,(anonymous_15)
DA:20,0
DA:21,0
DA:22,0
DA:23,0
DA:24,0
DA:25,0
DA:26,0
DA:27,0
DA:30,0
DA:31,0
DA:34,0
DA:35,0
DA:42,0
DA:48,0
DA:63,0
DA:72,0
DA:79,0
DA:88,0
DA:89,0
DA:90,0
DA:103,0
DA:104,0
DA:105,0
DA:118,0
DA:148,0
LF:25
LH:0
BRDA:37,0,0,0
BRDA:37,0,1,0
BRDA:44,1,0,0
BRDA:44,1,1,0
BRDA:48,2,0,0
BRDA:48,2,1,0
BRDA:48,3,0,0
BRDA:48,3,1,0
BRDA:48,3,2,0
BRDA:77,4,0,0
BRDA:77,4,1,0
BRDA:90,5,0,0
BRDA:90,5,1,0
BRDA:95,6,0,0
BRDA:95,6,1,0
BRDA:105,7,0,0
BRDA:105,7,1,0
BRDA:129,8,0,0
BRDA:129,8,1,0
BRDA:132,9,0,0
BRDA:132,9,1,0
BRDA:171,10,0,0
BRDA:171,10,1,0
BRDA:174,11,0,0
BRDA:174,11,1,0
BRDA:181,12,0,0
BRDA:181,12,1,0
BRF:27
BRH:0
end_of_record
TN:
SF:/Users/kamaljain/Desktop/Desktop-04-11-2022/pesto-project/wedly-fr/app/components/MobileGuestsSection/index.js
FN:18,MobileGuestsSection
FN:35,(anonymous_1)
FN:40,(anonymous_2)
FN:43,(anonymous_3)
FN:52,(anonymous_4)
FN:71,(anonymous_5)
FN:85,(anonymous_6)
FN:92,(anonymous_7)
FN:103,(anonymous_8)
FN:109,(anonymous_9)
FN:119,(anonymous_10)
FN:120,(anonymous_11)
FN:121,(anonymous_12)
FN:134,(anonymous_13)
FN:135,(anonymous_14)
FN:136,(anonymous_15)
FN:150,(anonymous_16)
FN:173,(anonymous_17)
FN:241,mapDispatchToProps
FN:243,(anonymous_19)
FNF:20
FNH:0
FNDA:0,MobileGuestsSection
FNDA:0,(anonymous_1)
FNDA:0,(anonymous_2)
FNDA:0,(anonymous_3)
FNDA:0,(anonymous_4)
FNDA:0,(anonymous_5)
FNDA:0,(anonymous_6)
FNDA:0,(anonymous_7)
FNDA:0,(anonymous_8)
FNDA:0,(anonymous_9)
FNDA:0,(anonymous_10)
FNDA:0,(anonymous_11)
FNDA:0,(anonymous_12)
FNDA:0,(anonymous_13)
FNDA:0,(anonymous_14)
FNDA:0,(anonymous_15)
FNDA:0,(anonymous_16)
FNDA:0,(anonymous_17)
FNDA:0,mapDispatchToProps
FNDA:0,(anonymous_19)
DA:29,0
DA:30,0
DA:31,0
DA:32,0
DA:33,0
DA:35,0
DA:36,0
DA:37,0
DA:40,0
DA:41,0
DA:43,0
DA:44,0
DA:46,0
DA:52,0
DA:71,0
DA:86,0
DA:93,0
DA:103,0
DA:110,0
DA:120,0
DA:121,0
DA:122,0
DA:135,0
DA:136,0
DA:137,0
DA:150,0
DA:174,0
DA:242,0
DA:244,0
DA:249,0
LF:30
LH:0
BRDA:50,0,0,0
BRDA:50,0,1,0
BRDA:50,1,0,0
BRDA:50,1,1,0
BRDA:50,1,2,0
BRDA:50,1,3,0
BRDA:108,2,0,0
BRDA:108,2,1,0
BRDA:122,3,0,0
BRDA:122,3,1,0
BRDA:127,4,0,0
BRDA:127,4,1,0
BRDA:137,5,0,0
BRDA:137,5,1,0
BRDA:171,6,0,0
BRDA:171,6,1,0
BRDA:176,7,0,0
BRDA:176,7,1,0
BRDA:179,8,0,0
BRDA:179,8,1,0
BRDA:217,9,0,0
BRDA:217,9,1,0
BRDA:220,10,0,0
BRDA:220,10,1,0
BRDA:227,11,0,0
BRDA:227,11,1,0
BRF:26
BRH:0
end_of_record
TN:
SF:/Users/kamaljain/Desktop/Desktop-04-11-2022/pesto-project/wedly-fr/app/components/ReposList/index.js
FN:9,ReposList
FN:15,(anonymous_1)
FNF:2
FNH:0
FNDA:0,ReposList
FNDA:0,(anonymous_1)
DA:10,0
DA:11,0
DA:14,0
DA:15,0
DA:16,0
DA:18,0
DA:21,0
DA:22,0
DA:25,0
DA:28,0
LF:10
LH:0
BRDA:10,0,0,0
BRDA:10,0,1,0
BRDA:14,1,0,0
BRDA:14,1,1,0
BRDA:21,2,0,0
BRDA:21,2,1,0
BRF:6
BRH:0
end_of_record
TN:
SF:/Users/kamaljain/Desktop/Desktop-04-11-2022/pesto-project/wedly-fr/app/components/SigninModal/index.js
FN:12,SigninModal
FN:16,handleSubmit
FN:21,(anonymous_2)
FN:38,(anonymous_3)
FN:63,(anonymous_4)
FN:76,(anonymous_5)
FN:95,(anonymous_6)
FN:113,(anonymous_7)
FN:128,(anonymous_8)
FN:150,mapDispatchToProps
FN:152,(anonymous_10)
FN:155,(anonymous_11)
FNF:12
FNH:0
FNDA:0,SigninModal
FNDA:0,handleSubmit
FNDA:0,(anonymous_2)
FNDA:0,(anonymous_3)
FNDA:0,(anonymous_4)
FNDA:0,(anonymous_5)
FNDA:0,(anonymous_6)
FNDA:0,(anonymous_7)
FNDA:0,(anonymous_8)
FNDA:0,mapDispatchToProps
FNDA:0,(anonymous_10)
FNDA:0,(anonymous_11)
DA:13,0
DA:14,0
DA:17,0
DA:18,0
DA:21,0
DA:22,0
DA:25,0
DA:38,0
DA:64,0
DA:77,0
DA:78,0
DA:95,0
DA:113,0
DA:129,0
DA:130,0
DA:145,0
DA:151,0
DA:153,0
DA:156,0
DA:161,0
LF:20
LH:0
BRF:0
BRH:0
end_of_record
TN:
SF:/Users/kamaljain/Desktop/Desktop-04-11-2022/pesto-project/wedly-fr/app/components/Toggle/Select.js
FNF:0
FNH:0
DA:3,0
LF:1
LH:0
BRF:0
BRH:0
end_of_record
TN:
SF:/Users/kamaljain/Desktop/Desktop-04-11-2022/pesto-project/wedly-fr/app/components/Toggle/index.js
FN:13,Toggle
FN:18,(anonymous_1)
FNF:2
FNH:0
FNDA:0,Toggle
FNDA:0,(anonymous_1)
DA:14,0
DA:17,0
DA:18,0
DA:19,0
DA:23,0
DA:30,0
LF:6
LH:0
BRDA:17,0,0,0
BRDA:17,0,1,0
BRF:2
BRH:0
end_of_record
TN:
SF:/Users/kamaljain/Desktop/Desktop-04-11-2022/pesto-project/wedly-fr/app/components/ToggleOption/index.js
FN:11,(anonymous_0)
FNF:1
FNH:0
FNDA:0,(anonymous_0)
DA:11,0
DA:12,0
DA:15,0
LF:3
LH:0
BRDA:12,0,0,0
BRDA:12,0,1,0
BRF:2
BRH:0
end_of_record
TN:
SF:/Users/kamaljain/Desktop/Desktop-04-11-2022/pesto-project/wedly-fr/app/components/UploadModal/index.js
FN:13,UploadModal
FN:23,(anonymous_1)
FN:29,(anonymous_2)
FN:73,(anonymous_3)
FN:84,(anonymous_4)
FN:101,(anonymous_5)
FN:132,mapDispatchToProps
FN:134,(anonymous_7)
FN:137,(anonymous_8)
FNF:9
FNH:0
FNDA:0,UploadModal
FNDA:0,(anonymous_1)
FNDA:0,(anonymous_2)
FNDA:0,(anonymous_3)
FNDA:0,(anonymous_4)
FNDA:0,(anonymous_5)
FNDA:0,mapDispatchToProps
FNDA:0,(anonymous_7)
FNDA:0,(anonymous_8)
DA:20,0
DA:21,0
DA:22,0
DA:23,0
DA:24,0
DA:25,0
DA:26,0
DA:27,0
DA:28,0
DA:29,0
DA:30,0
DA:31,0
DA:32,0
DA:33,0
DA:34,0
DA:35,0
DA:36,0
DA:37,0
DA:38,0
DA:39,0
DA:41,0
DA:42,0
DA:44,0
DA:46,0
DA:49,0
DA:50,0
DA:51,0
DA:54,0
DA:55,0
DA:56,0
DA:57,0
DA:61,0
DA:65,0
DA:67,0
DA:68,0
DA:70,0
DA:73,0
DA:85,0
DA:102,0
DA:133,0
DA:135,0
DA:138,0
DA:143,0
LF:43
LH:0
BRDA:25,0,0,0
BRDA:25,0,1,0
BRDA:31,1,0,0
BRDA:31,1,1,0
BRDA:32,2,0,0
BRDA:32,2,1,0
BRDA:36,3,0,0
BRDA:36,3,1,0
BRDA:37,4,0,0
BRDA:37,4,1,0
BRDA:37,5,0,0
BRDA:37,5,1,0
BRDA:38,6,0,0
BRDA:38,6,1,0
BRDA:41,7,0,0
BRDA:41,7,1,0
BRDA:61,8,0,0
BRDA:61,8,1,0
BRDA:86,9,0,0
BRDA:86,9,1,0
BRDA:98,10,0,0
BRDA:98,10,1,0
BRDA:108,11,0,0
BRDA:108,11,1,0
BRF:24
BRH:0
end_of_record
TN:
SF:/Users/kamaljain/Desktop/Desktop-04-11-2022/pesto-project/wedly-fr/app/containers/AccountSettingsPage/actions.js
FN:9,defaultAction
FNF:1
FNH:0
FNDA:0,defaultAction
DA:10,0
LF:1
LH:0
BRF:0
BRH:0
end_of_record
TN:
SF:/Users/kamaljain/Desktop/Desktop-04-11-2022/pesto-project/wedly-fr/app/containers/AccountSettingsPage/constants.js
FNF:0
FNH:0
DA:7,0
DA:8,0
DA:10,0
DA:12,0
LF:4
LH:0
BRF:0
BRH:0
end_of_record
TN:
SF:/Users/kamaljain/Desktop/Desktop-04-11-2022/pesto-project/wedly-fr/app/containers/AccountSettingsPage/index.js
FN:37,AccountSettingsPage
FN:50,(anonymous_1)
FN:62,(anonymous_2)
FN:65,(anonymous_3)
FN:82,(anonymous_4)
FN:98,(anonymous_5)
FN:134,(anonymous_6)
FN:151,(anonymous_7)
FN:161,(anonymous_8)
FN:195,mapDispatchToProps
FN:197,(anonymous_10)
FN:200,(anonymous_11)
FNF:12
FNH:0
FNDA:0,AccountSettingsPage
FNDA:0,(anonymous_1)
FNDA:0,(anonymous_2)
FNDA:0,(anonymous_3)
FNDA:0,(anonymous_4)
FNDA:0,(anonymous_5)
FNDA:0,(anonymous_6)
FNDA:0,(anonymous_7)
FNDA:0,(anonymous_8)
FNDA:0,mapDispatchToProps
FNDA:0,(anonymous_10)
FNDA:0,(anonymous_11)
DA:26,0
DA:35,0
DA:43,0
DA:44,0
DA:45,0
DA:46,0
DA:47,0
DA:48,0
DA:49,0
DA:50,0
DA:51,0
DA:52,0
DA:57,0
DA:59,0
DA:62,0
DA:63,0
DA:65,0
DA:66,0
DA:67,0
DA:70,0
DA:82,0
DA:98,0
DA:134,0
DA:151,0
DA:162,0
DA:163,0
DA:185,0
DA:189,0
DA:196,0
DA:198,0
DA:201,0
DA:206,0
LF:32
LH:0
BRDA:52,0,0,0
BRDA:52,0,1,0
BRDA:53,1,0,0
BRDA:53,1,1,0
BRDA:53,1,2,0
BRDA:74,2,0,0
BRDA:74,2,1,0
BRDA:119,3,0,0
BRDA:119,3,1,0
BRDA:158,4,0,0
BRDA:158,4,1,0
BRDA:178,5,0,0
BRDA:178,5,1,0
BRF:13
BRH:0
end_of_record
TN:
SF:/Users/kamaljain/Desktop/Desktop-04-11-2022/pesto-project/wedly-fr/app/containers/AccountSettingsPage/reducer.js
FN:18,(anonymous_0)
FN:19,(anonymous_1)
FNF:2
FNH:0
FNDA:0,(anonymous_0)
FNDA:0,(anonymous_1)
DA:13,0
DA:18,0
DA:19,0
DA:20,0
DA:22,0
DA:23,0
DA:26,0
DA:27,0
DA:30,0
DA:31,0
LF:10
LH:0
BRDA:18,0,0,0
BRDA:20,1,0,0
BRDA:20,1,1,0
BRDA:20,1,2,0
BRF:4
BRH:0
end_of_record
TN:
SF:/Users/kamaljain/Desktop/Desktop-04-11-2022/pesto-project/wedly-fr/app/containers/AccountSettingsPage/saga.js
FN:14,updateUser
FN:24,workerSaga
FN:43,accountSettingsPageSaga
FNF:3
FNH:0
FNDA:0,updateUser
FNDA:0,workerSaga
FNDA:0,accountSettingsPageSaga
DA:15,0
DA:21,0
DA:25,0
DA:26,0
DA:34,0
DA:35,0
DA:37,0
DA:38,0
DA:44,0
LF:9
LH:0
BRF:0
BRH:0
end_of_record
TN:
SF:/Users/kamaljain/Desktop/Desktop-04-11-2022/pesto-project/wedly-fr/app/containers/AccountSettingsPage/selectors.js
FN:8,(anonymous_0)
FN:19,(anonymous_1)
FN:22,(anonymous_2)
FN:25,(anonymous_3)
FN:28,(anonymous_4)
FNF:5
FNH:0
FNDA:0,(anonymous_0)
FNDA:0,(anonymous_1)
FNDA:0,(anonymous_2)
FNDA:0,(anonymous_3)
FNDA:0,(anonymous_4)
DA:8,0
DA:9,0
DA:19,0
DA:20,0
DA:22,0
DA:25,0
DA:26,0
DA:28,0
LF:8
LH:0
BRDA:9,0,0,0
BRDA:9,0,1,0
BRF:2
BRH:0
end_of_record
TN:
SF:/Users/kamaljain/Desktop/Desktop-04-11-2022/pesto-project/wedly-fr/app/containers/App/actions.js
FN:32,loadRepos
FN:46,reposLoaded
FN:61,repoLoadingError
FN:68,toggleModal
FNF:4
FNH:0
FNDA:0,loadRepos
FNDA:0,reposLoaded
FNDA:0,repoLoadingError
FNDA:0,toggleModal
DA:33,0
DA:47,0
DA:62,0
DA:69,0
LF:4
LH:0
BRF:0
BRH:0
end_of_record
TN:
SF:/Users/kamaljain/Desktop/Desktop-04-11-2022/pesto-project/wedly-fr/app/containers/App/constants.js
FNF:0
FNH:0
DA:12,1
DA:13,1
DA:14,1
DA:15,1
LF:4
LH:4
BRF:0
BRH:0
end_of_record
TN:
SF:/Users/kamaljain/Desktop/Desktop-04-11-2022/pesto-project/wedly-fr/app/containers/App/index.js
FN:39,App
FN:43,(anonymous_1)
FN:83,mapDispatchToProps
FN:85,(anonymous_3)
FNF:4
FNH:0
FNDA:0,App
FNDA:0,(anonymous_1)
FNDA:0,mapDispatchToProps
FNDA:0,(anonymous_3)
DA:40,0
DA:41,0
DA:42,0
DA:43,0
DA:44,0
DA:47,0
DA:84,0
DA:86,0
DA:91,0
DA:95,0
LF:10
LH:0
BRF:0
BRH:0
end_of_record
TN:
SF:/Users/kamaljain/Desktop/Desktop-04-11-2022/pesto-project/wedly-fr/app/containers/App/reducer.js
FN:33,(anonymous_0)
FN:34,(anonymous_1)
FNF:2
FNH:0
FNDA:0,(anonymous_0)
FNDA:0,(anonymous_1)
DA:21,1
DA:33,1
DA:34,0
DA:35,0
DA:37,0
DA:38,0
DA:39,0
DA:40,0
DA:43,0
DA:44,0
DA:45,0
DA:46,0
DA:49,0
DA:50,0
DA:51,0
DA:54,0
DA:55,0
LF:17
LH:2
BRDA:33,0,0,0
BRDA:35,1,0,0
BRDA:35,1,1,0
BRDA:35,1,2,0
BRDA:35,1,3,0
BRF:5
BRH:0
end_of_record
TN:
SF:/Users/kamaljain/Desktop/Desktop-04-11-2022/pesto-project/wedly-fr/app/containers/App/selectors.js
FN:8,(anonymous_0)
FN:10,(anonymous_1)
FN:12,(anonymous_2)
FN:15,(anonymous_3)
FN:18,(anonymous_4)
FN:21,(anonymous_5)
FN:24,(anonymous_6)
FN:27,(anonymous_7)
FN:30,(anonymous_8)
FN:33,(anonymous_9)
FN:36,(anonymous_10)
FN:39,(anonymous_11)
FN:42,(anonymous_12)
FN:45,(anonymous_13)
FNF:14
FNH:3
FNDA:0,(anonymous_0)
FNDA:1,(anonymous_1)
FNDA:0,(anonymous_2)
FNDA:0,(anonymous_3)
FNDA:0,(anonymous_4)
FNDA:0,(anonymous_5)
FNDA:0,(anonymous_6)
FNDA:0,(anonymous_7)
FNDA:0,(anonymous_8)
FNDA:0,(anonymous_9)
FNDA:1,(anonymous_10)
FNDA:1,(anonymous_11)
FNDA:0,(anonymous_12)
FNDA:0,(anonymous_13)
DA:8,1
DA:10,1
DA:12,1
DA:13,0
DA:15,0
DA:18,1
DA:19,0
DA:21,0
DA:24,1
DA:25,0
DA:27,0
DA:30,1
DA:31,0
DA:33,0
DA:36,1
DA:37,1
DA:39,1
DA:42,1
DA:43,0
DA:45,0
LF:20
LH:10
BRDA:8,0,0,0
BRDA:8,0,1,0
BRF:2
BRH:0
end_of_record
TN:
SF:/Users/kamaljain/Desktop/Desktop-04-11-2022/pesto-project/wedly-fr/app/containers/ContactUsPage/actions.js
FN:9,defaultAction
FNF:1
FNH:0
FNDA:0,defaultAction
DA:10,0
LF:1
LH:0
BRF:0
BRH:0
end_of_record
TN:
SF:/Users/kamaljain/Desktop/Desktop-04-11-2022/pesto-project/wedly-fr/app/containers/ContactUsPage/constants.js
FNF:0
FNH:0
DA:7,0
LF:1
LH:0
BRF:0
BRH:0
end_of_record
TN:
SF:/Users/kamaljain/Desktop/Desktop-04-11-2022/pesto-project/wedly-fr/app/containers/ContactUsPage/index.js
FN:20,ContactUsPage
FN:35,mapDispatchToProps
FNF:2
FNH:0
FNDA:0,ContactUsPage
FNDA:0,mapDispatchToProps
DA:21,0
DA:22,0
DA:24,0
DA:27,0
DA:31,0
DA:36,0
DA:41,0
LF:7
LH:0
BRF:0
BRH:0
end_of_record
TN:
SF:/Users/kamaljain/Desktop/Desktop-04-11-2022/pesto-project/wedly-fr/app/containers/ContactUsPage/reducer.js
FN:12,(anonymous_0)
FN:13,(anonymous_1)
FNF:2
FNH:0
FNDA:0,(anonymous_0)
FNDA:0,(anonymous_1)
DA:9,0
DA:12,0
DA:13,0
DA:14,0
DA:16,0
LF:5
LH:0
BRDA:12,0,0,0
BRDA:14,1,0,0
BRF:2
BRH:0
end_of_record
TN:
SF:/Users/kamaljain/Desktop/Desktop-04-11-2022/pesto-project/wedly-fr/app/containers/ContactUsPage/saga.js
FN:4,contactUsPageSaga
FNF:1
FNH:0
FNDA:0,contactUsPageSaga
LF:0
LH:0
BRF:0
BRH:0
end_of_record
TN:
SF:/Users/kamaljain/Desktop/Desktop-04-11-2022/pesto-project/wedly-fr/app/containers/ContactUsPage/selectors.js
FN:8,(anonymous_0)
FN:19,(anonymous_1)
FN:22,(anonymous_2)
FNF:3
FNH:0
FNDA:0,(anonymous_0)
FNDA:0,(anonymous_1)
FNDA:0,(anonymous_2)
DA:8,0
DA:9,0
DA:19,0
DA:20,0
DA:22,0
LF:5
LH:0
BRDA:9,0,0,0
BRDA:9,0,1,0
BRF:2
BRH:0
end_of_record
TN:
SF:/Users/kamaljain/Desktop/Desktop-04-11-2022/pesto-project/wedly-fr/app/containers/CoupleDetailsPage/actions.js
FN:9,defaultAction
FNF:1
FNH:0
FNDA:0,defaultAction
DA:10,0
LF:1
LH:0
BRF:0
BRH:0
end_of_record
TN:
SF:/Users/kamaljain/Desktop/Desktop-04-11-2022/pesto-project/wedly-fr/app/containers/CoupleDetailsPage/constants.js
FNF:0
FNH:0
DA:7,0
DA:8,0
DA:10,0
DA:12,0
DA:13,0
DA:15,0
DA:17,0
LF:7
LH:0
BRF:0
BRH:0
end_of_record
TN:
SF:/Users/kamaljain/Desktop/Desktop-04-11-2022/pesto-project/wedly-fr/app/containers/CoupleDetailsPage/index.js
FN:37,CoupleDetailsPage
FN:62,(anonymous_1)
FN:66,(anonymous_2)
FN:88,(anonymous_3)
FN:146,(anonymous_4)
FN:163,mapDispatchToProps
FN:165,(anonymous_6)
FN:191,(anonymous_7)
FNF:8
FNH:0
FNDA:0,CoupleDetailsPage
FNDA:0,(anonymous_1)
FNDA:0,(anonymous_2)
FNDA:0,(anonymous_3)
FNDA:0,(anonymous_4)
FNDA:0,mapDispatchToProps
FNDA:0,(anonymous_6)
FNDA:0,(anonymous_7)
DA:29,0
DA:43,0
DA:44,0
DA:46,0
DA:54,0
DA:62,0
DA:63,0
DA:66,0
DA:67,0
DA:68,0
DA:69,0
DA:70,0
DA:77,0
DA:78,0
DA:88,0
DA:89,0
DA:90,0
DA:102,0
DA:105,0
DA:146,0
DA:158,0
DA:164,0
DA:177,0
DA:192,0
DA:197,0
LF:25
LH:0
BRDA:67,0,0,0
BRDA:67,0,1,0
BRDA:69,1,0,0
BRDA:69,1,1,0
BRDA:77,2,0,0
BRDA:77,2,1,0
BRDA:106,3,0,0
BRDA:106,3,1,0
BRDA:151,4,0,0
BRDA:151,4,1,0
BRF:10
BRH:0
end_of_record
TN:
SF:/Users/kamaljain/Desktop/Desktop-04-11-2022/pesto-project/wedly-fr/app/containers/CoupleDetailsPage/messages.js
FNF:0
FNH:0
DA:9,0
LF:1
LH:0
BRF:0
BRH:0
end_of_record
TN:
SF:/Users/kamaljain/Desktop/Desktop-04-11-2022/pesto-project/wedly-fr/app/containers/CoupleDetailsPage/reducer.js
FN:22,(anonymous_0)
FN:23,(anonymous_1)
FNF:2
FNH:0
FNDA:0,(anonymous_0)
FNDA:0,(anonymous_1)
DA:16,0
DA:22,0
DA:23,0
DA:24,0
DA:26,0
DA:27,0
DA:30,0
DA:31,0
DA:32,0
DA:33,0
DA:36,0
DA:37,0
DA:40,0
DA:41,0
DA:44,0
DA:45,0
DA:46,0
DA:47,0
DA:50,0
DA:51,0
LF:20
LH:0
BRDA:22,0,0,0
BRDA:24,1,0,0
BRDA:24,1,1,0
BRDA:24,1,2,0
BRDA:24,1,3,0
BRDA:24,1,4,0
BRDA:24,1,5,0
BRF:7
BRH:0
end_of_record
TN:
SF:/Users/kamaljain/Desktop/Desktop-04-11-2022/pesto-project/wedly-fr/app/containers/CoupleDetailsPage/saga.js
FN:20,addCoupleDtails
FN:47,getCoupleDetails
FN:52,addDetailsSaga
FN:76,getCoupleSaga
FN:85,watcherSaga
FNF:5
FNH:0
FNDA:0,addCoupleDtails
FNDA:0,getCoupleDetails
FNDA:0,addDetailsSaga
FNDA:0,getCoupleSaga
FNDA:0,watcherSaga
DA:32,0
DA:44,0
DA:48,0
DA:49,0
DA:53,0
DA:54,0
DA:68,0
DA:69,0
DA:71,0
DA:72,0
DA:77,0
DA:78,0
DA:79,0
DA:81,0
DA:86,0
DA:87,0
LF:16
LH:0
BRF:0
BRH:0
end_of_record
TN:
SF:/Users/kamaljain/Desktop/Desktop-04-11-2022/pesto-project/wedly-fr/app/containers/CoupleDetailsPage/selectors.js
FN:8,(anonymous_0)
FN:19,(anonymous_1)
FN:22,(anonymous_2)
FN:25,(anonymous_3)
FN:28,(anonymous_4)
FNF:5
FNH:0
FNDA:0,(anonymous_0)
FNDA:0,(anonymous_1)
FNDA:0,(anonymous_2)
FNDA:0,(anonymous_3)
FNDA:0,(anonymous_4)
DA:8,0
DA:9,0
DA:19,0
DA:20,0
DA:22,0
DA:25,0
DA:26,0
DA:28,0
LF:8
LH:0
BRDA:9,0,0,0
BRDA:9,0,1,0
BRF:2
BRH:0
end_of_record
TN:
SF:/Users/kamaljain/Desktop/Desktop-04-11-2022/pesto-project/wedly-fr/app/containers/EinviteEditPage/actions.js
FN:9,defaultAction
FNF:1
FNH:0
FNDA:0,defaultAction
DA:10,0
LF:1
LH:0
BRF:0
BRH:0
end_of_record
TN:
SF:/Users/kamaljain/Desktop/Desktop-04-11-2022/pesto-project/wedly-fr/app/containers/EinviteEditPage/constants.js
FNF:0
FNH:0
DA:7,0
DA:8,0
DA:10,0
DA:12,0
DA:13,0
DA:15,0
DA:17,0
DA:18,0
DA:20,0
DA:22,0
DA:23,0
DA:25,0
DA:27,0
LF:13
LH:0
BRF:0
BRH:0
end_of_record
TN:
SF:/Users/kamaljain/Desktop/Desktop-04-11-2022/pesto-project/wedly-fr/app/containers/EinviteEditPage/index.js
FN:6,EinviteEditPage
FN:31,(anonymous_1)
FN:39,(anonymous_2)
FNF:3
FNH:0
FNDA:0,EinviteEditPage
FNDA:0,(anonymous_1)
FNDA:0,(anonymous_2)
DA:7,0
DA:8,0
DA:9,0
DA:11,0
DA:12,0
DA:13,0
DA:27,0
DA:32,0
DA:39,0
LF:9
LH:0
BRDA:35,0,0,0
BRDA:35,0,1,0
BRDA:48,1,0,0
BRDA:48,1,1,0
BRF:4
BRH:0
end_of_record
TN:
SF:/Users/kamaljain/Desktop/Desktop-04-11-2022/pesto-project/wedly-fr/app/containers/EinviteEditPage/messages.js
FNF:0
FNH:0
DA:9,0
LF:1
LH:0
BRF:0
BRH:0
end_of_record
TN:
SF:/Users/kamaljain/Desktop/Desktop-04-11-2022/pesto-project/wedly-fr/app/containers/EinviteEditPage/reducer.js
FN:30,(anonymous_0)
FN:31,(anonymous_1)
FNF:2
FNH:0
FNDA:0,(anonymous_0)
FNDA:0,(anonymous_1)
DA:23,0
DA:30,0
DA:31,0
DA:32,0
DA:34,0
DA:35,0
DA:38,0
DA:39,0
DA:42,0
DA:43,0
DA:46,0
DA:49,0
DA:51,0
DA:52,0
DA:55,0
DA:56,0
DA:59,0
DA:60,0
DA:63,0
DA:64,0
DA:67,0
DA:68,0
DA:71,0
DA:72,0
DA:75,0
DA:77,0
DA:78,0
DA:81,0
DA:82,0
LF:29
LH:0
BRDA:30,0,0,0
BRDA:32,1,0,0
BRDA:32,1,1,0
BRDA:32,1,2,0
BRDA:32,1,3,0
BRDA:32,1,4,0
BRDA:32,1,5,0
BRDA:32,1,6,0
BRDA:32,1,7,0
BRDA:32,1,8,0
BRDA:32,1,9,0
BRDA:32,1,10,0
BRDA:32,1,11,0
BRDA:50,2,0,0
BRDA:50,2,1,0
BRDA:76,3,0,0
BRDA:76,3,1,0
BRF:17
BRH:0
end_of_record
TN:
SF:/Users/kamaljain/Desktop/Desktop-04-11-2022/pesto-project/wedly-fr/app/containers/EinviteEditPage/saga.js
FN:19,addFirstPageDetails
FN:29,getFirstPageDetails
FN:34,addOtherPagesDetails
FN:55,getOtherPagesDetails
FN:62,addFirstPageSaga
FN:79,getFirstPageSaga
FN:88,addOtherPagesSaga
FN:108,getOtherPagesSaga
FN:121,einviteEditPageSaga
FNF:9
FNH:0
FNDA:0,addFirstPageDetails
FNDA:0,getFirstPageDetails
FNDA:0,addOtherPagesDetails
FNDA:0,getOtherPagesDetails
FNDA:0,addFirstPageSaga
FNDA:0,getFirstPageSaga
FNDA:0,addOtherPagesSaga
FNDA:0,getOtherPagesSaga
FNDA:0,einviteEditPageSaga
DA:20,0
DA:26,0
DA:30,0
DA:31,0
DA:43,0
DA:52,0
DA:56,0
DA:59,0
DA:63,0
DA:64,0
DA:72,0
DA:73,0
DA:75,0
DA:80,0
DA:81,0
DA:82,0
DA:84,0
DA:89,0
DA:90,0
DA:101,0
DA:102,0
DA:104,0
DA:109,0
DA:110,0
DA:115,0
DA:117,0
DA:122,0
DA:123,0
DA:124,0
DA:125,0
LF:30
LH:0
BRF:0
BRH:0
end_of_record
TN:
SF:/Users/kamaljain/Desktop/Desktop-04-11-2022/pesto-project/wedly-fr/app/containers/EinviteEditPage/selectors.js
FN:8,(anonymous_0)
FN:19,(anonymous_1)
FN:22,(anonymous_2)
FN:25,(anonymous_3)
FN:28,(anonymous_4)
FN:31,(anonymous_5)
FN:34,(anonymous_6)
FNF:7
FNH:0
FNDA:0,(anonymous_0)
FNDA:0,(anonymous_1)
FNDA:0,(anonymous_2)
FNDA:0,(anonymous_3)
FNDA:0,(anonymous_4)
FNDA:0,(anonymous_5)
FNDA:0,(anonymous_6)
DA:8,0
DA:9,0
DA:19,0
DA:20,0
DA:22,0
DA:25,0
DA:26,0
DA:28,0
DA:31,0
DA:32,0
DA:34,0
LF:11
LH:0
BRDA:9,0,0,0
BRDA:9,0,1,0
BRF:2
BRH:0
end_of_record
TN:
SF:/Users/kamaljain/Desktop/Desktop-04-11-2022/pesto-project/wedly-fr/app/containers/EinvitePage/actions.js
FN:9,defaultAction
FNF:1
FNH:0
FNDA:0,defaultAction
DA:10,0
LF:1
LH:0
BRF:0
BRH:0
end_of_record
TN:
SF:/Users/kamaljain/Desktop/Desktop-04-11-2022/pesto-project/wedly-fr/app/containers/EinvitePage/constants.js
FNF:0
FNH:0
DA:7,0
LF:1
LH:0
BRF:0
BRH:0
end_of_record
TN:
SF:/Users/kamaljain/Desktop/Desktop-04-11-2022/pesto-project/wedly-fr/app/containers/EinvitePage/index.js
FN:25,EinvitePage
FN:36,(anonymous_1)
FN:38,(anonymous_2)
FN:63,mapDispatchToProps
FNF:4
FNH:0
FNDA:0,EinvitePage
FNDA:0,(anonymous_1)
FNDA:0,(anonymous_2)
FNDA:0,mapDispatchToProps
DA:26,0
DA:27,0
DA:28,0
DA:30,0
DA:37,0
DA:38,0
DA:55,0
DA:59,0
DA:64,0
DA:69,0
LF:10
LH:0
BRF:0
BRH:0
end_of_record
TN:
SF:/Users/kamaljain/Desktop/Desktop-04-11-2022/pesto-project/wedly-fr/app/containers/EinvitePage/messages.js
FNF:0
FNH:0
DA:9,0
LF:1
LH:0
BRF:0
BRH:0
end_of_record
TN:
SF:/Users/kamaljain/Desktop/Desktop-04-11-2022/pesto-project/wedly-fr/app/containers/EinvitePage/reducer.js
FN:12,(anonymous_0)
FN:13,(anonymous_1)
FNF:2
FNH:0
FNDA:0,(anonymous_0)
FNDA:0,(anonymous_1)
DA:9,0
DA:12,0
DA:13,0
DA:14,0
DA:16,0
LF:5
LH:0
BRDA:12,0,0,0
BRDA:14,1,0,0
BRF:2
BRH:0
end_of_record
TN:
SF:/Users/kamaljain/Desktop/Desktop-04-11-2022/pesto-project/wedly-fr/app/containers/EinvitePage/saga.js
FN:4,einvitePageSaga
FNF:1
FNH:0
FNDA:0,einvitePageSaga
LF:0
LH:0
BRF:0
BRH:0
end_of_record
TN:
SF:/Users/kamaljain/Desktop/Desktop-04-11-2022/pesto-project/wedly-fr/app/containers/EinvitePage/selectors.js
FN:8,(anonymous_0)
FN:18,(anonymous_1)
FN:21,(anonymous_2)
FNF:3
FNH:0
FNDA:0,(anonymous_0)
FNDA:0,(anonymous_1)
FNDA:0,(anonymous_2)
DA:8,0
DA:18,0
DA:19,0
DA:21,0
LF:4
LH:0
BRDA:8,0,0,0
BRDA:8,0,1,0
BRF:2
BRH:0
end_of_record
TN:
SF:/Users/kamaljain/Desktop/Desktop-04-11-2022/pesto-project/wedly-fr/app/containers/EventsPage/actions.js
FNF:0
FNH:0
LF:0
LH:0
BRF:0
BRH:0
end_of_record
TN:
SF:/Users/kamaljain/Desktop/Desktop-04-11-2022/pesto-project/wedly-fr/app/containers/EventsPage/constants.js
FNF:0
FNH:0
DA:7,0
DA:8,0
DA:9,0
DA:10,0
DA:12,0
DA:14,0
DA:15,0
DA:16,0
DA:17,0
DA:18,0
DA:19,0
DA:20,0
DA:21,0
DA:22,0
DA:23,0
DA:24,0
DA:25,0
DA:26,0
LF:18
LH:0
BRF:0
BRH:0
end_of_record
TN:
SF:/Users/kamaljain/Desktop/Desktop-04-11-2022/pesto-project/wedly-fr/app/containers/EventsPage/index.js
FN:36,EventsPage
FN:53,(anonymous_1)
FN:56,(anonymous_2)
FN:60,(anonymous_3)
FN:99,mapDispatchToProps
FN:101,(anonymous_5)
FN:104,(anonymous_6)
FN:107,(anonymous_7)
FN:110,(anonymous_8)
FN:118,(anonymous_9)
FNF:10
FNH:0
FNDA:0,EventsPage
FNDA:0,(anonymous_1)
FNDA:0,(anonymous_2)
FNDA:0,(anonymous_3)
FNDA:0,mapDispatchToProps
FNDA:0,(anonymous_5)
FNDA:0,(anonymous_6)
FNDA:0,(anonymous_7)
FNDA:0,(anonymous_8)
FNDA:0,(anonymous_9)
DA:28,0
DA:47,0
DA:48,0
DA:49,0
DA:50,0
DA:51,0
DA:53,0
DA:54,0
DA:56,0
DA:57,0
DA:60,0
DA:61,0
DA:64,0
DA:92,0
DA:100,0
DA:102,0
DA:105,0
DA:108,0
DA:111,0
DA:119,0
DA:124,0
LF:21
LH:0
BRDA:57,0,0,0
BRDA:57,0,1,0
BRDA:61,1,0,0
BRDA:61,1,1,0
BRDA:85,2,0,0
BRDA:85,2,1,0
BRF:6
BRH:0
end_of_record
TN:
SF:/Users/kamaljain/Desktop/Desktop-04-11-2022/pesto-project/wedly-fr/app/containers/EventsPage/messages.js
FNF:0
FNH:0
DA:9,0
LF:1
LH:0
BRF:0
BRH:0
end_of_record
TN:
SF:/Users/kamaljain/Desktop/Desktop-04-11-2022/pesto-project/wedly-fr/app/containers/EventsPage/reducer.js
FN:34,(anonymous_0)
FN:35,(anonymous_1)
FN:83,(anonymous_2)
FN:103,(anonymous_3)
FNF:4
FNH:0
FNDA:0,(anonymous_0)
FNDA:0,(anonymous_1)
FNDA:0,(anonymous_2)
FNDA:0,(anonymous_3)
DA:28,0
DA:34,0
DA:35,0
DA:36,0
DA:38,0
DA:39,0
DA:42,0
DA:43,0
DA:44,0
DA:47,0
DA:48,0
DA:51,0
DA:52,0
DA:55,0
DA:56,0
DA:57,0
DA:60,0
DA:61,0
DA:64,0
DA:65,0
DA:68,0
DA:69,0
DA:70,0
DA:73,0
DA:74,0
DA:77,0
DA:78,0
DA:81,0
DA:84,0
DA:90,0
DA:91,0
DA:94,0
DA:95,0
DA:98,0
DA:99,0
DA:102,0
DA:103,0
DA:105,0
DA:106,0
DA:109,0
DA:110,0
DA:113,0
DA:114,0
DA:117,0
DA:118,0
DA:121,0
DA:122,0
LF:47
LH:0
BRDA:34,0,0,0
BRDA:36,1,0,0
BRDA:36,1,1,0
BRDA:36,1,2,0
BRDA:36,1,3,0
BRDA:36,1,4,0
BRDA:36,1,5,0
BRDA:36,1,6,0
BRDA:36,1,7,0
BRDA:36,1,8,0
BRDA:36,1,9,0
BRDA:36,1,10,0
BRDA:36,1,11,0
BRDA:36,1,12,0
BRDA:36,1,13,0
BRDA:36,1,14,0
BRDA:36,1,15,0
BRDA:36,1,16,0
BRDA:36,1,17,0
BRDA:84,2,0,0
BRDA:84,2,1,0
BRF:21
BRH:0
end_of_record
TN:
SF:/Users/kamaljain/Desktop/Desktop-04-11-2022/pesto-project/wedly-fr/app/containers/EventsPage/saga.js
FN:37,addEvent
FN:52,getEvents
FN:57,deleteEvent
FN:62,addMultipleEvents
FN:67,updateEvent
FN:72,sendReminder
FN:80,addEventSaga
FN:99,addMultipleEventsSaga
FN:110,getEventSaga
FN:119,updateEventSaga
FN:130,deleteEventSaga
FN:142,remindSaga
FN:159,watcherSaga
FNF:13
FNH:0
FNDA:0,addEvent
FNDA:0,getEvents
FNDA:0,deleteEvent
FNDA:0,addMultipleEvents
FNDA:0,updateEvent
FNDA:0,sendReminder
FNDA:0,addEventSaga
FNDA:0,addMultipleEventsSaga
FNDA:0,getEventSaga
FNDA:0,updateEventSaga
FNDA:0,deleteEventSaga
FNDA:0,remindSaga
FNDA:0,watcherSaga
DA:38,0
DA:39,0
DA:40,0
DA:42,0
DA:43,0
DA:45,0
DA:46,0
DA:47,0
DA:48,0
DA:49,0
DA:53,0
DA:54,0
DA:58,0
DA:59,0
DA:63,0
DA:64,0
DA:68,0
DA:69,0
DA:73,0
DA:81,0
DA:82,0
DA:91,0
DA:92,0
DA:94,0
DA:95,0
DA:100,0
DA:101,0
DA:102,0
DA:103,0
DA:105,0
DA:106,0
DA:111,0
DA:112,0
DA:113,0
DA:115,0
DA:120,0
DA:121,0
DA:122,0
DA:123,0
DA:125,0
DA:126,0
DA:131,0
DA:132,0
DA:134,0
DA:135,0
DA:137,0
DA:138,0
DA:143,0
DA:144,0
DA:151,0
DA:152,0
DA:154,0
DA:155,0
DA:160,0
DA:161,0
DA:162,0
DA:163,0
DA:164,0
DA:165,0
LF:59
LH:0
BRDA:39,0,0,0
BRDA:39,0,1,0
BRDA:42,1,0,0
BRDA:42,1,1,0
BRF:4
BRH:0
end_of_record
TN:
SF:/Users/kamaljain/Desktop/Desktop-04-11-2022/pesto-project/wedly-fr/app/containers/EventsPage/selectors.js
FN:8,(anonymous_0)
FN:18,(anonymous_1)
FN:21,(anonymous_2)
FN:24,(anonymous_3)
FN:27,(anonymous_4)
FNF:5
FNH:0
FNDA:0,(anonymous_0)
FNDA:0,(anonymous_1)
FNDA:0,(anonymous_2)
FNDA:0,(anonymous_3)
FNDA:0,(anonymous_4)
DA:8,0
DA:18,0
DA:19,0
DA:21,0
DA:24,0
DA:25,0
DA:27,0
LF:7
LH:0
BRDA:8,0,0,0
BRDA:8,0,1,0
BRF:2
BRH:0
end_of_record
TN:
SF:/Users/kamaljain/Desktop/Desktop-04-11-2022/pesto-project/wedly-fr/app/containers/FeaturePage/List.js
FNF:0
FNH:0
DA:3,0
LF:1
LH:0
BRF:0
BRH:0
end_of_record
TN:
SF:/Users/kamaljain/Desktop/Desktop-04-11-2022/pesto-project/wedly-fr/app/containers/FeaturePage/ListItem.js
FNF:0
FNH:0
DA:3,0
LF:1
LH:0
BRF:0
BRH:0
end_of_record
TN:
SF:/Users/kamaljain/Desktop/Desktop-04-11-2022/pesto-project/wedly-fr/app/containers/FeaturePage/ListItemTitle.js
FNF:0
FNH:0
DA:3,0
LF:1
LH:0
BRF:0
BRH:0
end_of_record
TN:
SF:/Users/kamaljain/Desktop/Desktop-04-11-2022/pesto-project/wedly-fr/app/containers/FeaturePage/index.js
FN:16,FeaturePage
FNF:1
FNH:0
FNDA:0,FeaturePage
DA:17,0
LF:1
LH:0
BRF:0
BRH:0
end_of_record
TN:
SF:/Users/kamaljain/Desktop/Desktop-04-11-2022/pesto-project/wedly-fr/app/containers/FeaturePage/messages.js
FNF:0
FNH:0
DA:8,0
LF:1
LH:0
BRF:0
BRH:0
end_of_record
TN:
SF:/Users/kamaljain/Desktop/Desktop-04-11-2022/pesto-project/wedly-fr/app/containers/GuestEInvite/actions.js
FN:9,defaultAction
FNF:1
FNH:0
FNDA:0,defaultAction
DA:10,0
LF:1
LH:0
BRF:0
BRH:0
end_of_record
TN:
SF:/Users/kamaljain/Desktop/Desktop-04-11-2022/pesto-project/wedly-fr/app/containers/GuestEInvite/constants.js
FNF:0
FNH:0
DA:7,0
DA:8,0
DA:9,0
DA:10,0
LF:4
LH:0
BRF:0
BRH:0
end_of_record
TN:
SF:/Users/kamaljain/Desktop/Desktop-04-11-2022/pesto-project/wedly-fr/app/containers/GuestEInvite/index.js
FN:43,GuestEInvite
FN:48,(anonymous_1)
FN:54,(anonymous_2)
FN:57,(anonymous_3)
FN:64,(anonymous_4)
FN:71,(anonymous_5)
FN:91,(anonymous_6)
FN:108,(anonymous_7)
FN:168,(anonymous_8)
FN:183,(anonymous_9)
FN:205,mapDispatchToProps
FN:207,(anonymous_11)
FNF:12
FNH:0
FNDA:0,GuestEInvite
FNDA:0,(anonymous_1)
FNDA:0,(anonymous_2)
FNDA:0,(anonymous_3)
FNDA:0,(anonymous_4)
FNDA:0,(anonymous_5)
FNDA:0,(anonymous_6)
FNDA:0,(anonymous_7)
FNDA:0,(anonymous_8)
FNDA:0,(anonymous_9)
FNDA:0,mapDispatchToProps
FNDA:0,(anonymous_11)
DA:19,0
DA:27,0
DA:34,0
DA:44,0
DA:45,0
DA:46,0
DA:48,0
DA:49,0
DA:51,0
DA:52,0
DA:53,0
DA:54,0
DA:55,0
DA:56,0
DA:57,0
DA:58,0
DA:59,0
DA:61,0
DA:64,0
DA:65,0
DA:72,0
DA:73,0
DA:78,0
DA:80,0
DA:87,0
DA:88,0
DA:91,0
DA:92,0
DA:93,0
DA:97,0
DA:98,0
DA:99,0
DA:101,0
DA:104,0
DA:109,0
DA:169,0
DA:183,0
DA:200,0
DA:206,0
DA:208,0
DA:213,0
LF:41
LH:0
BRDA:56,0,0,0
BRDA:56,0,1,0
BRDA:58,1,0,0
BRDA:58,1,1,0
BRDA:105,2,0,0
BRDA:105,2,1,0
BRDA:106,3,0,0
BRDA:106,3,1,0
BRDA:109,4,0,0
BRDA:109,4,1,0
BRDA:124,5,0,0
BRDA:124,5,1,0
BRDA:141,6,0,0
BRDA:141,6,1,0
BRDA:147,7,0,0
BRDA:147,7,1,0
BRDA:165,8,0,0
BRDA:165,8,1,0
BRDA:193,9,0,0
BRDA:193,9,1,0
BRF:20
BRH:0
end_of_record
TN:
SF:/Users/kamaljain/Desktop/Desktop-04-11-2022/pesto-project/wedly-fr/app/containers/GuestEInvite/reducer.js
FN:20,(anonymous_0)
FN:21,(anonymous_1)
FNF:2
FNH:0
FNDA:0,(anonymous_0)
FNDA:0,(anonymous_1)
DA:14,0
DA:20,0
DA:21,0
DA:22,0
DA:24,0
DA:25,0
DA:27,0
DA:28,0
DA:29,0
DA:32,0
DA:33,0
DA:35,0
LF:12
LH:0
BRDA:20,0,0,0
BRDA:22,1,0,0
BRDA:22,1,1,0
BRDA:22,1,2,0
BRDA:22,1,3,0
BRF:5
BRH:0
end_of_record
TN:
SF:/Users/kamaljain/Desktop/Desktop-04-11-2022/pesto-project/wedly-fr/app/containers/GuestEInvite/saga.js
FN:9,getEinviteDetails
FN:14,getEinviteSaga
FN:23,guestEinviteSaga
FNF:3
FNH:0
FNDA:0,getEinviteDetails
FNDA:0,getEinviteSaga
FNDA:0,guestEinviteSaga
DA:10,0
DA:11,0
DA:15,0
DA:16,0
DA:17,0
DA:19,0
DA:24,0
LF:7
LH:0
BRF:0
BRH:0
end_of_record
TN:
SF:/Users/kamaljain/Desktop/Desktop-04-11-2022/pesto-project/wedly-fr/app/containers/GuestEInvite/selectors.js
FN:8,(anonymous_0)
FN:18,(anonymous_1)
FN:21,(anonymous_2)
FN:24,(anonymous_3)
FN:27,(anonymous_4)
FNF:5
FNH:0
FNDA:0,(anonymous_0)
FNDA:0,(anonymous_1)
FNDA:0,(anonymous_2)
FNDA:0,(anonymous_3)
FNDA:0,(anonymous_4)
DA:8,0
DA:18,0
DA:19,0
DA:21,0
DA:24,0
DA:25,0
DA:27,0
LF:7
LH:0
BRDA:8,0,0,0
BRDA:8,0,1,0
BRF:2
BRH:0
end_of_record
TN:
SF:/Users/kamaljain/Desktop/Desktop-04-11-2022/pesto-project/wedly-fr/app/containers/GuestsPage/actions.js
FN:9,defaultAction
FNF:1
FNH:0
FNDA:0,defaultAction
DA:10,0
LF:1
LH:0
BRF:0
BRH:0
end_of_record
TN:
SF:/Users/kamaljain/Desktop/Desktop-04-11-2022/pesto-project/wedly-fr/app/containers/GuestsPage/constants.js
FNF:0
FNH:0
DA:7,0
DA:8,0
DA:9,0
DA:10,0
DA:12,0
DA:14,0
DA:15,0
DA:16,0
DA:17,0
DA:18,0
DA:19,0
DA:20,0
DA:21,0
DA:22,0
DA:23,0
DA:24,0
DA:25,0
DA:26,0
LF:18
LH:0
BRF:0
BRH:0
end_of_record
TN:
SF:/Users/kamaljain/Desktop/Desktop-04-11-2022/pesto-project/wedly-fr/app/containers/GuestsPage/index.js
FN:28,GuestsPage
FN:43,(anonymous_1)
FN:46,(anonymous_2)
FN:50,(anonymous_3)
FN:58,(anonymous_4)
FN:61,(anonymous_5)
FN:77,(anonymous_6)
FN:129,mapDispatchToProps
FN:131,(anonymous_8)
FN:134,(anonymous_9)
FN:137,(anonymous_10)
FN:140,(anonymous_11)
FNF:12
FNH:0
FNDA:0,GuestsPage
FNDA:0,(anonymous_1)
FNDA:0,(anonymous_2)
FNDA:0,(anonymous_3)
FNDA:0,(anonymous_4)
FNDA:0,(anonymous_5)
FNDA:0,(anonymous_6)
FNDA:0,mapDispatchToProps
FNDA:0,(anonymous_8)
FNDA:0,(anonymous_9)
FNDA:0,(anonymous_10)
FNDA:0,(anonymous_11)
DA:20,0
DA:37,0
DA:38,0
DA:39,0
DA:40,0
DA:41,0
DA:42,0
DA:43,0
DA:44,0
DA:46,0
DA:47,0
DA:50,0
DA:51,0
DA:52,0
DA:54,0
DA:58,0
DA:59,0
DA:60,0
DA:61,0
DA:62,0
DA:63,0
DA:75,0
DA:77,0
DA:78,0
DA:80,0
DA:89,0
DA:123,0
DA:130,0
DA:132,0
DA:135,0
DA:138,0
DA:141,0
DA:145,0
LF:33
LH:0
BRDA:47,0,0,0
BRDA:47,0,1,0
BRDA:51,1,0,0
BRDA:51,1,1,0
BRDA:60,2,0,0
BRDA:60,2,1,0
BRDA:62,3,0,0
BRDA:62,3,1,0
BRDA:63,4,0,0
BRDA:63,4,1,0
BRDA:78,5,0,0
BRDA:78,5,1,0
BRDA:116,6,0,0
BRDA:116,6,1,0
BRF:14
BRH:0
end_of_record
TN:
SF:/Users/kamaljain/Desktop/Desktop-04-11-2022/pesto-project/wedly-fr/app/containers/GuestsPage/messages.js
FNF:0
FNH:0
DA:9,0
LF:1
LH:0
BRF:0
BRH:0
end_of_record
TN:
SF:/Users/kamaljain/Desktop/Desktop-04-11-2022/pesto-project/wedly-fr/app/containers/GuestsPage/reducer.js
FN:34,(anonymous_0)
FN:35,(anonymous_1)
FN:83,(anonymous_2)
FN:103,(anonymous_3)
FNF:4
FNH:0
FNDA:0,(anonymous_0)
FNDA:0,(anonymous_1)
FNDA:0,(anonymous_2)
FNDA:0,(anonymous_3)
DA:28,0
DA:34,0
DA:35,0
DA:36,0
DA:38,0
DA:39,0
DA:42,0
DA:43,0
DA:44,0
DA:47,0
DA:48,0
DA:51,0
DA:52,0
DA:55,0
DA:56,0
DA:57,0
DA:60,0
DA:61,0
DA:64,0
DA:65,0
DA:68,0
DA:69,0
DA:70,0
DA:73,0
DA:74,0
DA:77,0
DA:78,0
DA:81,0
DA:84,0
DA:90,0
DA:91,0
DA:94,0
DA:95,0
DA:98,0
DA:99,0
DA:102,0
DA:103,0
DA:105,0
DA:106,0
DA:109,0
DA:110,0
DA:113,0
DA:114,0
DA:117,0
DA:118,0
DA:121,0
DA:122,0
LF:47
LH:0
BRDA:34,0,0,0
BRDA:36,1,0,0
BRDA:36,1,1,0
BRDA:36,1,2,0
BRDA:36,1,3,0
BRDA:36,1,4,0
BRDA:36,1,5,0
BRDA:36,1,6,0
BRDA:36,1,7,0
BRDA:36,1,8,0
BRDA:36,1,9,0
BRDA:36,1,10,0
BRDA:36,1,11,0
BRDA:36,1,12,0
BRDA:36,1,13,0
BRDA:36,1,14,0
BRDA:36,1,15,0
BRDA:36,1,16,0
BRDA:36,1,17,0
BRDA:84,2,0,0
BRDA:84,2,1,0
BRF:21
BRH:0
end_of_record
TN:
SF:/Users/kamaljain/Desktop/Desktop-04-11-2022/pesto-project/wedly-fr/app/containers/GuestsPage/saga.js
FN:37,addGuest
FN:46,getGuests
FN:51,deleteGuest
FN:56,addMultipleGuests
FN:61,updateGuest
FN:66,sendInvite
FN:76,addGuestSaga
FN:92,addMultipleGuestsSaga
FN:103,getGuestSaga
FN:112,updateGuestSaga
FN:123,deleteGuestSaga
FN:134,inviteSaga
FN:151,watcherSaga
FNF:13
FNH:0
FNDA:0,addGuest
FNDA:0,getGuests
FNDA:0,deleteGuest
FNDA:0,addMultipleGuests
FNDA:0,updateGuest
FNDA:0,sendInvite
FNDA:0,addGuestSaga
FNDA:0,addMultipleGuestsSaga
FNDA:0,getGuestSaga
FNDA:0,updateGuestSaga
FNDA:0,deleteGuestSaga
FNDA:0,inviteSaga
FNDA:0,watcherSaga
DA:38,0
DA:43,0
DA:47,0
DA:48,0
DA:52,0
DA:53,0
DA:57,0
DA:58,0
DA:62,0
DA:63,0
DA:67,0
DA:73,0
DA:77,0
DA:78,0
DA:84,0
DA:85,0
DA:87,0
DA:88,0
DA:93,0
DA:94,0
DA:95,0
DA:96,0
DA:98,0
DA:99,0
DA:104,0
DA:105,0
DA:106,0
DA:108,0
DA:113,0
DA:114,0
DA:115,0
DA:116,0
DA:118,0
DA:119,0
DA:124,0
DA:125,0
DA:126,0
DA:127,0
DA:129,0
DA:130,0
DA:135,0
DA:136,0
DA:143,0
DA:144,0
DA:146,0
DA:147,0
DA:152,0
DA:153,0
DA:154,0
DA:155,0
DA:156,0
DA:157,0
LF:52
LH:0
BRF:0
BRH:0
end_of_record
TN:
SF:/Users/kamaljain/Desktop/Desktop-04-11-2022/pesto-project/wedly-fr/app/containers/GuestsPage/selectors.js
FN:8,(anonymous_0)
FN:18,(anonymous_1)
FN:21,(anonymous_2)
FN:24,(anonymous_3)
FN:27,(anonymous_4)
FNF:5
FNH:0
FNDA:0,(anonymous_0)
FNDA:0,(anonymous_1)
FNDA:0,(anonymous_2)
FNDA:0,(anonymous_3)
FNDA:0,(anonymous_4)
DA:8,0
DA:18,0
DA:19,0
DA:21,0
DA:24,0
DA:25,0
DA:27,0
LF:7
LH:0
BRDA:8,0,0,0
BRDA:8,0,1,0
BRF:2
BRH:0
end_of_record
TN:
SF:/Users/kamaljain/Desktop/Desktop-04-11-2022/pesto-project/wedly-fr/app/containers/HomePage/AtPrefix.js
FNF:0
FNH:0
DA:3,0
LF:1
LH:0
BRF:0
BRH:0
end_of_record
TN:
SF:/Users/kamaljain/Desktop/Desktop-04-11-2022/pesto-project/wedly-fr/app/containers/HomePage/CenteredSection.js
FNF:0
FNH:0
DA:4,0
LF:1
LH:0
BRF:0
BRH:0
end_of_record
TN:
SF:/Users/kamaljain/Desktop/Desktop-04-11-2022/pesto-project/wedly-fr/app/containers/HomePage/Form.js
FNF:0
FNH:0
DA:3,0
LF:1
LH:0
BRF:0
BRH:0
end_of_record
TN:
SF:/Users/kamaljain/Desktop/Desktop-04-11-2022/pesto-project/wedly-fr/app/containers/HomePage/Input.js
FNF:0
FNH:0
DA:3,0
LF:1
LH:0
BRF:0
BRH:0
end_of_record
TN:
SF:/Users/kamaljain/Desktop/Desktop-04-11-2022/pesto-project/wedly-fr/app/containers/HomePage/Section.js
FNF:0
FNH:0
DA:3,0
LF:1
LH:0
BRF:0
BRH:0
end_of_record
TN:
SF:/Users/kamaljain/Desktop/Desktop-04-11-2022/pesto-project/wedly-fr/app/containers/HomePage/actions.js
FN:28,changeUsername
FN:35,toggleModal
FNF:2
FNH:0
FNDA:0,changeUsername
FNDA:0,toggleModal
DA:29,0
DA:36,0
LF:2
LH:0
BRF:0
BRH:0
end_of_record
TN:
SF:/Users/kamaljain/Desktop/Desktop-04-11-2022/pesto-project/wedly-fr/app/containers/HomePage/constants.js
FNF:0
FNH:0
DA:12,0
DA:13,0
DA:14,0
DA:15,0
DA:16,0
DA:17,0
DA:18,0
DA:19,0
DA:20,0
DA:21,0
LF:10
LH:0
BRF:0
BRH:0
end_of_record
TN:
SF:/Users/kamaljain/Desktop/Desktop-04-11-2022/pesto-project/wedly-fr/app/containers/HomePage/index.js
FN:42,HomePage
FN:44,(anonymous_1)
FN:55,(anonymous_2)
FN:94,mapDispatchToProps
FN:96,(anonymous_4)
FNF:5
FNH:0
FNDA:0,HomePage
FNDA:0,(anonymous_1)
FNDA:0,(anonymous_2)
FNDA:0,mapDispatchToProps
FNDA:0,(anonymous_4)
DA:32,0
DA:34,0
DA:43,0
DA:44,0
DA:45,0
DA:46,0
DA:47,0
DA:51,0
DA:55,0
DA:56,0
DA:57,0
DA:61,0
DA:84,0
DA:89,0
DA:95,0
DA:97,0
DA:102,0
LF:17
LH:0
BRDA:45,0,0,0
BRDA:45,0,1,0
BRDA:47,1,0,0
BRDA:47,1,1,0
BRDA:48,2,0,0
BRDA:48,2,1,0
BRDA:56,3,0,0
BRDA:56,3,1,0
BRDA:70,4,0,0
BRDA:70,4,1,0
BRDA:70,5,0,0
BRDA:70,5,1,0
BRDA:76,6,0,0
BRDA:76,6,1,0
BRDA:77,7,0,0
BRDA:77,7,1,0
BRF:16
BRH:0
end_of_record
TN:
SF:/Users/kamaljain/Desktop/Desktop-04-11-2022/pesto-project/wedly-fr/app/containers/HomePage/messages.js
FNF:0
FNH:0
DA:8,0
LF:1
LH:0
BRF:0
BRH:0
end_of_record
TN:
SF:/Users/kamaljain/Desktop/Desktop-04-11-2022/pesto-project/wedly-fr/app/containers/HomePage/reducer.js
FN:34,(anonymous_0)
FN:35,(anonymous_1)
FNF:2
FNH:0
FNDA:0,(anonymous_0)
FNDA:0,(anonymous_1)
DA:24,0
DA:34,0
DA:35,0
DA:36,0
DA:38,0
DA:39,0
DA:40,0
DA:41,0
DA:42,0
DA:43,0
DA:46,0
DA:47,0
DA:48,0
DA:49,0
DA:52,0
DA:53,0
DA:54,0
DA:55,0
DA:58,0
DA:59,0
DA:62,0
DA:63,0
DA:64,0
DA:65,0
DA:68,0
DA:69,0
DA:70,0
DA:73,0
DA:76,0
DA:77,0
DA:78,0
DA:80,0
DA:82,0
DA:83,0
DA:86,0
DA:87,0
LF:36
LH:0
BRDA:34,0,0,0
BRDA:36,1,0,0
BRDA:36,1,1,0
BRDA:36,1,2,0
BRDA:36,1,3,0
BRDA:36,1,4,0
BRDA:36,1,5,0
BRDA:36,1,6,0
BRDA:36,1,7,0
BRDA:36,1,8,0
BRDA:76,2,0,0
BRDA:76,2,1,0
BRDA:76,3,0,0
BRDA:76,3,1,0
BRF:14
BRH:0
end_of_record
TN:
SF:/Users/kamaljain/Desktop/Desktop-04-11-2022/pesto-project/wedly-fr/app/containers/HomePage/saga.js
FN:23,signIn
FN:32,signOut
FN:38,getAuthState
FN:47,signinSaga
FN:58,signoutSaga
FN:70,authStateSaga
FN:79,watcherSaga
FNF:7
FNH:0
FNDA:0,signIn
FNDA:0,signOut
FNDA:0,getAuthState
FNDA:0,signinSaga
FNDA:0,signoutSaga
FNDA:0,authStateSaga
FNDA:0,watcherSaga
DA:24,0
DA:28,0
DA:29,0
DA:33,0
DA:34,0
DA:35,0
DA:39,0
DA:40,0
DA:41,0
DA:43,0
DA:44,0
DA:48,0
DA:49,0
DA:50,0
DA:51,0
DA:53,0
DA:54,0
DA:59,0
DA:60,0
DA:61,0
DA:62,0
DA:63,0
DA:65,0
DA:66,0
DA:71,0
DA:72,0
DA:73,0
DA:75,0
DA:80,0
DA:81,0
DA:82,0
LF:31
LH:0
BRDA:41,0,0,0
BRDA:41,0,1,0
BRF:2
BRH:0
end_of_record
TN:
SF:/Users/kamaljain/Desktop/Desktop-04-11-2022/pesto-project/wedly-fr/app/containers/HomePage/selectors.js
FN:8,(anonymous_0)
FN:10,(anonymous_1)
FN:13,(anonymous_2)
FN:16,(anonymous_3)
FN:19,(anonymous_4)
FN:22,(anonymous_5)
FN:25,(anonymous_6)
FN:28,(anonymous_7)
FN:31,(anonymous_8)
FNF:9
FNH:0
FNDA:0,(anonymous_0)
FNDA:0,(anonymous_1)
FNDA:0,(anonymous_2)
FNDA:0,(anonymous_3)
FNDA:0,(anonymous_4)
FNDA:0,(anonymous_5)
FNDA:0,(anonymous_6)
FNDA:0,(anonymous_7)
FNDA:0,(anonymous_8)
DA:8,0
DA:10,0
DA:11,0
DA:13,0
DA:16,0
DA:17,0
DA:19,0
DA:22,0
DA:23,0
DA:25,0
DA:28,0
DA:29,0
DA:31,0
LF:13
LH:0
BRDA:8,0,0,0
BRDA:8,0,1,0
BRF:2
BRH:0
end_of_record
TN:
SF:/Users/kamaljain/Desktop/Desktop-04-11-2022/pesto-project/wedly-fr/app/containers/LanguageProvider/actions.js
FN:9,changeLocale
FNF:1
FNH:0
FNDA:0,changeLocale
DA:10,0
LF:1
LH:0
BRF:0
BRH:0
end_of_record
TN:
SF:/Users/kamaljain/Desktop/Desktop-04-11-2022/pesto-project/wedly-fr/app/containers/LanguageProvider/constants.js
FNF:0
FNH:0
DA:7,5
LF:1
LH:1
BRF:0
BRH:0
end_of_record
TN:
SF:/Users/kamaljain/Desktop/Desktop-04-11-2022/pesto-project/wedly-fr/app/containers/LanguageProvider/index.js
FN:17,LanguageProvider
FN:37,(anonymous_1)
FNF:2
FNH:0
FNDA:0,LanguageProvider
FNDA:0,(anonymous_1)
DA:18,0
DA:29,0
DA:35,0
DA:37,0
LF:4
LH:0
BRF:0
BRH:0
end_of_record
TN:
SF:/Users/kamaljain/Desktop/Desktop-04-11-2022/pesto-project/wedly-fr/app/containers/LanguageProvider/reducer.js
FN:17,(anonymous_0)
FN:18,(anonymous_1)
FNF:2
FNH:2
FNDA:140,(anonymous_0)
FNDA:140,(anonymous_1)
DA:12,5
DA:17,5
DA:18,140
DA:19,140
DA:21,0
DA:22,0
LF:6
LH:4
BRDA:17,0,0,130
BRDA:19,1,0,0
BRF:2
BRH:1
end_of_record
TN:
SF:/Users/kamaljain/Desktop/Desktop-04-11-2022/pesto-project/wedly-fr/app/containers/LanguageProvider/selectors.js
FN:8,(anonymous_0)
FN:14,(anonymous_1)
FN:17,(anonymous_2)
FNF:3
FNH:0
FNDA:0,(anonymous_0)
FNDA:0,(anonymous_1)
FNDA:0,(anonymous_2)
DA:8,0
DA:14,0
DA:15,0
DA:17,0
LF:4
LH:0
BRDA:8,0,0,0
BRDA:8,0,1,0
BRF:2
BRH:0
end_of_record
TN:
SF:/Users/kamaljain/Desktop/Desktop-04-11-2022/pesto-project/wedly-fr/app/containers/LocaleToggle/Wrapper.js
FNF:0
FNH:0
DA:3,0
LF:1
LH:0
BRF:0
BRH:0
end_of_record
TN:
SF:/Users/kamaljain/Desktop/Desktop-04-11-2022/pesto-project/wedly-fr/app/containers/LocaleToggle/index.js
FN:19,LocaleToggle
FN:39,(anonymous_1)
FN:44,mapDispatchToProps
FN:46,(anonymous_3)
FNF:4
FNH:0
FNDA:0,LocaleToggle
FNDA:0,(anonymous_1)
FNDA:0,mapDispatchToProps
FNDA:0,(anonymous_3)
DA:20,0
DA:32,0
DA:37,0
DA:39,0
DA:45,0
DA:46,0
LF:6
LH:0
BRF:0
BRH:0
end_of_record
TN:
SF:/Users/kamaljain/Desktop/Desktop-04-11-2022/pesto-project/wedly-fr/app/containers/LocaleToggle/messages.js
FNF:0
FNH:0
DA:8,0
LF:1
LH:0
BRF:0
BRH:0
end_of_record
TN:
SF:/Users/kamaljain/Desktop/Desktop-04-11-2022/pesto-project/wedly-fr/app/containers/NotFoundPage/index.js
FN:10,NotFound
FN:25,(anonymous_1)
FNF:2
FNH:0
FNDA:0,NotFound
FNDA:0,(anonymous_1)
DA:11,0
DA:25,0
LF:2
LH:0
BRF:0
BRH:0
end_of_record
TN:
SF:/Users/kamaljain/Desktop/Desktop-04-11-2022/pesto-project/wedly-fr/app/containers/NotFoundPage/messages.js
FNF:0
FNH:0
DA:8,0
LF:1
LH:0
BRF:0
BRH:0
end_of_record
TN:
SF:/Users/kamaljain/Desktop/Desktop-04-11-2022/pesto-project/wedly-fr/app/containers/RepoListItem/IssueIcon.js
FNF:0
FNH:0
DA:5,0
LF:1
LH:0
BRF:0
BRH:0
end_of_record
TN:
SF:/Users/kamaljain/Desktop/Desktop-04-11-2022/pesto-project/wedly-fr/app/containers/RepoListItem/IssueLink.js
FNF:0
FNH:0
DA:4,0
LF:1
LH:0
BRF:0
BRH:0
end_of_record
TN:
SF:/Users/kamaljain/Desktop/Desktop-04-11-2022/pesto-project/wedly-fr/app/containers/RepoListItem/RepoLink.js
FNF:0
FNH:0
DA:4,0
LF:1
LH:0
BRF:0
BRH:0
end_of_record
TN:
SF:/Users/kamaljain/Desktop/Desktop-04-11-2022/pesto-project/wedly-fr/app/containers/RepoListItem/Wrapper.js
FNF:0
FNH:0
DA:3,0
LF:1
LH:0
BRF:0
BRH:0
end_of_record
TN:
SF:/Users/kamaljain/Desktop/Desktop-04-11-2022/pesto-project/wedly-fr/app/containers/RepoListItem/index.js
FN:20,RepoListItem
FNF:1
FNH:0
FNDA:0,RepoListItem
DA:21,0
DA:22,0
DA:26,0
DA:27,0
DA:32,0
DA:44,0
DA:47,0
LF:7
LH:0
BRDA:26,0,0,0
BRDA:26,0,1,0
BRF:2
BRH:0
end_of_record
TN:
SF:/Users/kamaljain/Desktop/Desktop-04-11-2022/pesto-project/wedly-fr/app/containers/SignupPage/actions.js
FNF:0
FNH:0
LF:0
LH:0
BRF:0
BRH:0
end_of_record
TN:
SF:/Users/kamaljain/Desktop/Desktop-04-11-2022/pesto-project/wedly-fr/app/containers/SignupPage/constants.js
FNF:0
FNH:0
DA:1,0
DA:2,0
DA:3,0
LF:3
LH:0
BRF:0
BRH:0
end_of_record
TN:
SF:/Users/kamaljain/Desktop/Desktop-04-11-2022/pesto-project/wedly-fr/app/containers/SignupPage/index.js
FN:26,SignupPage
FN:48,(anonymous_1)
FN:50,(anonymous_2)
FN:57,(anonymous_3)
FN:65,(anonymous_4)
FN:67,(anonymous_5)
FN:104,(anonymous_6)
FN:108,(anonymous_7)
FN:130,(anonymous_8)
FN:252,(anonymous_9)
FN:273,mapDispatchToProps
FN:275,(anonymous_11)
FN:278,(anonymous_12)
FNF:13
FNH:0
FNDA:0,SignupPage
FNDA:0,(anonymous_1)
FNDA:0,(anonymous_2)
FNDA:0,(anonymous_3)
FNDA:0,(anonymous_4)
FNDA:0,(anonymous_5)
FNDA:0,(anonymous_6)
FNDA:0,(anonymous_7)
FNDA:0,(anonymous_8)
FNDA:0,(anonymous_9)
FNDA:0,mapDispatchToProps
FNDA:0,(anonymous_11)
FNDA:0,(anonymous_12)
DA:17,0
DA:25,0
DA:27,0
DA:28,0
DA:29,0
DA:37,0
DA:46,0
DA:48,0
DA:49,0
DA:50,0
DA:54,0
DA:57,0
DA:58,0
DA:65,0
DA:66,0
DA:67,0
DA:68,0
DA:70,0
DA:72,0
DA:73,0
DA:74,0
DA:75,0
DA:77,0
DA:79,0
DA:80,0
DA:81,0
DA:82,0
DA:85,0
DA:89,0
DA:92,0
DA:93,0
DA:94,0
DA:95,0
DA:97,0
DA:100,0
DA:104,0
DA:105,0
DA:108,0
DA:109,0
DA:110,0
DA:111,0
DA:114,0
DA:130,0
DA:252,0
DA:267,0
DA:274,0
DA:276,0
DA:279,0
DA:284,0
LF:49
LH:0
BRDA:70,0,0,0
BRDA:70,0,1,0
BRDA:70,0,2,0
BRDA:72,1,0,0
BRDA:72,1,1,0
BRDA:74,2,0,0
BRDA:74,2,1,0
BRDA:79,3,0,0
BRDA:79,3,1,0
BRDA:81,4,0,0
BRDA:81,4,1,0
BRDA:81,5,0,0
BRDA:81,5,1,0
BRDA:85,6,0,0
BRDA:85,6,1,0
BRDA:92,7,0,0
BRDA:92,7,1,0
BRDA:94,8,0,0
BRDA:94,8,1,0
BRDA:94,9,0,0
BRDA:94,9,1,0
BRDA:118,10,0,0
BRDA:118,10,1,0
BRDA:118,11,0,0
BRDA:118,11,1,0
BRDA:181,12,0,0
BRDA:181,12,1,0
BRDA:201,13,0,0
BRDA:201,13,1,0
BRDA:221,14,0,0
BRDA:221,14,1,0
BRDA:259,15,0,0
BRDA:259,15,1,0
BRDA:260,16,0,0
BRDA:260,16,1,0
BRF:35
BRH:0
end_of_record
TN:
SF:/Users/kamaljain/Desktop/Desktop-04-11-2022/pesto-project/wedly-fr/app/containers/SignupPage/reducer.js
FN:15,(anonymous_0)
FN:16,(anonymous_1)
FNF:2
FNH:0
FNDA:0,(anonymous_0)
FNDA:0,(anonymous_1)
DA:5,0
DA:15,0
DA:16,0
DA:17,0
DA:19,0
DA:20,0
DA:21,0
DA:22,0
DA:23,0
DA:24,0
DA:25,0
DA:26,0
DA:29,0
DA:30,0
DA:31,0
DA:32,0
DA:35,0
DA:36,0
DA:37,0
DA:38,0
LF:20
LH:0
BRDA:15,0,0,0
BRDA:17,1,0,0
BRDA:17,1,1,0
BRDA:17,1,2,0
BRF:4
BRH:0
end_of_record
TN:
SF:/Users/kamaljain/Desktop/Desktop-04-11-2022/pesto-project/wedly-fr/app/containers/SignupPage/saga.js
FN:7,signup
FN:16,workerSaga
FN:34,watcherSaga
FNF:3
FNH:0
FNDA:0,signup
FNDA:0,workerSaga
FNDA:0,watcherSaga
DA:8,0
DA:13,0
DA:17,0
DA:18,0
DA:25,0
DA:26,0
DA:27,0
DA:29,0
DA:30,0
DA:35,0
LF:10
LH:0
BRF:0
BRH:0
end_of_record
TN:
SF:/Users/kamaljain/Desktop/Desktop-04-11-2022/pesto-project/wedly-fr/app/containers/SignupPage/selectors.js
FN:4,(anonymous_0)
FN:6,(anonymous_1)
FN:9,(anonymous_2)
FN:12,(anonymous_3)
FN:15,(anonymous_4)
FNF:5
FNH:0
FNDA:0,(anonymous_0)
FNDA:0,(anonymous_1)
FNDA:0,(anonymous_2)
FNDA:0,(anonymous_3)
FNDA:0,(anonymous_4)
DA:4,0
DA:6,0
DA:7,0
DA:9,0
DA:12,0
DA:13,0
DA:15,0
LF:7
LH:0
BRDA:4,0,0,0
BRDA:4,0,1,0
BRF:2
BRH:0
end_of_record
TN:
SF:/Users/kamaljain/Desktop/Desktop-04-11-2022/pesto-project/wedly-fr/app/utils/axios.js
FN:12,(anonymous_0)
FN:21,(anonymous_1)
FN:24,(anonymous_2)
FNF:3
FNH:0
FNDA:0,(anonymous_0)
FNDA:0,(anonymous_1)
FNDA:0,(anonymous_2)
DA:7,0
DA:12,0
DA:13,0
DA:14,0
DA:15,0
DA:17,0
DA:20,0
DA:22,0
DA:25,0
DA:29,0
DA:30,0
DA:31,0
DA:32,0
DA:33,0
LF:14
LH:0
BRDA:14,0,0,0
BRDA:14,0,1,0
BRDA:25,1,0,0
BRDA:25,1,1,0
BRDA:26,2,0,0
BRDA:26,2,1,0
BRDA:31,3,0,0
BRDA:31,3,1,0
BRF:8
BRH:0
end_of_record
TN:
SF:/Users/kamaljain/Desktop/Desktop-04-11-2022/pesto-project/wedly-fr/app/utils/checkStore.js
FN:7,checkStore
FNF:1
FNH:0
FNDA:0,checkStore
DA:8,0
DA:17,0
LF:2
LH:0
BRF:0
BRH:0
end_of_record
TN:
SF:/Users/kamaljain/Desktop/Desktop-04-11-2022/pesto-project/wedly-fr/app/utils/constants.js
FNF:0
FNH:0
DA:1,0
DA:2,0
DA:3,0
DA:5,0
DA:32,0
DA:68,0
LF:6
LH:0
BRF:0
BRH:0
end_of_record
TN:
SF:/Users/kamaljain/Desktop/Desktop-04-11-2022/pesto-project/wedly-fr/app/utils/deleteCookies.js
FN:1,(anonymous_0)
FNF:1
FNH:0
FNDA:0,(anonymous_0)
DA:1,0
DA:2,0
DA:4,0
DA:5,0
DA:6,0
DA:7,0
DA:8,0
LF:7
LH:0
BRDA:7,0,0,0
BRDA:7,0,1,0
BRF:2
BRH:0
end_of_record
TN:
SF:/Users/kamaljain/Desktop/Desktop-04-11-2022/pesto-project/wedly-fr/app/utils/eInviteTemplates.js
FNF:0
FNH:0
DA:1,0
LF:1
LH:0
BRF:0
BRH:0
end_of_record
TN:
SF:/Users/kamaljain/Desktop/Desktop-04-11-2022/pesto-project/wedly-fr/app/utils/functions.js
FN:1,(anonymous_0)
FN:12,(anonymous_1)
FN:20,(anonymous_2)
FNF:3
FNH:0
FNDA:0,(anonymous_0)
FNDA:0,(anonymous_1)
FNDA:0,(anonymous_2)
DA:1,0
DA:2,0
DA:3,0
DA:4,0
DA:5,0
DA:6,0
DA:7,0
DA:8,0
DA:9,0
DA:12,0
DA:13,0
DA:14,0
DA:15,0
DA:16,0
DA:17,0
DA:20,0
DA:21,0
DA:22,0
DA:23,0
DA:24,0
LF:20
LH:0
BRDA:6,0,0,0
BRDA:6,0,1,0
BRDA:7,1,0,0
BRDA:7,1,1,0
BRF:4
BRH:0
end_of_record
TN:
SF:/Users/kamaljain/Desktop/Desktop-04-11-2022/pesto-project/wedly-fr/app/utils/history.js
FNF:0
FNH:0
DA:2,5
LF:1
LH:1
BRF:0
BRH:0
end_of_record
TN:
SF:/Users/kamaljain/Desktop/Desktop-04-11-2022/pesto-project/wedly-fr/app/utils/injectReducer.js
FN:14,(anonymous_0)
FN:14,(anonymous_1)
FN:24,(anonymous_2)
FN:30,(anonymous_3)
FN:38,(anonymous_4)
FN:40,(anonymous_5)
FNF:6
FNH:0
FNDA:0,(anonymous_0)
FNDA:0,(anonymous_1)
FNDA:0,(anonymous_2)
FNDA:0,(anonymous_3)
FNDA:0,(anonymous_4)
FNDA:0,(anonymous_5)
DA:14,0
DA:25,0
DA:27,0
DA:31,0
DA:35,0
DA:38,0
DA:39,0
DA:40,0
DA:41,0
LF:9
LH:0
BRDA:20,0,0,0
BRDA:20,0,1,0
BRDA:20,0,2,0
BRF:3
BRH:0
end_of_record
TN:
SF:/Users/kamaljain/Desktop/Desktop-04-11-2022/pesto-project/wedly-fr/app/utils/injectSaga.js
FN:19,(anonymous_0)
FN:19,(anonymous_1)
FN:29,(anonymous_2)
FN:37,(anonymous_3)
FN:41,(anonymous_4)
FN:49,(anonymous_5)
FN:51,(anonymous_6)
FN:55,(anonymous_7)
FNF:8
FNH:0
FNDA:0,(anonymous_0)
FNDA:0,(anonymous_1)
FNDA:0,(anonymous_2)
FNDA:0,(anonymous_3)
FNDA:0,(anonymous_4)
FNDA:0,(anonymous_5)
FNDA:0,(anonymous_6)
FNDA:0,(anonymous_7)
DA:19,0
DA:30,0
DA:32,0
DA:34,0
DA:38,0
DA:42,0
DA:46,0
DA:49,0
DA:50,0
DA:51,0
DA:52,0
DA:53,0
DA:55,0
DA:56,0
LF:14
LH:0
BRDA:25,0,0,0
BRDA:25,0,1,0
BRDA:25,0,2,0
BRF:3
BRH:0
end_of_record
TN:
SF:/Users/kamaljain/Desktop/Desktop-04-11-2022/pesto-project/wedly-fr/app/utils/loadable.js
FN:3,(anonymous_0)
FN:6,(anonymous_1)
FNF:2
FNH:1
FNDA:2,(anonymous_0)
FNDA:0,(anonymous_1)
DA:3,1
DA:4,2
DA:6,2
DA:7,0
LF:4
LH:3
BRDA:3,0,0,0
BRDA:3,1,0,0
BRF:2
BRH:0
end_of_record
TN:
SF:/Users/kamaljain/Desktop/Desktop-04-11-2022/pesto-project/wedly-fr/app/utils/reducerInjectors.js
FN:7,injectReducerFactory
FN:8,injectReducer
FN:28,getInjectors
FNF:3
FNH:0
FNDA:0,injectReducerFactory
FNDA:0,injectReducer
FNDA:0,getInjectors
DA:8,0
DA:9,0
DA:11,0
DA:17,0
DA:21,0
DA:23,0
DA:24,0
DA:29,0
DA:31,0
LF:9
LH:0
BRDA:9,0,0,0
BRDA:9,0,1,0
BRDA:12,1,0,0
BRDA:12,1,1,0
BRDA:12,1,2,0
BRDA:17,2,0,0
BRDA:17,2,1,0
BRDA:18,3,0,0
BRDA:18,3,1,0
BRF:9
BRH:0
end_of_record
TN:
SF:/Users/kamaljain/Desktop/Desktop-04-11-2022/pesto-project/wedly-fr/app/utils/request.js
FN:8,parseJSON
FN:22,checkStatus
FN:40,request
FNF:3
FNH:0
FNDA:0,parseJSON
FNDA:0,checkStatus
FNDA:0,request
DA:9,0
DA:10,0
DA:12,0
DA:23,0
DA:24,0
DA:27,0
DA:28,0
DA:29,0
DA:41,0
LF:9
LH:0
BRDA:9,0,0,0
BRDA:9,0,1,0
BRDA:9,1,0,0
BRDA:9,1,1,0
BRDA:23,2,0,0
BRDA:23,2,1,0
BRDA:23,3,0,0
BRDA:23,3,1,0
BRF:8
BRH:0
end_of_record
TN:
SF:/Users/kamaljain/Desktop/Desktop-04-11-2022/pesto-project/wedly-fr/app/utils/sagaInjectors.js
FN:9,(anonymous_0)
FN:15,(anonymous_1)
FN:18,(anonymous_2)
FN:26,injectSagaFactory
FN:27,injectSaga
FN:64,ejectSagaFactory
FN:65,ejectSaga
FN:84,getInjectors
FNF:8
FNH:0
FNDA:0,(anonymous_0)
FNDA:0,(anonymous_1)
FNDA:0,(anonymous_2)
FNDA:0,injectSagaFactory
FNDA:0,injectSaga
FNDA:0,ejectSagaFactory
FNDA:0,ejectSaga
FNDA:0,getInjectors
DA:7,0
DA:9,0
DA:10,0
DA:15,0
DA:16,0
DA:18,0
DA:20,0
DA:27,0
DA:28,0
DA:30,0
DA:34,0
DA:36,0
DA:37,0
DA:39,0
DA:41,0
DA:42,0
DA:44,0
DA:45,0
DA:46,0
DA:50,0
DA:55,0
DA:65,0
DA:66,0
DA:68,0
DA:70,0
DA:71,0
DA:72,0
DA:73,0
DA:75,0
DA:77,0
DA:85,0
DA:87,0
LF:32
LH:0
BRDA:11,0,0,0
BRDA:11,0,1,0
BRDA:18,1,0,0
BRDA:18,1,1,0
BRDA:27,2,0,0
BRDA:28,3,0,0
BRDA:28,3,1,0
BRDA:32,4,0,0
BRDA:32,4,1,0
BRDA:41,5,0,0
BRDA:41,5,1,0
BRDA:44,6,0,0
BRDA:44,6,1,0
BRDA:44,7,0,0
BRDA:44,7,1,0
BRDA:50,8,0,0
BRDA:50,8,1,0
BRDA:51,9,0,0
BRDA:51,9,1,0
BRDA:51,9,2,0
BRDA:51,9,3,0
BRDA:66,10,0,0
BRDA:66,10,1,0
BRDA:70,11,0,0
BRDA:70,11,1,0
BRDA:72,12,0,0
BRDA:72,12,1,0
BRDA:72,13,0,0
BRDA:72,13,1,0
BRDA:75,14,0,0
BRDA:75,14,1,0
BRF:31
BRH:0
end_of_record
TN:
SF:/Users/kamaljain/Desktop/Desktop-04-11-2022/pesto-project/wedly-fr/app/utils/searchByName.js
FN:1,searchByName
FN:3,(anonymous_1)
FNF:2
FNH:0
FNDA:0,searchByName
FNDA:0,(anonymous_1)
DA:2,0
DA:3,0
LF:2
LH:0
BRF:0
BRH:0
end_of_record
TN:
SF:/Users/kamaljain/Desktop/Desktop-04-11-2022/pesto-project/wedly-fr/app/utils/states_cities.js
FNF:0
FNH:0
DA:1,0
DA:39,0
DA:40,0
DA:41,0
DA:43,0
DA:45,0
DA:47,0
DA:49,0
DA:51,0
DA:52,0
DA:54,0
DA:56,0
DA:58,0
DA:60,0
DA:62,0
DA:64,0
DA:66,0
DA:68,0
DA:70,0
DA:72,0
DA:74,0
DA:76,0
DA:78,0
DA:80,0
DA:82,0
DA:84,0
DA:86,0
DA:88,0
DA:90,0
DA:92,0
DA:94,0
DA:96,0
DA:98,0
DA:100,0
DA:102,0
DA:104,0
DA:106,0
DA:108,0
LF:38
LH:0
BRF:0
BRH:0
end_of_record
TN:
SF:/Users/kamaljain/Desktop/Desktop-04-11-2022/pesto-project/wedly-fr/app/utils/toast.js
FN:13,(anonymous_0)
FN:17,(anonymous_1)
FN:21,(anonymous_2)
FN:28,(anonymous_3)
FN:35,(anonymous_4)
FN:42,(anonymous_5)
FN:46,(anonymous_6)
FN:50,(anonymous_7)
FN:54,(anonymous_8)
FN:58,(anonymous_9)
FN:62,(anonymous_10)
FN:66,(anonymous_11)
FN:70,(anonymous_12)
FN:74,(anonymous_13)
FN:78,(anonymous_14)
FN:82,(anonymous_15)
FN:86,(anonymous_16)
FN:90,(anonymous_17)
FN:94,(anonymous_18)
FN:98,(anonymous_19)
FN:102,(anonymous_20)
FN:106,(anonymous_21)
FN:110,(anonymous_22)
FN:114,(anonymous_23)
FN:118,(anonymous_24)
FN:122,(anonymous_25)
FN:126,(anonymous_26)
FN:130,(anonymous_27)
FN:134,(anonymous_28)
FN:138,(anonymous_29)
FN:142,(anonymous_30)
FN:146,(anonymous_31)
FN:150,(anonymous_32)
FN:154,(anonymous_33)
FN:158,(anonymous_34)
FN:162,(anonymous_35)
FN:169,(anonymous_36)
FN:173,(anonymous_37)
FN:177,(anonymous_38)
FNF:39
FNH:0
FNDA:0,(anonymous_0)
FNDA:0,(anonymous_1)
FNDA:0,(anonymous_2)
FNDA:0,(anonymous_3)
FNDA:0,(anonymous_4)
FNDA:0,(anonymous_5)
FNDA:0,(anonymous_6)
FNDA:0,(anonymous_7)
FNDA:0,(anonymous_8)
FNDA:0,(anonymous_9)
FNDA:0,(anonymous_10)
FNDA:0,(anonymous_11)
FNDA:0,(anonymous_12)
FNDA:0,(anonymous_13)
FNDA:0,(anonymous_14)
FNDA:0,(anonymous_15)
FNDA:0,(anonymous_16)
FNDA:0,(anonymous_17)
FNDA:0,(anonymous_18)
FNDA:0,(anonymous_19)
FNDA:0,(anonymous_20)
FNDA:0,(anonymous_21)
FNDA:0,(anonymous_22)
FNDA:0,(anonymous_23)
FNDA:0,(anonymous_24)
FNDA:0,(anonymous_25)
FNDA:0,(anonymous_26)
FNDA:0,(anonymous_27)
FNDA:0,(anonymous_28)
FNDA:0,(anonymous_29)
FNDA:0,(anonymous_30)
FNDA:0,(anonymous_31)
FNDA:0,(anonymous_32)
FNDA:0,(anonymous_33)
FNDA:0,(anonymous_34)
FNDA:0,(anonymous_35)
FNDA:0,(anonymous_36)
FNDA:0,(anonymous_37)
FNDA:0,(anonymous_38)
DA:3,0
DA:13,0
DA:14,0
DA:17,0
DA:18,0
DA:21,0
DA:22,0
DA:28,0
DA:29,0
DA:35,0
DA:36,0
DA:42,0
DA:43,0
DA:46,0
DA:47,0
DA:50,0
DA:51,0
DA:54,0
DA:55,0
DA:58,0
DA:59,0
DA:62,0
DA:63,0
DA:66,0
DA:67,0
DA:70,0
DA:71,0
DA:74,0
DA:75,0
DA:78,0
DA:79,0
DA:82,0
DA:83,0
DA:86,0
DA:87,0
DA:90,0
DA:91,0
DA:94,0
DA:95,0
DA:98,0
DA:99,0
DA:102,0
DA:103,0
DA:106,0
DA:107,0
DA:110,0
DA:111,0
DA:114,0
DA:115,0
DA:118,0
DA:119,0
DA:122,0
DA:123,0
DA:126,0
DA:127,0
DA:130,0
DA:131,0
DA:134,0
DA:135,0
DA:138,0
DA:139,0
DA:142,0
DA:143,0
DA:146,0
DA:147,0
DA:150,0
DA:151,0
DA:154,0
DA:155,0
DA:158,0
DA:159,0
DA:162,0
DA:163,0
DA:169,0
DA:170,0
DA:173,0
DA:174,0
DA:177,0
DA:178,0
LF:79
LH:0
BRF:0
BRH:0
end_of_record
